2023-05-11 12:39:53.370 INFO  (main) [   ] o.e.j.u.log Logging initialized @2048ms to org.eclipse.jetty.util.log.Slf4jLog
2023-05-11 12:39:53.729 INFO  (main) [   ] o.e.j.s.Server jetty-9.4.44.v20210927; built: 2021-09-27T23:02:44.612Z; git: 8da83308eeca865e495e53ef315a249d63ba9332; jvm 20.0.1+9-29
2023-05-11 12:39:53.750 INFO  (main) [   ] o.e.j.d.p.ScanningAppProvider Deployment monitor [file:///C:/Users/shayl/OneDrive/Documents/Honors/Information%20Retrieval/IRAssignment/searchEngineETD/solr-8.11.2/server/contexts/] at interval 0
2023-05-11 12:39:54.448 INFO  (main) [   ] o.e.j.w.StandardDescriptorProcessor NO JSP Support for /solr, did not find org.apache.jasper.servlet.JspServlet
2023-05-11 12:39:54.463 INFO  (main) [   ] o.e.j.s.session DefaultSessionIdManager workerName=node0
2023-05-11 12:39:54.463 INFO  (main) [   ] o.e.j.s.session No SessionScavenger set, using defaults
2023-05-11 12:39:54.463 INFO  (main) [   ] o.e.j.s.session node0 Scavenging every 600000ms
2023-05-11 12:39:54.533 INFO  (main) [   ] o.a.s.s.SolrDispatchFilter Using logger factory org.apache.logging.slf4j.Log4jLoggerFactory
2023-05-11 12:39:54.538 INFO  (main) [   ] o.a.s.s.SolrDispatchFilter  ___      _       Welcome to Apache Solr™ version 8.11.2
2023-05-11 12:39:54.539 INFO  (main) [   ] o.a.s.s.SolrDispatchFilter / __| ___| |_ _   Starting in cloud mode on port 8983
2023-05-11 12:39:54.539 INFO  (main) [   ] o.a.s.s.SolrDispatchFilter \__ \/ _ \ | '_|  Install dir: C:\Users\shayl\OneDrive\Documents\Honors\Information Retrieval\IRAssignment\searchEngineETD\solr-8.11.2
2023-05-11 12:39:54.539 INFO  (main) [   ] o.a.s.s.SolrDispatchFilter |___/\___/_|_|    Start time: 2023-05-11T12:39:54.539789Z
2023-05-11 12:39:54.551 INFO  (main) [   ] o.a.s.c.SolrPaths Using system property solr.solr.home: C:\Users\shayl\OneDrive\Documents\Honors\Information Retrieval\IRAssignment\searchEngineETD\solr-8.11.2\example\cloud\node1\solr
2023-05-11 12:39:54.551 INFO  (main) [   ] o.a.s.c.SolrXmlConfig Loading container configuration from C:\Users\shayl\OneDrive\Documents\Honors\Information Retrieval\IRAssignment\searchEngineETD\solr-8.11.2\example\cloud\node1\solr\solr.xml
2023-05-11 12:39:54.651 INFO  (main) [   ] o.a.s.c.SolrXmlConfig MBean server found: com.sun.jmx.mbeanserver.JmxMBeanServer@4f49f6af, but no JMX reporters were configured - adding default JMX reporter.
2023-05-11 12:39:55.331 INFO  (main) [   ] o.a.s.h.c.HttpShardHandlerFactory Host whitelist initialized: WhitelistHostChecker [whitelistHosts=null, whitelistHostCheckingEnabled=true]
2023-05-11 12:39:55.600 WARN  (main) [   ] o.e.j.u.s.S.config Trusting all certificates configured for Client@49206065[provider=null,keyStore=null,trustStore=null]
2023-05-11 12:39:55.600 WARN  (main) [   ] o.e.j.u.s.S.config No Client EndPointIdentificationAlgorithm configured for Client@49206065[provider=null,keyStore=null,trustStore=null]
2023-05-11 12:39:55.765 WARN  (main) [   ] o.e.j.u.s.S.config Trusting all certificates configured for Client@328d044f[provider=null,keyStore=null,trustStore=null]
2023-05-11 12:39:55.766 WARN  (main) [   ] o.e.j.u.s.S.config No Client EndPointIdentificationAlgorithm configured for Client@328d044f[provider=null,keyStore=null,trustStore=null]
2023-05-11 12:39:55.826 INFO  (main) [   ] o.a.s.c.SolrZkServerProps Reading configuration from: C:\Users\shayl\OneDrive\Documents\Honors\Information Retrieval\IRAssignment\searchEngineETD\solr-8.11.2\example\cloud\node1\solr\zoo.cfg
2023-05-11 12:39:55.830 INFO  (main) [   ] o.a.s.c.SolrZkServer STARTING EMBEDDED STANDALONE ZOOKEEPER SERVER at port 9983
2023-05-11 12:39:55.830 WARN  (main) [   ] o.a.s.c.SolrZkServer Embedded Zookeeper is not recommended in production environments. See Reference Guide for details.
2023-05-11 12:39:56.331 INFO  (main) [   ] o.a.s.c.ZkContainer Zookeeper client=localhost:9983
2023-05-11 12:40:00.819 WARN  (Thread-11) [   ] o.a.z.s.ServerCnxnFactory maxCnxns is not configured, using default value 0.
2023-05-11 12:40:02.820 INFO  (main) [   ] o.a.s.c.c.ConnectionManager Waiting for client to connect to ZooKeeper
2023-05-11 12:40:02.848 INFO  (zkConnectionManagerCallback-11-thread-1) [   ] o.a.s.c.c.ConnectionManager zkClient has connected
2023-05-11 12:40:02.849 INFO  (main) [   ] o.a.s.c.c.ConnectionManager Client is connected to ZooKeeper
2023-05-11 12:40:02.893 WARN  (main) [   ] o.a.s.c.ZkController Contents of zookeeper /security.json are world-readable; consider setting up ACLs as described in https://solr.apache.org/guide/zookeeper-access-control.html
2023-05-11 12:40:02.951 INFO  (main) [   ] o.a.s.c.OverseerElectionContext I am going to be the leader 169.254.96.104:8983_solr
2023-05-11 12:40:02.960 INFO  (main) [   ] o.a.s.c.Overseer Overseer (id=72086425456607232-169.254.96.104:8983_solr-n_0000000020) starting
2023-05-11 12:40:03.059 INFO  (main) [   ] o.a.s.c.ZkController Register node as live in ZooKeeper:/live_nodes/169.254.96.104:8983_solr
2023-05-11 12:40:03.061 INFO  (OverseerStateUpdate-72086425456607232-169.254.96.104:8983_solr-n_0000000020) [   ] o.a.s.c.Overseer Starting to work on the main queue : 169.254.96.104:8983_solr
2023-05-11 12:40:03.080 INFO  (zkCallback-10-thread-1) [   ] o.a.s.c.c.ZkStateReader Updated live nodes from ZooKeeper... (0) -> (1)
2023-05-11 12:40:03.134 INFO  (main) [   ] o.a.s.p.PackageLoader /packages.json updated to version -1
2023-05-11 12:40:03.156 WARN  (main) [   ] o.a.s.c.CoreContainer Not all security plugins configured!  authentication=disabled authorization=disabled.  Solr is only as secure as you make it. Consider configuring authentication/authorization before exposing Solr to users internal or external.  See https://s.apache.org/solrsecurity for more info
