2023-05-11 07:02:48.714 INFO  (main) [   ] o.e.j.u.log Logging initialized @1979ms to org.eclipse.jetty.util.log.Slf4jLog
2023-05-11 07:02:49.035 INFO  (main) [   ] o.e.j.s.Server jetty-9.4.44.v20210927; built: 2021-09-27T23:02:44.612Z; git: 8da83308eeca865e495e53ef315a249d63ba9332; jvm 20.0.1+9-29
2023-05-11 07:02:49.052 INFO  (main) [   ] o.e.j.d.p.ScanningAppProvider Deployment monitor [file:///C:/Users/shayl/OneDrive/Documents/Honors/Information%20Retrieval/SOLRTutorial/solr-8.11.2/server/contexts/] at interval 0
2023-05-11 07:02:49.835 INFO  (main) [   ] o.e.j.w.StandardDescriptorProcessor NO JSP Support for /solr, did not find org.apache.jasper.servlet.JspServlet
2023-05-11 07:02:49.848 INFO  (main) [   ] o.e.j.s.session DefaultSessionIdManager workerName=node0
2023-05-11 07:02:49.849 INFO  (main) [   ] o.e.j.s.session No SessionScavenger set, using defaults
2023-05-11 07:02:49.851 INFO  (main) [   ] o.e.j.s.session node0 Scavenging every 600000ms
2023-05-11 07:02:49.932 INFO  (main) [   ] o.a.s.s.SolrDispatchFilter Using logger factory org.apache.logging.slf4j.Log4jLoggerFactory
2023-05-11 07:02:49.936 INFO  (main) [   ] o.a.s.s.SolrDispatchFilter  ___      _       Welcome to Apache Solr™ version 8.11.2
2023-05-11 07:02:49.936 INFO  (main) [   ] o.a.s.s.SolrDispatchFilter / __| ___| |_ _   Starting in cloud mode on port 8983
2023-05-11 07:02:49.936 INFO  (main) [   ] o.a.s.s.SolrDispatchFilter \__ \/ _ \ | '_|  Install dir: C:\Users\shayl\OneDrive\Documents\Honors\Information Retrieval\SOLRTutorial\solr-8.11.2
2023-05-11 07:02:49.936 INFO  (main) [   ] o.a.s.s.SolrDispatchFilter |___/\___/_|_|    Start time: 2023-05-11T07:02:49.936231800Z
2023-05-11 07:02:49.947 INFO  (main) [   ] o.a.s.c.SolrPaths Using system property solr.solr.home: C:\Users\shayl\OneDrive\Documents\Honors\Information Retrieval\SOLRTutorial\solr-8.11.2\example\techproducts
2023-05-11 07:02:49.947 INFO  (main) [   ] o.a.s.c.SolrXmlConfig Loading container configuration from C:\Users\shayl\OneDrive\Documents\Honors\Information Retrieval\SOLRTutorial\solr-8.11.2\example\techproducts\solr.xml
2023-05-11 07:02:49.950 ERROR (main) [   ] o.a.s.s.SolrDispatchFilter Could not start Solr. Check solr/home property and the logs
2023-05-11 07:02:49.985 ERROR (main) [   ] o.a.s.c.SolrCore null => org.apache.solr.common.SolrException: solr.xml does not exist in C:\Users\shayl\OneDrive\Documents\Honors\Information Retrieval\SOLRTutorial\solr-8.11.2\example\techproducts cannot start Solr
	at org.apache.solr.core.SolrXmlConfig.fromFile(SolrXmlConfig.java:160)
org.apache.solr.common.SolrException: solr.xml does not exist in C:\Users\shayl\OneDrive\Documents\Honors\Information Retrieval\SOLRTutorial\solr-8.11.2\example\techproducts cannot start Solr
	at org.apache.solr.core.SolrXmlConfig.fromFile(SolrXmlConfig.java:160) ~[?:?]
	at org.apache.solr.core.SolrXmlConfig.fromSolrHome(SolrXmlConfig.java:200) ~[?:?]
	at org.apache.solr.servlet.SolrDispatchFilter.loadNodeConfig(SolrDispatchFilter.java:317) ~[?:?]
	at org.apache.solr.servlet.SolrDispatchFilter.createCoreContainer(SolrDispatchFilter.java:285) ~[?:?]
	at org.apache.solr.servlet.SolrDispatchFilter.init(SolrDispatchFilter.java:184) ~[?:?]
	at org.eclipse.jetty.servlet.FilterHolder.initialize(FilterHolder.java:140) ~[jetty-servlet-9.4.44.v20210927.jar:9.4.44.v20210927]
	at org.eclipse.jetty.servlet.ServletHandler.lambda$initialize$0(ServletHandler.java:731) ~[jetty-servlet-9.4.44.v20210927.jar:9.4.44.v20210927]
	at java.util.Spliterators$ArraySpliterator.forEachRemaining(Spliterators.java:1006) ~[?:?]
	at java.util.stream.Streams$ConcatSpliterator.forEachRemaining(Streams.java:734) ~[?:?]
	at java.util.stream.ReferencePipeline$Head.forEach(ReferencePipeline.java:762) ~[?:?]
	at org.eclipse.jetty.servlet.ServletHandler.initialize(ServletHandler.java:755) ~[jetty-servlet-9.4.44.v20210927.jar:9.4.44.v20210927]
	at org.eclipse.jetty.servlet.ServletContextHandler.startContext(ServletContextHandler.java:379) ~[jetty-servlet-9.4.44.v20210927.jar:9.4.44.v20210927]
	at org.eclipse.jetty.webapp.WebAppContext.startWebapp(WebAppContext.java:1449) ~[jetty-webapp-9.4.44.v20210927.jar:9.4.44.v20210927]
	at org.eclipse.jetty.webapp.WebAppContext.startContext(WebAppContext.java:1414) ~[jetty-webapp-9.4.44.v20210927.jar:9.4.44.v20210927]
	at org.eclipse.jetty.server.handler.ContextHandler.doStart(ContextHandler.java:910) ~[jetty-server-9.4.44.v20210927.jar:9.4.44.v20210927]
	at org.eclipse.jetty.servlet.ServletContextHandler.doStart(ServletContextHandler.java:288) ~[jetty-servlet-9.4.44.v20210927.jar:9.4.44.v20210927]
	at org.eclipse.jetty.webapp.WebAppContext.doStart(WebAppContext.java:524) ~[jetty-webapp-9.4.44.v20210927.jar:9.4.44.v20210927]
	at org.eclipse.jetty.util.component.AbstractLifeCycle.start(AbstractLifeCycle.java:73) ~[jetty-util-9.4.44.v20210927.jar:9.4.44.v20210927]
	at org.eclipse.jetty.util.component.ContainerLifeCycle.start(ContainerLifeCycle.java:169) ~[jetty-util-9.4.44.v20210927.jar:9.4.44.v20210927]
	at org.eclipse.jetty.util.component.ContainerLifeCycle.doStart(ContainerLifeCycle.java:117) ~[jetty-util-9.4.44.v20210927.jar:9.4.44.v20210927]
	at org.eclipse.jetty.server.handler.AbstractHandler.doStart(AbstractHandler.java:97) ~[jetty-server-9.4.44.v20210927.jar:9.4.44.v20210927]
	at org.eclipse.jetty.util.component.AbstractLifeCycle.start(AbstractLifeCycle.java:73) ~[jetty-util-9.4.44.v20210927.jar:9.4.44.v20210927]
	at org.eclipse.jetty.util.component.ContainerLifeCycle.start(ContainerLifeCycle.java:169) ~[jetty-util-9.4.44.v20210927.jar:9.4.44.v20210927]
	at org.eclipse.jetty.util.component.ContainerLifeCycle.doStart(ContainerLifeCycle.java:110) ~[jetty-util-9.4.44.v20210927.jar:9.4.44.v20210927]
	at org.eclipse.jetty.server.handler.AbstractHandler.doStart(AbstractHandler.java:97) ~[jetty-server-9.4.44.v20210927.jar:9.4.44.v20210927]
	at org.eclipse.jetty.util.component.AbstractLifeCycle.start(AbstractLifeCycle.java:73) ~[jetty-util-9.4.44.v20210927.jar:9.4.44.v20210927]
	at org.eclipse.jetty.util.component.ContainerLifeCycle.start(ContainerLifeCycle.java:169) ~[jetty-util-9.4.44.v20210927.jar:9.4.44.v20210927]
	at org.eclipse.jetty.util.component.ContainerLifeCycle.doStart(ContainerLifeCycle.java:117) ~[jetty-util-9.4.44.v20210927.jar:9.4.44.v20210927]
	at org.eclipse.jetty.server.handler.AbstractHandler.doStart(AbstractHandler.java:97) ~[jetty-server-9.4.44.v20210927.jar:9.4.44.v20210927]
	at org.eclipse.jetty.util.component.AbstractLifeCycle.start(AbstractLifeCycle.java:73) ~[jetty-util-9.4.44.v20210927.jar:9.4.44.v20210927]
	at org.eclipse.jetty.util.component.ContainerLifeCycle.start(ContainerLifeCycle.java:169) ~[jetty-util-9.4.44.v20210927.jar:9.4.44.v20210927]
	at org.eclipse.jetty.util.component.ContainerLifeCycle.doStart(ContainerLifeCycle.java:110) ~[jetty-util-9.4.44.v20210927.jar:9.4.44.v20210927]
	at org.eclipse.jetty.server.handler.AbstractHandler.doStart(AbstractHandler.java:97) ~[jetty-server-9.4.44.v20210927.jar:9.4.44.v20210927]
	at org.eclipse.jetty.util.component.AbstractLifeCycle.start(AbstractLifeCycle.java:73) ~[jetty-util-9.4.44.v20210927.jar:9.4.44.v20210927]
	at org.eclipse.jetty.util.component.ContainerLifeCycle.start(ContainerLifeCycle.java:169) ~[jetty-util-9.4.44.v20210927.jar:9.4.44.v20210927]
	at org.eclipse.jetty.util.component.ContainerLifeCycle.doStart(ContainerLifeCycle.java:110) ~[jetty-util-9.4.44.v20210927.jar:9.4.44.v20210927]
	at org.eclipse.jetty.server.handler.AbstractHandler.doStart(AbstractHandler.java:97) ~[jetty-server-9.4.44.v20210927.jar:9.4.44.v20210927]
	at org.eclipse.jetty.server.handler.gzip.GzipHandler.doStart(GzipHandler.java:426) ~[jetty-server-9.4.44.v20210927.jar:9.4.44.v20210927]
	at org.eclipse.jetty.util.component.AbstractLifeCycle.start(AbstractLifeCycle.java:73) ~[jetty-util-9.4.44.v20210927.jar:9.4.44.v20210927]
	at org.eclipse.jetty.util.component.ContainerLifeCycle.start(ContainerLifeCycle.java:169) ~[jetty-util-9.4.44.v20210927.jar:9.4.44.v20210927]
	at org.eclipse.jetty.server.Server.start(Server.java:423) ~[jetty-server-9.4.44.v20210927.jar:9.4.44.v20210927]
	at org.eclipse.jetty.util.component.ContainerLifeCycle.doStart(ContainerLifeCycle.java:110) ~[jetty-util-9.4.44.v20210927.jar:9.4.44.v20210927]
	at org.eclipse.jetty.server.handler.AbstractHandler.doStart(AbstractHandler.java:97) ~[jetty-server-9.4.44.v20210927.jar:9.4.44.v20210927]
	at org.eclipse.jetty.server.Server.doStart(Server.java:387) ~[jetty-server-9.4.44.v20210927.jar:9.4.44.v20210927]
	at org.eclipse.jetty.util.component.AbstractLifeCycle.start(AbstractLifeCycle.java:73) ~[jetty-util-9.4.44.v20210927.jar:9.4.44.v20210927]
	at org.eclipse.jetty.xml.XmlConfiguration.lambda$main$3(XmlConfiguration.java:1907) ~[jetty-xml-9.4.44.v20210927.jar:9.4.44.v20210927]
	at java.security.AccessController.doPrivileged(AccessController.java:571) ~[?:?]
	at org.eclipse.jetty.xml.XmlConfiguration.main(XmlConfiguration.java:1857) ~[jetty-xml-9.4.44.v20210927.jar:9.4.44.v20210927]
	at jdk.internal.reflect.DirectMethodHandleAccessor.invoke(DirectMethodHandleAccessor.java:104) ~[?:?]
	at java.lang.reflect.Method.invoke(Method.java:578) ~[?:?]
	at org.eclipse.jetty.start.Main.invokeMain(Main.java:218) ~[start.jar:9.4.44.v20210927]
	at org.eclipse.jetty.start.Main.start(Main.java:491) ~[start.jar:9.4.44.v20210927]
	at org.eclipse.jetty.start.Main.main(Main.java:77) ~[start.jar:9.4.44.v20210927]
2023-05-11 07:02:50.026 INFO  (main) [   ] o.e.j.s.h.ContextHandler Started o.e.j.w.WebAppContext@55f3c410{/solr,file:///C:/Users/shayl/OneDrive/Documents/Honors/Information%20Retrieval/SOLRTutorial/solr-8.11.2/server/solr-webapp/webapp/,AVAILABLE}{C:\Users\shayl\OneDrive\Documents\Honors\Information Retrieval\SOLRTutorial\solr-8.11.2\server/solr-webapp/webapp}
2023-05-11 07:02:50.119 INFO  (main) [   ] o.e.j.s.AbstractConnector Started ServerConnector@40f1be1b{HTTP/1.1, (http/1.1, h2c)}{0.0.0.0:8983}
2023-05-11 07:02:50.119 INFO  (main) [   ] o.e.j.s.Server Started @3391ms
2023-05-11 07:02:53.887 ERROR (qtp858232531-40) [   ] o.a.s.s.SolrDispatchFilter Error processing the request. CoreContainer is either not initialized or shutting down.
2023-05-11 07:02:53.925 WARN  (qtp858232531-40) [   ] o.e.j.s.HttpChannel /solr/admin/info/system => javax.servlet.ServletException: javax.servlet.UnavailableException: Error processing the request. CoreContainer is either not initialized or shutting down.
	at org.eclipse.jetty.server.handler.HandlerCollection.handle(HandlerCollection.java:162)
javax.servlet.ServletException: javax.servlet.UnavailableException: Error processing the request. CoreContainer is either not initialized or shutting down.
	at org.eclipse.jetty.server.handler.HandlerCollection.handle(HandlerCollection.java:162) ~[jetty-server-9.4.44.v20210927.jar:9.4.44.v20210927]
	at org.eclipse.jetty.server.handler.HandlerWrapper.handle(HandlerWrapper.java:127) ~[jetty-server-9.4.44.v20210927.jar:9.4.44.v20210927]
	at org.eclipse.jetty.rewrite.handler.RewriteHandler.handle(RewriteHandler.java:322) ~[jetty-rewrite-9.4.44.v20210927.jar:9.4.44.v20210927]
	at org.eclipse.jetty.server.handler.gzip.GzipHandler.handle(GzipHandler.java:763) ~[jetty-server-9.4.44.v20210927.jar:9.4.44.v20210927]
	at org.eclipse.jetty.server.handler.HandlerWrapper.handle(HandlerWrapper.java:127) ~[jetty-server-9.4.44.v20210927.jar:9.4.44.v20210927]
	at org.eclipse.jetty.server.Server.handle(Server.java:516) ~[jetty-server-9.4.44.v20210927.jar:9.4.44.v20210927]
	at org.eclipse.jetty.server.HttpChannel.lambda$handle$1(HttpChannel.java:400) ~[jetty-server-9.4.44.v20210927.jar:9.4.44.v20210927]
	at org.eclipse.jetty.server.HttpChannel.dispatch(HttpChannel.java:645) ~[jetty-server-9.4.44.v20210927.jar:9.4.44.v20210927]
	at org.eclipse.jetty.server.HttpChannel.handle(HttpChannel.java:392) ~[jetty-server-9.4.44.v20210927.jar:9.4.44.v20210927]
	at org.eclipse.jetty.server.HttpConnection.onFillable(HttpConnection.java:277) ~[jetty-server-9.4.44.v20210927.jar:9.4.44.v20210927]
	at org.eclipse.jetty.io.AbstractConnection$ReadCallback.succeeded(AbstractConnection.java:311) ~[jetty-io-9.4.44.v20210927.jar:9.4.44.v20210927]
	at org.eclipse.jetty.io.FillInterest.fillable(FillInterest.java:105) ~[jetty-io-9.4.44.v20210927.jar:9.4.44.v20210927]
	at org.eclipse.jetty.io.ChannelEndPoint$1.run(ChannelEndPoint.java:104) ~[jetty-io-9.4.44.v20210927.jar:9.4.44.v20210927]
	at org.eclipse.jetty.util.thread.QueuedThreadPool.runJob(QueuedThreadPool.java:883) ~[jetty-util-9.4.44.v20210927.jar:9.4.44.v20210927]
	at org.eclipse.jetty.util.thread.QueuedThreadPool$Runner.run(QueuedThreadPool.java:1034) ~[jetty-util-9.4.44.v20210927.jar:9.4.44.v20210927]
	at java.lang.Thread.run(Thread.java:1623) [?:?]
Caused by: javax.servlet.UnavailableException: Error processing the request. CoreContainer is either not initialized or shutting down.
	at org.apache.solr.servlet.SolrDispatchFilter.doFilter(SolrDispatchFilter.java:376) ~[?:?]
	at org.apache.solr.servlet.SolrDispatchFilter.doFilter(SolrDispatchFilter.java:357) ~[?:?]
	at org.eclipse.jetty.servlet.FilterHolder.doFilter(FilterHolder.java:201) ~[jetty-servlet-9.4.44.v20210927.jar:9.4.44.v20210927]
	at org.eclipse.jetty.servlet.ServletHandler$Chain.doFilter(ServletHandler.java:1601) ~[jetty-servlet-9.4.44.v20210927.jar:9.4.44.v20210927]
	at org.eclipse.jetty.servlet.ServletHandler.doHandle(ServletHandler.java:548) ~[jetty-servlet-9.4.44.v20210927.jar:9.4.44.v20210927]
	at org.eclipse.jetty.server.handler.ScopedHandler.handle(ScopedHandler.java:143) ~[jetty-server-9.4.44.v20210927.jar:9.4.44.v20210927]
	at org.eclipse.jetty.security.SecurityHandler.handle(SecurityHandler.java:600) ~[jetty-security-9.4.44.v20210927.jar:9.4.44.v20210927]
	at org.eclipse.jetty.server.handler.HandlerWrapper.handle(HandlerWrapper.java:127) ~[jetty-server-9.4.44.v20210927.jar:9.4.44.v20210927]
	at org.eclipse.jetty.server.handler.ScopedHandler.nextHandle(ScopedHandler.java:235) ~[jetty-server-9.4.44.v20210927.jar:9.4.44.v20210927]
	at org.eclipse.jetty.server.session.SessionHandler.doHandle(SessionHandler.java:1624) ~[jetty-server-9.4.44.v20210927.jar:9.4.44.v20210927]
	at org.eclipse.jetty.server.handler.ScopedHandler.nextHandle(ScopedHandler.java:233) ~[jetty-server-9.4.44.v20210927.jar:9.4.44.v20210927]
	at org.eclipse.jetty.server.handler.ContextHandler.doHandle(ContextHandler.java:1434) ~[jetty-server-9.4.44.v20210927.jar:9.4.44.v20210927]
	at org.eclipse.jetty.server.handler.ScopedHandler.nextScope(ScopedHandler.java:188) ~[jetty-server-9.4.44.v20210927.jar:9.4.44.v20210927]
	at org.eclipse.jetty.servlet.ServletHandler.doScope(ServletHandler.java:501) ~[jetty-servlet-9.4.44.v20210927.jar:9.4.44.v20210927]
	at org.eclipse.jetty.server.session.SessionHandler.doScope(SessionHandler.java:1594) ~[jetty-server-9.4.44.v20210927.jar:9.4.44.v20210927]
	at org.eclipse.jetty.server.handler.ScopedHandler.nextScope(ScopedHandler.java:186) ~[jetty-server-9.4.44.v20210927.jar:9.4.44.v20210927]
	at org.eclipse.jetty.server.handler.ContextHandler.doScope(ContextHandler.java:1349) ~[jetty-server-9.4.44.v20210927.jar:9.4.44.v20210927]
	at org.eclipse.jetty.server.handler.ScopedHandler.handle(ScopedHandler.java:141) ~[jetty-server-9.4.44.v20210927.jar:9.4.44.v20210927]
	at org.eclipse.jetty.server.handler.ContextHandlerCollection.handle(ContextHandlerCollection.java:191) ~[jetty-server-9.4.44.v20210927.jar:9.4.44.v20210927]
	at org.eclipse.jetty.server.handler.InetAccessHandler.handle(InetAccessHandler.java:177) ~[jetty-server-9.4.44.v20210927.jar:9.4.44.v20210927]
	at org.eclipse.jetty.server.handler.HandlerCollection.handle(HandlerCollection.java:146) ~[jetty-server-9.4.44.v20210927.jar:9.4.44.v20210927]
	... 15 more
2023-05-11 07:02:55.966 ERROR (qtp858232531-35) [   ] o.a.s.s.SolrDispatchFilter Error processing the request. CoreContainer is either not initialized or shutting down.
2023-05-11 07:02:55.966 WARN  (qtp858232531-35) [   ] o.e.j.s.HttpChannel /solr/admin/info/system => javax.servlet.ServletException: javax.servlet.UnavailableException: Error processing the request. CoreContainer is either not initialized or shutting down.
	at org.eclipse.jetty.server.handler.HandlerCollection.handle(HandlerCollection.java:162)
javax.servlet.ServletException: javax.servlet.UnavailableException: Error processing the request. CoreContainer is either not initialized or shutting down.
	at org.eclipse.jetty.server.handler.HandlerCollection.handle(HandlerCollection.java:162) ~[jetty-server-9.4.44.v20210927.jar:9.4.44.v20210927]
	at org.eclipse.jetty.server.handler.HandlerWrapper.handle(HandlerWrapper.java:127) ~[jetty-server-9.4.44.v20210927.jar:9.4.44.v20210927]
	at org.eclipse.jetty.rewrite.handler.RewriteHandler.handle(RewriteHandler.java:322) ~[jetty-rewrite-9.4.44.v20210927.jar:9.4.44.v20210927]
	at org.eclipse.jetty.server.handler.gzip.GzipHandler.handle(GzipHandler.java:763) ~[jetty-server-9.4.44.v20210927.jar:9.4.44.v20210927]
	at org.eclipse.jetty.server.handler.HandlerWrapper.handle(HandlerWrapper.java:127) ~[jetty-server-9.4.44.v20210927.jar:9.4.44.v20210927]
	at org.eclipse.jetty.server.Server.handle(Server.java:516) ~[jetty-server-9.4.44.v20210927.jar:9.4.44.v20210927]
	at org.eclipse.jetty.server.HttpChannel.lambda$handle$1(HttpChannel.java:400) ~[jetty-server-9.4.44.v20210927.jar:9.4.44.v20210927]
	at org.eclipse.jetty.server.HttpChannel.dispatch(HttpChannel.java:645) ~[jetty-server-9.4.44.v20210927.jar:9.4.44.v20210927]
	at org.eclipse.jetty.server.HttpChannel.handle(HttpChannel.java:392) ~[jetty-server-9.4.44.v20210927.jar:9.4.44.v20210927]
	at org.eclipse.jetty.server.HttpConnection.onFillable(HttpConnection.java:277) ~[jetty-server-9.4.44.v20210927.jar:9.4.44.v20210927]
	at org.eclipse.jetty.io.AbstractConnection$ReadCallback.succeeded(AbstractConnection.java:311) ~[jetty-io-9.4.44.v20210927.jar:9.4.44.v20210927]
	at org.eclipse.jetty.io.FillInterest.fillable(FillInterest.java:105) ~[jetty-io-9.4.44.v20210927.jar:9.4.44.v20210927]
	at org.eclipse.jetty.io.ChannelEndPoint$1.run(ChannelEndPoint.java:104) ~[jetty-io-9.4.44.v20210927.jar:9.4.44.v20210927]
	at org.eclipse.jetty.util.thread.strategy.EatWhatYouKill.runTask(EatWhatYouKill.java:338) ~[jetty-util-9.4.44.v20210927.jar:9.4.44.v20210927]
	at org.eclipse.jetty.util.thread.strategy.EatWhatYouKill.doProduce(EatWhatYouKill.java:315) ~[jetty-util-9.4.44.v20210927.jar:9.4.44.v20210927]
	at org.eclipse.jetty.util.thread.strategy.EatWhatYouKill.tryProduce(EatWhatYouKill.java:173) ~[jetty-util-9.4.44.v20210927.jar:9.4.44.v20210927]
	at org.eclipse.jetty.util.thread.strategy.EatWhatYouKill.produce(EatWhatYouKill.java:137) ~[jetty-util-9.4.44.v20210927.jar:9.4.44.v20210927]
	at org.eclipse.jetty.util.thread.QueuedThreadPool.runJob(QueuedThreadPool.java:883) ~[jetty-util-9.4.44.v20210927.jar:9.4.44.v20210927]
	at org.eclipse.jetty.util.thread.QueuedThreadPool$Runner.run(QueuedThreadPool.java:1034) ~[jetty-util-9.4.44.v20210927.jar:9.4.44.v20210927]
	at java.lang.Thread.run(Thread.java:1623) [?:?]
Caused by: javax.servlet.UnavailableException: Error processing the request. CoreContainer is either not initialized or shutting down.
	at org.apache.solr.servlet.SolrDispatchFilter.doFilter(SolrDispatchFilter.java:376) ~[?:?]
	at org.apache.solr.servlet.SolrDispatchFilter.doFilter(SolrDispatchFilter.java:357) ~[?:?]
	at org.eclipse.jetty.servlet.FilterHolder.doFilter(FilterHolder.java:201) ~[jetty-servlet-9.4.44.v20210927.jar:9.4.44.v20210927]
	at org.eclipse.jetty.servlet.ServletHandler$Chain.doFilter(ServletHandler.java:1601) ~[jetty-servlet-9.4.44.v20210927.jar:9.4.44.v20210927]
	at org.eclipse.jetty.servlet.ServletHandler.doHandle(ServletHandler.java:548) ~[jetty-servlet-9.4.44.v20210927.jar:9.4.44.v20210927]
	at org.eclipse.jetty.server.handler.ScopedHandler.handle(ScopedHandler.java:143) ~[jetty-server-9.4.44.v20210927.jar:9.4.44.v20210927]
	at org.eclipse.jetty.security.SecurityHandler.handle(SecurityHandler.java:600) ~[jetty-security-9.4.44.v20210927.jar:9.4.44.v20210927]
	at org.eclipse.jetty.server.handler.HandlerWrapper.handle(HandlerWrapper.java:127) ~[jetty-server-9.4.44.v20210927.jar:9.4.44.v20210927]
	at org.eclipse.jetty.server.handler.ScopedHandler.nextHandle(ScopedHandler.java:235) ~[jetty-server-9.4.44.v20210927.jar:9.4.44.v20210927]
	at org.eclipse.jetty.server.session.SessionHandler.doHandle(SessionHandler.java:1624) ~[jetty-server-9.4.44.v20210927.jar:9.4.44.v20210927]
	at org.eclipse.jetty.server.handler.ScopedHandler.nextHandle(ScopedHandler.java:233) ~[jetty-server-9.4.44.v20210927.jar:9.4.44.v20210927]
	at org.eclipse.jetty.server.handler.ContextHandler.doHandle(ContextHandler.java:1434) ~[jetty-server-9.4.44.v20210927.jar:9.4.44.v20210927]
	at org.eclipse.jetty.server.handler.ScopedHandler.nextScope(ScopedHandler.java:188) ~[jetty-server-9.4.44.v20210927.jar:9.4.44.v20210927]
	at org.eclipse.jetty.servlet.ServletHandler.doScope(ServletHandler.java:501) ~[jetty-servlet-9.4.44.v20210927.jar:9.4.44.v20210927]
	at org.eclipse.jetty.server.session.SessionHandler.doScope(SessionHandler.java:1594) ~[jetty-server-9.4.44.v20210927.jar:9.4.44.v20210927]
	at org.eclipse.jetty.server.handler.ScopedHandler.nextScope(ScopedHandler.java:186) ~[jetty-server-9.4.44.v20210927.jar:9.4.44.v20210927]
	at org.eclipse.jetty.server.handler.ContextHandler.doScope(ContextHandler.java:1349) ~[jetty-server-9.4.44.v20210927.jar:9.4.44.v20210927]
	at org.eclipse.jetty.server.handler.ScopedHandler.handle(ScopedHandler.java:141) ~[jetty-server-9.4.44.v20210927.jar:9.4.44.v20210927]
	at org.eclipse.jetty.server.handler.ContextHandlerCollection.handle(ContextHandlerCollection.java:191) ~[jetty-server-9.4.44.v20210927.jar:9.4.44.v20210927]
	at org.eclipse.jetty.server.handler.InetAccessHandler.handle(InetAccessHandler.java:177) ~[jetty-server-9.4.44.v20210927.jar:9.4.44.v20210927]
	at org.eclipse.jetty.server.handler.HandlerCollection.handle(HandlerCollection.java:146) ~[jetty-server-9.4.44.v20210927.jar:9.4.44.v20210927]
	... 19 more
2023-05-11 07:02:57.978 ERROR (qtp858232531-36) [   ] o.a.s.s.SolrDispatchFilter Error processing the request. CoreContainer is either not initialized or shutting down.
2023-05-11 07:02:57.978 WARN  (qtp858232531-36) [   ] o.e.j.s.HttpChannel /solr/admin/info/system => javax.servlet.ServletException: javax.servlet.UnavailableException: Error processing the request. CoreContainer is either not initialized or shutting down.
	at org.eclipse.jetty.server.handler.HandlerCollection.handle(HandlerCollection.java:162)
javax.servlet.ServletException: javax.servlet.UnavailableException: Error processing the request. CoreContainer is either not initialized or shutting down.
	at org.eclipse.jetty.server.handler.HandlerCollection.handle(HandlerCollection.java:162) ~[jetty-server-9.4.44.v20210927.jar:9.4.44.v20210927]
	at org.eclipse.jetty.server.handler.HandlerWrapper.handle(HandlerWrapper.java:127) ~[jetty-server-9.4.44.v20210927.jar:9.4.44.v20210927]
	at org.eclipse.jetty.rewrite.handler.RewriteHandler.handle(RewriteHandler.java:322) ~[jetty-rewrite-9.4.44.v20210927.jar:9.4.44.v20210927]
	at org.eclipse.jetty.server.handler.gzip.GzipHandler.handle(GzipHandler.java:763) ~[jetty-server-9.4.44.v20210927.jar:9.4.44.v20210927]
	at org.eclipse.jetty.server.handler.HandlerWrapper.handle(HandlerWrapper.java:127) ~[jetty-server-9.4.44.v20210927.jar:9.4.44.v20210927]
	at org.eclipse.jetty.server.Server.handle(Server.java:516) ~[jetty-server-9.4.44.v20210927.jar:9.4.44.v20210927]
	at org.eclipse.jetty.server.HttpChannel.lambda$handle$1(HttpChannel.java:400) ~[jetty-server-9.4.44.v20210927.jar:9.4.44.v20210927]
	at org.eclipse.jetty.server.HttpChannel.dispatch(HttpChannel.java:645) ~[jetty-server-9.4.44.v20210927.jar:9.4.44.v20210927]
	at org.eclipse.jetty.server.HttpChannel.handle(HttpChannel.java:392) ~[jetty-server-9.4.44.v20210927.jar:9.4.44.v20210927]
	at org.eclipse.jetty.server.HttpConnection.onFillable(HttpConnection.java:277) ~[jetty-server-9.4.44.v20210927.jar:9.4.44.v20210927]
	at org.eclipse.jetty.io.AbstractConnection$ReadCallback.succeeded(AbstractConnection.java:311) ~[jetty-io-9.4.44.v20210927.jar:9.4.44.v20210927]
	at org.eclipse.jetty.io.FillInterest.fillable(FillInterest.java:105) ~[jetty-io-9.4.44.v20210927.jar:9.4.44.v20210927]
	at org.eclipse.jetty.io.ChannelEndPoint$1.run(ChannelEndPoint.java:104) ~[jetty-io-9.4.44.v20210927.jar:9.4.44.v20210927]
	at org.eclipse.jetty.util.thread.strategy.EatWhatYouKill.runTask(EatWhatYouKill.java:338) ~[jetty-util-9.4.44.v20210927.jar:9.4.44.v20210927]
	at org.eclipse.jetty.util.thread.strategy.EatWhatYouKill.doProduce(EatWhatYouKill.java:315) ~[jetty-util-9.4.44.v20210927.jar:9.4.44.v20210927]
	at org.eclipse.jetty.util.thread.strategy.EatWhatYouKill.tryProduce(EatWhatYouKill.java:173) ~[jetty-util-9.4.44.v20210927.jar:9.4.44.v20210927]
	at org.eclipse.jetty.util.thread.strategy.EatWhatYouKill.produce(EatWhatYouKill.java:137) ~[jetty-util-9.4.44.v20210927.jar:9.4.44.v20210927]
	at org.eclipse.jetty.util.thread.QueuedThreadPool.runJob(QueuedThreadPool.java:883) ~[jetty-util-9.4.44.v20210927.jar:9.4.44.v20210927]
	at org.eclipse.jetty.util.thread.QueuedThreadPool$Runner.run(QueuedThreadPool.java:1034) ~[jetty-util-9.4.44.v20210927.jar:9.4.44.v20210927]
	at java.lang.Thread.run(Thread.java:1623) [?:?]
Caused by: javax.servlet.UnavailableException: Error processing the request. CoreContainer is either not initialized or shutting down.
	at org.apache.solr.servlet.SolrDispatchFilter.doFilter(SolrDispatchFilter.java:376) ~[?:?]
	at org.apache.solr.servlet.SolrDispatchFilter.doFilter(SolrDispatchFilter.java:357) ~[?:?]
	at org.eclipse.jetty.servlet.FilterHolder.doFilter(FilterHolder.java:201) ~[jetty-servlet-9.4.44.v20210927.jar:9.4.44.v20210927]
	at org.eclipse.jetty.servlet.ServletHandler$Chain.doFilter(ServletHandler.java:1601) ~[jetty-servlet-9.4.44.v20210927.jar:9.4.44.v20210927]
	at org.eclipse.jetty.servlet.ServletHandler.doHandle(ServletHandler.java:548) ~[jetty-servlet-9.4.44.v20210927.jar:9.4.44.v20210927]
	at org.eclipse.jetty.server.handler.ScopedHandler.handle(ScopedHandler.java:143) ~[jetty-server-9.4.44.v20210927.jar:9.4.44.v20210927]
	at org.eclipse.jetty.security.SecurityHandler.handle(SecurityHandler.java:600) ~[jetty-security-9.4.44.v20210927.jar:9.4.44.v20210927]
	at org.eclipse.jetty.server.handler.HandlerWrapper.handle(HandlerWrapper.java:127) ~[jetty-server-9.4.44.v20210927.jar:9.4.44.v20210927]
	at org.eclipse.jetty.server.handler.ScopedHandler.nextHandle(ScopedHandler.java:235) ~[jetty-server-9.4.44.v20210927.jar:9.4.44.v20210927]
	at org.eclipse.jetty.server.session.SessionHandler.doHandle(SessionHandler.java:1624) ~[jetty-server-9.4.44.v20210927.jar:9.4.44.v20210927]
	at org.eclipse.jetty.server.handler.ScopedHandler.nextHandle(ScopedHandler.java:233) ~[jetty-server-9.4.44.v20210927.jar:9.4.44.v20210927]
	at org.eclipse.jetty.server.handler.ContextHandler.doHandle(ContextHandler.java:1434) ~[jetty-server-9.4.44.v20210927.jar:9.4.44.v20210927]
	at org.eclipse.jetty.server.handler.ScopedHandler.nextScope(ScopedHandler.java:188) ~[jetty-server-9.4.44.v20210927.jar:9.4.44.v20210927]
	at org.eclipse.jetty.servlet.ServletHandler.doScope(ServletHandler.java:501) ~[jetty-servlet-9.4.44.v20210927.jar:9.4.44.v20210927]
	at org.eclipse.jetty.server.session.SessionHandler.doScope(SessionHandler.java:1594) ~[jetty-server-9.4.44.v20210927.jar:9.4.44.v20210927]
	at org.eclipse.jetty.server.handler.ScopedHandler.nextScope(ScopedHandler.java:186) ~[jetty-server-9.4.44.v20210927.jar:9.4.44.v20210927]
	at org.eclipse.jetty.server.handler.ContextHandler.doScope(ContextHandler.java:1349) ~[jetty-server-9.4.44.v20210927.jar:9.4.44.v20210927]
	at org.eclipse.jetty.server.handler.ScopedHandler.handle(ScopedHandler.java:141) ~[jetty-server-9.4.44.v20210927.jar:9.4.44.v20210927]
	at org.eclipse.jetty.server.handler.ContextHandlerCollection.handle(ContextHandlerCollection.java:191) ~[jetty-server-9.4.44.v20210927.jar:9.4.44.v20210927]
	at org.eclipse.jetty.server.handler.InetAccessHandler.handle(InetAccessHandler.java:177) ~[jetty-server-9.4.44.v20210927.jar:9.4.44.v20210927]
	at org.eclipse.jetty.server.handler.HandlerCollection.handle(HandlerCollection.java:146) ~[jetty-server-9.4.44.v20210927.jar:9.4.44.v20210927]
	... 19 more
2023-05-11 07:03:00.004 ERROR (qtp858232531-33) [   ] o.a.s.s.SolrDispatchFilter Error processing the request. CoreContainer is either not initialized or shutting down.
2023-05-11 07:03:00.004 WARN  (qtp858232531-33) [   ] o.e.j.s.HttpChannel /solr/admin/info/system => javax.servlet.ServletException: javax.servlet.UnavailableException: Error processing the request. CoreContainer is either not initialized or shutting down.
	at org.eclipse.jetty.server.handler.HandlerCollection.handle(HandlerCollection.java:162)
javax.servlet.ServletException: javax.servlet.UnavailableException: Error processing the request. CoreContainer is either not initialized or shutting down.
	at org.eclipse.jetty.server.handler.HandlerCollection.handle(HandlerCollection.java:162) ~[jetty-server-9.4.44.v20210927.jar:9.4.44.v20210927]
	at org.eclipse.jetty.server.handler.HandlerWrapper.handle(HandlerWrapper.java:127) ~[jetty-server-9.4.44.v20210927.jar:9.4.44.v20210927]
	at org.eclipse.jetty.rewrite.handler.RewriteHandler.handle(RewriteHandler.java:322) ~[jetty-rewrite-9.4.44.v20210927.jar:9.4.44.v20210927]
	at org.eclipse.jetty.server.handler.gzip.GzipHandler.handle(GzipHandler.java:763) ~[jetty-server-9.4.44.v20210927.jar:9.4.44.v20210927]
	at org.eclipse.jetty.server.handler.HandlerWrapper.handle(HandlerWrapper.java:127) ~[jetty-server-9.4.44.v20210927.jar:9.4.44.v20210927]
	at org.eclipse.jetty.server.Server.handle(Server.java:516) ~[jetty-server-9.4.44.v20210927.jar:9.4.44.v20210927]
	at org.eclipse.jetty.server.HttpChannel.lambda$handle$1(HttpChannel.java:400) ~[jetty-server-9.4.44.v20210927.jar:9.4.44.v20210927]
	at org.eclipse.jetty.server.HttpChannel.dispatch(HttpChannel.java:645) ~[jetty-server-9.4.44.v20210927.jar:9.4.44.v20210927]
	at org.eclipse.jetty.server.HttpChannel.handle(HttpChannel.java:392) ~[jetty-server-9.4.44.v20210927.jar:9.4.44.v20210927]
	at org.eclipse.jetty.server.HttpConnection.onFillable(HttpConnection.java:277) ~[jetty-server-9.4.44.v20210927.jar:9.4.44.v20210927]
	at org.eclipse.jetty.io.AbstractConnection$ReadCallback.succeeded(AbstractConnection.java:311) ~[jetty-io-9.4.44.v20210927.jar:9.4.44.v20210927]
	at org.eclipse.jetty.io.FillInterest.fillable(FillInterest.java:105) ~[jetty-io-9.4.44.v20210927.jar:9.4.44.v20210927]
	at org.eclipse.jetty.io.ChannelEndPoint$1.run(ChannelEndPoint.java:104) ~[jetty-io-9.4.44.v20210927.jar:9.4.44.v20210927]
	at org.eclipse.jetty.util.thread.strategy.EatWhatYouKill.runTask(EatWhatYouKill.java:338) ~[jetty-util-9.4.44.v20210927.jar:9.4.44.v20210927]
	at org.eclipse.jetty.util.thread.strategy.EatWhatYouKill.doProduce(EatWhatYouKill.java:315) ~[jetty-util-9.4.44.v20210927.jar:9.4.44.v20210927]
	at org.eclipse.jetty.util.thread.strategy.EatWhatYouKill.tryProduce(EatWhatYouKill.java:173) ~[jetty-util-9.4.44.v20210927.jar:9.4.44.v20210927]
	at org.eclipse.jetty.util.thread.strategy.EatWhatYouKill.produce(EatWhatYouKill.java:137) ~[jetty-util-9.4.44.v20210927.jar:9.4.44.v20210927]
	at org.eclipse.jetty.util.thread.QueuedThreadPool.runJob(QueuedThreadPool.java:883) ~[jetty-util-9.4.44.v20210927.jar:9.4.44.v20210927]
	at org.eclipse.jetty.util.thread.QueuedThreadPool$Runner.run(QueuedThreadPool.java:1034) ~[jetty-util-9.4.44.v20210927.jar:9.4.44.v20210927]
	at java.lang.Thread.run(Thread.java:1623) [?:?]
Caused by: javax.servlet.UnavailableException: Error processing the request. CoreContainer is either not initialized or shutting down.
	at org.apache.solr.servlet.SolrDispatchFilter.doFilter(SolrDispatchFilter.java:376) ~[?:?]
	at org.apache.solr.servlet.SolrDispatchFilter.doFilter(SolrDispatchFilter.java:357) ~[?:?]
	at org.eclipse.jetty.servlet.FilterHolder.doFilter(FilterHolder.java:201) ~[jetty-servlet-9.4.44.v20210927.jar:9.4.44.v20210927]
	at org.eclipse.jetty.servlet.ServletHandler$Chain.doFilter(ServletHandler.java:1601) ~[jetty-servlet-9.4.44.v20210927.jar:9.4.44.v20210927]
	at org.eclipse.jetty.servlet.ServletHandler.doHandle(ServletHandler.java:548) ~[jetty-servlet-9.4.44.v20210927.jar:9.4.44.v20210927]
	at org.eclipse.jetty.server.handler.ScopedHandler.handle(ScopedHandler.java:143) ~[jetty-server-9.4.44.v20210927.jar:9.4.44.v20210927]
	at org.eclipse.jetty.security.SecurityHandler.handle(SecurityHandler.java:600) ~[jetty-security-9.4.44.v20210927.jar:9.4.44.v20210927]
	at org.eclipse.jetty.server.handler.HandlerWrapper.handle(HandlerWrapper.java:127) ~[jetty-server-9.4.44.v20210927.jar:9.4.44.v20210927]
	at org.eclipse.jetty.server.handler.ScopedHandler.nextHandle(ScopedHandler.java:235) ~[jetty-server-9.4.44.v20210927.jar:9.4.44.v20210927]
	at org.eclipse.jetty.server.session.SessionHandler.doHandle(SessionHandler.java:1624) ~[jetty-server-9.4.44.v20210927.jar:9.4.44.v20210927]
	at org.eclipse.jetty.server.handler.ScopedHandler.nextHandle(ScopedHandler.java:233) ~[jetty-server-9.4.44.v20210927.jar:9.4.44.v20210927]
	at org.eclipse.jetty.server.handler.ContextHandler.doHandle(ContextHandler.java:1434) ~[jetty-server-9.4.44.v20210927.jar:9.4.44.v20210927]
	at org.eclipse.jetty.server.handler.ScopedHandler.nextScope(ScopedHandler.java:188) ~[jetty-server-9.4.44.v20210927.jar:9.4.44.v20210927]
	at org.eclipse.jetty.servlet.ServletHandler.doScope(ServletHandler.java:501) ~[jetty-servlet-9.4.44.v20210927.jar:9.4.44.v20210927]
	at org.eclipse.jetty.server.session.SessionHandler.doScope(SessionHandler.java:1594) ~[jetty-server-9.4.44.v20210927.jar:9.4.44.v20210927]
	at org.eclipse.jetty.server.handler.ScopedHandler.nextScope(ScopedHandler.java:186) ~[jetty-server-9.4.44.v20210927.jar:9.4.44.v20210927]
	at org.eclipse.jetty.server.handler.ContextHandler.doScope(ContextHandler.java:1349) ~[jetty-server-9.4.44.v20210927.jar:9.4.44.v20210927]
	at org.eclipse.jetty.server.handler.ScopedHandler.handle(ScopedHandler.java:141) ~[jetty-server-9.4.44.v20210927.jar:9.4.44.v20210927]
	at org.eclipse.jetty.server.handler.ContextHandlerCollection.handle(ContextHandlerCollection.java:191) ~[jetty-server-9.4.44.v20210927.jar:9.4.44.v20210927]
	at org.eclipse.jetty.server.handler.InetAccessHandler.handle(InetAccessHandler.java:177) ~[jetty-server-9.4.44.v20210927.jar:9.4.44.v20210927]
	at org.eclipse.jetty.server.handler.HandlerCollection.handle(HandlerCollection.java:146) ~[jetty-server-9.4.44.v20210927.jar:9.4.44.v20210927]
	... 19 more
2023-05-11 07:03:02.031 ERROR (qtp858232531-39) [   ] o.a.s.s.SolrDispatchFilter Error processing the request. CoreContainer is either not initialized or shutting down.
2023-05-11 07:03:02.031 WARN  (qtp858232531-39) [   ] o.e.j.s.HttpChannel /solr/admin/info/system => javax.servlet.ServletException: javax.servlet.UnavailableException: Error processing the request. CoreContainer is either not initialized or shutting down.
	at org.eclipse.jetty.server.handler.HandlerCollection.handle(HandlerCollection.java:162)
javax.servlet.ServletException: javax.servlet.UnavailableException: Error processing the request. CoreContainer is either not initialized or shutting down.
	at org.eclipse.jetty.server.handler.HandlerCollection.handle(HandlerCollection.java:162) ~[jetty-server-9.4.44.v20210927.jar:9.4.44.v20210927]
	at org.eclipse.jetty.server.handler.HandlerWrapper.handle(HandlerWrapper.java:127) ~[jetty-server-9.4.44.v20210927.jar:9.4.44.v20210927]
	at org.eclipse.jetty.rewrite.handler.RewriteHandler.handle(RewriteHandler.java:322) ~[jetty-rewrite-9.4.44.v20210927.jar:9.4.44.v20210927]
	at org.eclipse.jetty.server.handler.gzip.GzipHandler.handle(GzipHandler.java:763) ~[jetty-server-9.4.44.v20210927.jar:9.4.44.v20210927]
	at org.eclipse.jetty.server.handler.HandlerWrapper.handle(HandlerWrapper.java:127) ~[jetty-server-9.4.44.v20210927.jar:9.4.44.v20210927]
	at org.eclipse.jetty.server.Server.handle(Server.java:516) ~[jetty-server-9.4.44.v20210927.jar:9.4.44.v20210927]
	at org.eclipse.jetty.server.HttpChannel.lambda$handle$1(HttpChannel.java:400) ~[jetty-server-9.4.44.v20210927.jar:9.4.44.v20210927]
	at org.eclipse.jetty.server.HttpChannel.dispatch(HttpChannel.java:645) ~[jetty-server-9.4.44.v20210927.jar:9.4.44.v20210927]
	at org.eclipse.jetty.server.HttpChannel.handle(HttpChannel.java:392) ~[jetty-server-9.4.44.v20210927.jar:9.4.44.v20210927]
	at org.eclipse.jetty.server.HttpConnection.onFillable(HttpConnection.java:277) ~[jetty-server-9.4.44.v20210927.jar:9.4.44.v20210927]
	at org.eclipse.jetty.io.AbstractConnection$ReadCallback.succeeded(AbstractConnection.java:311) ~[jetty-io-9.4.44.v20210927.jar:9.4.44.v20210927]
	at org.eclipse.jetty.io.FillInterest.fillable(FillInterest.java:105) ~[jetty-io-9.4.44.v20210927.jar:9.4.44.v20210927]
	at org.eclipse.jetty.io.ChannelEndPoint$1.run(ChannelEndPoint.java:104) ~[jetty-io-9.4.44.v20210927.jar:9.4.44.v20210927]
	at org.eclipse.jetty.util.thread.strategy.EatWhatYouKill.runTask(EatWhatYouKill.java:338) ~[jetty-util-9.4.44.v20210927.jar:9.4.44.v20210927]
	at org.eclipse.jetty.util.thread.strategy.EatWhatYouKill.doProduce(EatWhatYouKill.java:315) ~[jetty-util-9.4.44.v20210927.jar:9.4.44.v20210927]
	at org.eclipse.jetty.util.thread.strategy.EatWhatYouKill.tryProduce(EatWhatYouKill.java:173) ~[jetty-util-9.4.44.v20210927.jar:9.4.44.v20210927]
	at org.eclipse.jetty.util.thread.strategy.EatWhatYouKill.run(EatWhatYouKill.java:131) ~[jetty-util-9.4.44.v20210927.jar:9.4.44.v20210927]
	at org.eclipse.jetty.util.thread.ReservedThreadExecutor$ReservedThread.run(ReservedThreadExecutor.java:409) ~[jetty-util-9.4.44.v20210927.jar:9.4.44.v20210927]
	at org.eclipse.jetty.util.thread.QueuedThreadPool.runJob(QueuedThreadPool.java:883) ~[jetty-util-9.4.44.v20210927.jar:9.4.44.v20210927]
	at org.eclipse.jetty.util.thread.QueuedThreadPool$Runner.run(QueuedThreadPool.java:1034) ~[jetty-util-9.4.44.v20210927.jar:9.4.44.v20210927]
	at java.lang.Thread.run(Thread.java:1623) [?:?]
Caused by: javax.servlet.UnavailableException: Error processing the request. CoreContainer is either not initialized or shutting down.
	at org.apache.solr.servlet.SolrDispatchFilter.doFilter(SolrDispatchFilter.java:376) ~[?:?]
	at org.apache.solr.servlet.SolrDispatchFilter.doFilter(SolrDispatchFilter.java:357) ~[?:?]
	at org.eclipse.jetty.servlet.FilterHolder.doFilter(FilterHolder.java:201) ~[jetty-servlet-9.4.44.v20210927.jar:9.4.44.v20210927]
	at org.eclipse.jetty.servlet.ServletHandler$Chain.doFilter(ServletHandler.java:1601) ~[jetty-servlet-9.4.44.v20210927.jar:9.4.44.v20210927]
	at org.eclipse.jetty.servlet.ServletHandler.doHandle(ServletHandler.java:548) ~[jetty-servlet-9.4.44.v20210927.jar:9.4.44.v20210927]
	at org.eclipse.jetty.server.handler.ScopedHandler.handle(ScopedHandler.java:143) ~[jetty-server-9.4.44.v20210927.jar:9.4.44.v20210927]
	at org.eclipse.jetty.security.SecurityHandler.handle(SecurityHandler.java:600) ~[jetty-security-9.4.44.v20210927.jar:9.4.44.v20210927]
	at org.eclipse.jetty.server.handler.HandlerWrapper.handle(HandlerWrapper.java:127) ~[jetty-server-9.4.44.v20210927.jar:9.4.44.v20210927]
	at org.eclipse.jetty.server.handler.ScopedHandler.nextHandle(ScopedHandler.java:235) ~[jetty-server-9.4.44.v20210927.jar:9.4.44.v20210927]
	at org.eclipse.jetty.server.session.SessionHandler.doHandle(SessionHandler.java:1624) ~[jetty-server-9.4.44.v20210927.jar:9.4.44.v20210927]
	at org.eclipse.jetty.server.handler.ScopedHandler.nextHandle(ScopedHandler.java:233) ~[jetty-server-9.4.44.v20210927.jar:9.4.44.v20210927]
	at org.eclipse.jetty.server.handler.ContextHandler.doHandle(ContextHandler.java:1434) ~[jetty-server-9.4.44.v20210927.jar:9.4.44.v20210927]
	at org.eclipse.jetty.server.handler.ScopedHandler.nextScope(ScopedHandler.java:188) ~[jetty-server-9.4.44.v20210927.jar:9.4.44.v20210927]
	at org.eclipse.jetty.servlet.ServletHandler.doScope(ServletHandler.java:501) ~[jetty-servlet-9.4.44.v20210927.jar:9.4.44.v20210927]
	at org.eclipse.jetty.server.session.SessionHandler.doScope(SessionHandler.java:1594) ~[jetty-server-9.4.44.v20210927.jar:9.4.44.v20210927]
	at org.eclipse.jetty.server.handler.ScopedHandler.nextScope(ScopedHandler.java:186) ~[jetty-server-9.4.44.v20210927.jar:9.4.44.v20210927]
	at org.eclipse.jetty.server.handler.ContextHandler.doScope(ContextHandler.java:1349) ~[jetty-server-9.4.44.v20210927.jar:9.4.44.v20210927]
	at org.eclipse.jetty.server.handler.ScopedHandler.handle(ScopedHandler.java:141) ~[jetty-server-9.4.44.v20210927.jar:9.4.44.v20210927]
	at org.eclipse.jetty.server.handler.ContextHandlerCollection.handle(ContextHandlerCollection.java:191) ~[jetty-server-9.4.44.v20210927.jar:9.4.44.v20210927]
	at org.eclipse.jetty.server.handler.InetAccessHandler.handle(InetAccessHandler.java:177) ~[jetty-server-9.4.44.v20210927.jar:9.4.44.v20210927]
	at org.eclipse.jetty.server.handler.HandlerCollection.handle(HandlerCollection.java:146) ~[jetty-server-9.4.44.v20210927.jar:9.4.44.v20210927]
	... 20 more
2023-05-11 07:03:04.039 ERROR (qtp858232531-40) [   ] o.a.s.s.SolrDispatchFilter Error processing the request. CoreContainer is either not initialized or shutting down.
2023-05-11 07:03:04.039 WARN  (qtp858232531-40) [   ] o.e.j.s.HttpChannel /solr/admin/info/system => javax.servlet.ServletException: javax.servlet.UnavailableException: Error processing the request. CoreContainer is either not initialized or shutting down.
	at org.eclipse.jetty.server.handler.HandlerCollection.handle(HandlerCollection.java:162)
javax.servlet.ServletException: javax.servlet.UnavailableException: Error processing the request. CoreContainer is either not initialized or shutting down.
	at org.eclipse.jetty.server.handler.HandlerCollection.handle(HandlerCollection.java:162) ~[jetty-server-9.4.44.v20210927.jar:9.4.44.v20210927]
	at org.eclipse.jetty.server.handler.HandlerWrapper.handle(HandlerWrapper.java:127) ~[jetty-server-9.4.44.v20210927.jar:9.4.44.v20210927]
	at org.eclipse.jetty.rewrite.handler.RewriteHandler.handle(RewriteHandler.java:322) ~[jetty-rewrite-9.4.44.v20210927.jar:9.4.44.v20210927]
	at org.eclipse.jetty.server.handler.gzip.GzipHandler.handle(GzipHandler.java:763) ~[jetty-server-9.4.44.v20210927.jar:9.4.44.v20210927]
	at org.eclipse.jetty.server.handler.HandlerWrapper.handle(HandlerWrapper.java:127) ~[jetty-server-9.4.44.v20210927.jar:9.4.44.v20210927]
	at org.eclipse.jetty.server.Server.handle(Server.java:516) ~[jetty-server-9.4.44.v20210927.jar:9.4.44.v20210927]
	at org.eclipse.jetty.server.HttpChannel.lambda$handle$1(HttpChannel.java:400) ~[jetty-server-9.4.44.v20210927.jar:9.4.44.v20210927]
	at org.eclipse.jetty.server.HttpChannel.dispatch(HttpChannel.java:645) ~[jetty-server-9.4.44.v20210927.jar:9.4.44.v20210927]
	at org.eclipse.jetty.server.HttpChannel.handle(HttpChannel.java:392) ~[jetty-server-9.4.44.v20210927.jar:9.4.44.v20210927]
	at org.eclipse.jetty.server.HttpConnection.onFillable(HttpConnection.java:277) ~[jetty-server-9.4.44.v20210927.jar:9.4.44.v20210927]
	at org.eclipse.jetty.io.AbstractConnection$ReadCallback.succeeded(AbstractConnection.java:311) ~[jetty-io-9.4.44.v20210927.jar:9.4.44.v20210927]
	at org.eclipse.jetty.io.FillInterest.fillable(FillInterest.java:105) ~[jetty-io-9.4.44.v20210927.jar:9.4.44.v20210927]
	at org.eclipse.jetty.io.ChannelEndPoint$1.run(ChannelEndPoint.java:104) ~[jetty-io-9.4.44.v20210927.jar:9.4.44.v20210927]
	at org.eclipse.jetty.util.thread.strategy.EatWhatYouKill.runTask(EatWhatYouKill.java:338) ~[jetty-util-9.4.44.v20210927.jar:9.4.44.v20210927]
	at org.eclipse.jetty.util.thread.strategy.EatWhatYouKill.doProduce(EatWhatYouKill.java:315) ~[jetty-util-9.4.44.v20210927.jar:9.4.44.v20210927]
	at org.eclipse.jetty.util.thread.strategy.EatWhatYouKill.tryProduce(EatWhatYouKill.java:173) ~[jetty-util-9.4.44.v20210927.jar:9.4.44.v20210927]
	at org.eclipse.jetty.util.thread.strategy.EatWhatYouKill.run(EatWhatYouKill.java:131) ~[jetty-util-9.4.44.v20210927.jar:9.4.44.v20210927]
	at org.eclipse.jetty.util.thread.ReservedThreadExecutor$ReservedThread.run(ReservedThreadExecutor.java:409) ~[jetty-util-9.4.44.v20210927.jar:9.4.44.v20210927]
	at org.eclipse.jetty.util.thread.QueuedThreadPool.runJob(QueuedThreadPool.java:883) ~[jetty-util-9.4.44.v20210927.jar:9.4.44.v20210927]
	at org.eclipse.jetty.util.thread.QueuedThreadPool$Runner.run(QueuedThreadPool.java:1034) ~[jetty-util-9.4.44.v20210927.jar:9.4.44.v20210927]
	at java.lang.Thread.run(Thread.java:1623) [?:?]
Caused by: javax.servlet.UnavailableException: Error processing the request. CoreContainer is either not initialized or shutting down.
	at org.apache.solr.servlet.SolrDispatchFilter.doFilter(SolrDispatchFilter.java:376) ~[?:?]
	at org.apache.solr.servlet.SolrDispatchFilter.doFilter(SolrDispatchFilter.java:357) ~[?:?]
	at org.eclipse.jetty.servlet.FilterHolder.doFilter(FilterHolder.java:201) ~[jetty-servlet-9.4.44.v20210927.jar:9.4.44.v20210927]
	at org.eclipse.jetty.servlet.ServletHandler$Chain.doFilter(ServletHandler.java:1601) ~[jetty-servlet-9.4.44.v20210927.jar:9.4.44.v20210927]
	at org.eclipse.jetty.servlet.ServletHandler.doHandle(ServletHandler.java:548) ~[jetty-servlet-9.4.44.v20210927.jar:9.4.44.v20210927]
	at org.eclipse.jetty.server.handler.ScopedHandler.handle(ScopedHandler.java:143) ~[jetty-server-9.4.44.v20210927.jar:9.4.44.v20210927]
	at org.eclipse.jetty.security.SecurityHandler.handle(SecurityHandler.java:600) ~[jetty-security-9.4.44.v20210927.jar:9.4.44.v20210927]
	at org.eclipse.jetty.server.handler.HandlerWrapper.handle(HandlerWrapper.java:127) ~[jetty-server-9.4.44.v20210927.jar:9.4.44.v20210927]
	at org.eclipse.jetty.server.handler.ScopedHandler.nextHandle(ScopedHandler.java:235) ~[jetty-server-9.4.44.v20210927.jar:9.4.44.v20210927]
	at org.eclipse.jetty.server.session.SessionHandler.doHandle(SessionHandler.java:1624) ~[jetty-server-9.4.44.v20210927.jar:9.4.44.v20210927]
	at org.eclipse.jetty.server.handler.ScopedHandler.nextHandle(ScopedHandler.java:233) ~[jetty-server-9.4.44.v20210927.jar:9.4.44.v20210927]
	at org.eclipse.jetty.server.handler.ContextHandler.doHandle(ContextHandler.java:1434) ~[jetty-server-9.4.44.v20210927.jar:9.4.44.v20210927]
	at org.eclipse.jetty.server.handler.ScopedHandler.nextScope(ScopedHandler.java:188) ~[jetty-server-9.4.44.v20210927.jar:9.4.44.v20210927]
	at org.eclipse.jetty.servlet.ServletHandler.doScope(ServletHandler.java:501) ~[jetty-servlet-9.4.44.v20210927.jar:9.4.44.v20210927]
	at org.eclipse.jetty.server.session.SessionHandler.doScope(SessionHandler.java:1594) ~[jetty-server-9.4.44.v20210927.jar:9.4.44.v20210927]
	at org.eclipse.jetty.server.handler.ScopedHandler.nextScope(ScopedHandler.java:186) ~[jetty-server-9.4.44.v20210927.jar:9.4.44.v20210927]
	at org.eclipse.jetty.server.handler.ContextHandler.doScope(ContextHandler.java:1349) ~[jetty-server-9.4.44.v20210927.jar:9.4.44.v20210927]
	at org.eclipse.jetty.server.handler.ScopedHandler.handle(ScopedHandler.java:141) ~[jetty-server-9.4.44.v20210927.jar:9.4.44.v20210927]
	at org.eclipse.jetty.server.handler.ContextHandlerCollection.handle(ContextHandlerCollection.java:191) ~[jetty-server-9.4.44.v20210927.jar:9.4.44.v20210927]
	at org.eclipse.jetty.server.handler.InetAccessHandler.handle(InetAccessHandler.java:177) ~[jetty-server-9.4.44.v20210927.jar:9.4.44.v20210927]
	at org.eclipse.jetty.server.handler.HandlerCollection.handle(HandlerCollection.java:146) ~[jetty-server-9.4.44.v20210927.jar:9.4.44.v20210927]
	... 20 more
2023-05-11 07:03:06.056 ERROR (qtp858232531-34) [   ] o.a.s.s.SolrDispatchFilter Error processing the request. CoreContainer is either not initialized or shutting down.
2023-05-11 07:03:06.056 WARN  (qtp858232531-34) [   ] o.e.j.s.HttpChannel /solr/admin/info/system => javax.servlet.ServletException: javax.servlet.UnavailableException: Error processing the request. CoreContainer is either not initialized or shutting down.
	at org.eclipse.jetty.server.handler.HandlerCollection.handle(HandlerCollection.java:162)
javax.servlet.ServletException: javax.servlet.UnavailableException: Error processing the request. CoreContainer is either not initialized or shutting down.
	at org.eclipse.jetty.server.handler.HandlerCollection.handle(HandlerCollection.java:162) ~[jetty-server-9.4.44.v20210927.jar:9.4.44.v20210927]
	at org.eclipse.jetty.server.handler.HandlerWrapper.handle(HandlerWrapper.java:127) ~[jetty-server-9.4.44.v20210927.jar:9.4.44.v20210927]
	at org.eclipse.jetty.rewrite.handler.RewriteHandler.handle(RewriteHandler.java:322) ~[jetty-rewrite-9.4.44.v20210927.jar:9.4.44.v20210927]
	at org.eclipse.jetty.server.handler.gzip.GzipHandler.handle(GzipHandler.java:763) ~[jetty-server-9.4.44.v20210927.jar:9.4.44.v20210927]
	at org.eclipse.jetty.server.handler.HandlerWrapper.handle(HandlerWrapper.java:127) ~[jetty-server-9.4.44.v20210927.jar:9.4.44.v20210927]
	at org.eclipse.jetty.server.Server.handle(Server.java:516) ~[jetty-server-9.4.44.v20210927.jar:9.4.44.v20210927]
	at org.eclipse.jetty.server.HttpChannel.lambda$handle$1(HttpChannel.java:400) ~[jetty-server-9.4.44.v20210927.jar:9.4.44.v20210927]
	at org.eclipse.jetty.server.HttpChannel.dispatch(HttpChannel.java:645) ~[jetty-server-9.4.44.v20210927.jar:9.4.44.v20210927]
	at org.eclipse.jetty.server.HttpChannel.handle(HttpChannel.java:392) ~[jetty-server-9.4.44.v20210927.jar:9.4.44.v20210927]
	at org.eclipse.jetty.server.HttpConnection.onFillable(HttpConnection.java:277) ~[jetty-server-9.4.44.v20210927.jar:9.4.44.v20210927]
	at org.eclipse.jetty.io.AbstractConnection$ReadCallback.succeeded(AbstractConnection.java:311) ~[jetty-io-9.4.44.v20210927.jar:9.4.44.v20210927]
	at org.eclipse.jetty.io.FillInterest.fillable(FillInterest.java:105) ~[jetty-io-9.4.44.v20210927.jar:9.4.44.v20210927]
	at org.eclipse.jetty.io.ChannelEndPoint$1.run(ChannelEndPoint.java:104) ~[jetty-io-9.4.44.v20210927.jar:9.4.44.v20210927]
	at org.eclipse.jetty.util.thread.strategy.EatWhatYouKill.runTask(EatWhatYouKill.java:338) ~[jetty-util-9.4.44.v20210927.jar:9.4.44.v20210927]
	at org.eclipse.jetty.util.thread.strategy.EatWhatYouKill.doProduce(EatWhatYouKill.java:315) ~[jetty-util-9.4.44.v20210927.jar:9.4.44.v20210927]
	at org.eclipse.jetty.util.thread.strategy.EatWhatYouKill.tryProduce(EatWhatYouKill.java:173) ~[jetty-util-9.4.44.v20210927.jar:9.4.44.v20210927]
	at org.eclipse.jetty.util.thread.strategy.EatWhatYouKill.run(EatWhatYouKill.java:131) ~[jetty-util-9.4.44.v20210927.jar:9.4.44.v20210927]
	at org.eclipse.jetty.util.thread.ReservedThreadExecutor$ReservedThread.run(ReservedThreadExecutor.java:409) ~[jetty-util-9.4.44.v20210927.jar:9.4.44.v20210927]
	at org.eclipse.jetty.util.thread.QueuedThreadPool.runJob(QueuedThreadPool.java:883) ~[jetty-util-9.4.44.v20210927.jar:9.4.44.v20210927]
	at org.eclipse.jetty.util.thread.QueuedThreadPool$Runner.run(QueuedThreadPool.java:1034) ~[jetty-util-9.4.44.v20210927.jar:9.4.44.v20210927]
	at java.lang.Thread.run(Thread.java:1623) [?:?]
Caused by: javax.servlet.UnavailableException: Error processing the request. CoreContainer is either not initialized or shutting down.
	at org.apache.solr.servlet.SolrDispatchFilter.doFilter(SolrDispatchFilter.java:376) ~[?:?]
	at org.apache.solr.servlet.SolrDispatchFilter.doFilter(SolrDispatchFilter.java:357) ~[?:?]
	at org.eclipse.jetty.servlet.FilterHolder.doFilter(FilterHolder.java:201) ~[jetty-servlet-9.4.44.v20210927.jar:9.4.44.v20210927]
	at org.eclipse.jetty.servlet.ServletHandler$Chain.doFilter(ServletHandler.java:1601) ~[jetty-servlet-9.4.44.v20210927.jar:9.4.44.v20210927]
	at org.eclipse.jetty.servlet.ServletHandler.doHandle(ServletHandler.java:548) ~[jetty-servlet-9.4.44.v20210927.jar:9.4.44.v20210927]
	at org.eclipse.jetty.server.handler.ScopedHandler.handle(ScopedHandler.java:143) ~[jetty-server-9.4.44.v20210927.jar:9.4.44.v20210927]
	at org.eclipse.jetty.security.SecurityHandler.handle(SecurityHandler.java:600) ~[jetty-security-9.4.44.v20210927.jar:9.4.44.v20210927]
	at org.eclipse.jetty.server.handler.HandlerWrapper.handle(HandlerWrapper.java:127) ~[jetty-server-9.4.44.v20210927.jar:9.4.44.v20210927]
	at org.eclipse.jetty.server.handler.ScopedHandler.nextHandle(ScopedHandler.java:235) ~[jetty-server-9.4.44.v20210927.jar:9.4.44.v20210927]
	at org.eclipse.jetty.server.session.SessionHandler.doHandle(SessionHandler.java:1624) ~[jetty-server-9.4.44.v20210927.jar:9.4.44.v20210927]
	at org.eclipse.jetty.server.handler.ScopedHandler.nextHandle(ScopedHandler.java:233) ~[jetty-server-9.4.44.v20210927.jar:9.4.44.v20210927]
	at org.eclipse.jetty.server.handler.ContextHandler.doHandle(ContextHandler.java:1434) ~[jetty-server-9.4.44.v20210927.jar:9.4.44.v20210927]
	at org.eclipse.jetty.server.handler.ScopedHandler.nextScope(ScopedHandler.java:188) ~[jetty-server-9.4.44.v20210927.jar:9.4.44.v20210927]
	at org.eclipse.jetty.servlet.ServletHandler.doScope(ServletHandler.java:501) ~[jetty-servlet-9.4.44.v20210927.jar:9.4.44.v20210927]
	at org.eclipse.jetty.server.session.SessionHandler.doScope(SessionHandler.java:1594) ~[jetty-server-9.4.44.v20210927.jar:9.4.44.v20210927]
	at org.eclipse.jetty.server.handler.ScopedHandler.nextScope(ScopedHandler.java:186) ~[jetty-server-9.4.44.v20210927.jar:9.4.44.v20210927]
	at org.eclipse.jetty.server.handler.ContextHandler.doScope(ContextHandler.java:1349) ~[jetty-server-9.4.44.v20210927.jar:9.4.44.v20210927]
	at org.eclipse.jetty.server.handler.ScopedHandler.handle(ScopedHandler.java:141) ~[jetty-server-9.4.44.v20210927.jar:9.4.44.v20210927]
	at org.eclipse.jetty.server.handler.ContextHandlerCollection.handle(ContextHandlerCollection.java:191) ~[jetty-server-9.4.44.v20210927.jar:9.4.44.v20210927]
	at org.eclipse.jetty.server.handler.InetAccessHandler.handle(InetAccessHandler.java:177) ~[jetty-server-9.4.44.v20210927.jar:9.4.44.v20210927]
	at org.eclipse.jetty.server.handler.HandlerCollection.handle(HandlerCollection.java:146) ~[jetty-server-9.4.44.v20210927.jar:9.4.44.v20210927]
	... 20 more
2023-05-11 07:03:08.068 ERROR (qtp858232531-35) [   ] o.a.s.s.SolrDispatchFilter Error processing the request. CoreContainer is either not initialized or shutting down.
2023-05-11 07:03:08.068 WARN  (qtp858232531-35) [   ] o.e.j.s.HttpChannel /solr/admin/info/system => javax.servlet.ServletException: javax.servlet.UnavailableException: Error processing the request. CoreContainer is either not initialized or shutting down.
	at org.eclipse.jetty.server.handler.HandlerCollection.handle(HandlerCollection.java:162)
javax.servlet.ServletException: javax.servlet.UnavailableException: Error processing the request. CoreContainer is either not initialized or shutting down.
	at org.eclipse.jetty.server.handler.HandlerCollection.handle(HandlerCollection.java:162) ~[jetty-server-9.4.44.v20210927.jar:9.4.44.v20210927]
	at org.eclipse.jetty.server.handler.HandlerWrapper.handle(HandlerWrapper.java:127) ~[jetty-server-9.4.44.v20210927.jar:9.4.44.v20210927]
	at org.eclipse.jetty.rewrite.handler.RewriteHandler.handle(RewriteHandler.java:322) ~[jetty-rewrite-9.4.44.v20210927.jar:9.4.44.v20210927]
	at org.eclipse.jetty.server.handler.gzip.GzipHandler.handle(GzipHandler.java:763) ~[jetty-server-9.4.44.v20210927.jar:9.4.44.v20210927]
	at org.eclipse.jetty.server.handler.HandlerWrapper.handle(HandlerWrapper.java:127) ~[jetty-server-9.4.44.v20210927.jar:9.4.44.v20210927]
	at org.eclipse.jetty.server.Server.handle(Server.java:516) ~[jetty-server-9.4.44.v20210927.jar:9.4.44.v20210927]
	at org.eclipse.jetty.server.HttpChannel.lambda$handle$1(HttpChannel.java:400) ~[jetty-server-9.4.44.v20210927.jar:9.4.44.v20210927]
	at org.eclipse.jetty.server.HttpChannel.dispatch(HttpChannel.java:645) ~[jetty-server-9.4.44.v20210927.jar:9.4.44.v20210927]
	at org.eclipse.jetty.server.HttpChannel.handle(HttpChannel.java:392) ~[jetty-server-9.4.44.v20210927.jar:9.4.44.v20210927]
	at org.eclipse.jetty.server.HttpConnection.onFillable(HttpConnection.java:277) ~[jetty-server-9.4.44.v20210927.jar:9.4.44.v20210927]
	at org.eclipse.jetty.io.AbstractConnection$ReadCallback.succeeded(AbstractConnection.java:311) ~[jetty-io-9.4.44.v20210927.jar:9.4.44.v20210927]
	at org.eclipse.jetty.io.FillInterest.fillable(FillInterest.java:105) ~[jetty-io-9.4.44.v20210927.jar:9.4.44.v20210927]
	at org.eclipse.jetty.io.ChannelEndPoint$1.run(ChannelEndPoint.java:104) ~[jetty-io-9.4.44.v20210927.jar:9.4.44.v20210927]
	at org.eclipse.jetty.util.thread.strategy.EatWhatYouKill.runTask(EatWhatYouKill.java:338) ~[jetty-util-9.4.44.v20210927.jar:9.4.44.v20210927]
	at org.eclipse.jetty.util.thread.strategy.EatWhatYouKill.doProduce(EatWhatYouKill.java:315) ~[jetty-util-9.4.44.v20210927.jar:9.4.44.v20210927]
	at org.eclipse.jetty.util.thread.strategy.EatWhatYouKill.tryProduce(EatWhatYouKill.java:173) ~[jetty-util-9.4.44.v20210927.jar:9.4.44.v20210927]
	at org.eclipse.jetty.util.thread.strategy.EatWhatYouKill.run(EatWhatYouKill.java:131) ~[jetty-util-9.4.44.v20210927.jar:9.4.44.v20210927]
	at org.eclipse.jetty.util.thread.ReservedThreadExecutor$ReservedThread.run(ReservedThreadExecutor.java:409) ~[jetty-util-9.4.44.v20210927.jar:9.4.44.v20210927]
	at org.eclipse.jetty.util.thread.QueuedThreadPool.runJob(QueuedThreadPool.java:883) ~[jetty-util-9.4.44.v20210927.jar:9.4.44.v20210927]
	at org.eclipse.jetty.util.thread.QueuedThreadPool$Runner.run(QueuedThreadPool.java:1034) ~[jetty-util-9.4.44.v20210927.jar:9.4.44.v20210927]
	at java.lang.Thread.run(Thread.java:1623) [?:?]
Caused by: javax.servlet.UnavailableException: Error processing the request. CoreContainer is either not initialized or shutting down.
	at org.apache.solr.servlet.SolrDispatchFilter.doFilter(SolrDispatchFilter.java:376) ~[?:?]
	at org.apache.solr.servlet.SolrDispatchFilter.doFilter(SolrDispatchFilter.java:357) ~[?:?]
	at org.eclipse.jetty.servlet.FilterHolder.doFilter(FilterHolder.java:201) ~[jetty-servlet-9.4.44.v20210927.jar:9.4.44.v20210927]
	at org.eclipse.jetty.servlet.ServletHandler$Chain.doFilter(ServletHandler.java:1601) ~[jetty-servlet-9.4.44.v20210927.jar:9.4.44.v20210927]
	at org.eclipse.jetty.servlet.ServletHandler.doHandle(ServletHandler.java:548) ~[jetty-servlet-9.4.44.v20210927.jar:9.4.44.v20210927]
	at org.eclipse.jetty.server.handler.ScopedHandler.handle(ScopedHandler.java:143) ~[jetty-server-9.4.44.v20210927.jar:9.4.44.v20210927]
	at org.eclipse.jetty.security.SecurityHandler.handle(SecurityHandler.java:600) ~[jetty-security-9.4.44.v20210927.jar:9.4.44.v20210927]
	at org.eclipse.jetty.server.handler.HandlerWrapper.handle(HandlerWrapper.java:127) ~[jetty-server-9.4.44.v20210927.jar:9.4.44.v20210927]
	at org.eclipse.jetty.server.handler.ScopedHandler.nextHandle(ScopedHandler.java:235) ~[jetty-server-9.4.44.v20210927.jar:9.4.44.v20210927]
	at org.eclipse.jetty.server.session.SessionHandler.doHandle(SessionHandler.java:1624) ~[jetty-server-9.4.44.v20210927.jar:9.4.44.v20210927]
	at org.eclipse.jetty.server.handler.ScopedHandler.nextHandle(ScopedHandler.java:233) ~[jetty-server-9.4.44.v20210927.jar:9.4.44.v20210927]
	at org.eclipse.jetty.server.handler.ContextHandler.doHandle(ContextHandler.java:1434) ~[jetty-server-9.4.44.v20210927.jar:9.4.44.v20210927]
	at org.eclipse.jetty.server.handler.ScopedHandler.nextScope(ScopedHandler.java:188) ~[jetty-server-9.4.44.v20210927.jar:9.4.44.v20210927]
	at org.eclipse.jetty.servlet.ServletHandler.doScope(ServletHandler.java:501) ~[jetty-servlet-9.4.44.v20210927.jar:9.4.44.v20210927]
	at org.eclipse.jetty.server.session.SessionHandler.doScope(SessionHandler.java:1594) ~[jetty-server-9.4.44.v20210927.jar:9.4.44.v20210927]
	at org.eclipse.jetty.server.handler.ScopedHandler.nextScope(ScopedHandler.java:186) ~[jetty-server-9.4.44.v20210927.jar:9.4.44.v20210927]
	at org.eclipse.jetty.server.handler.ContextHandler.doScope(ContextHandler.java:1349) ~[jetty-server-9.4.44.v20210927.jar:9.4.44.v20210927]
	at org.eclipse.jetty.server.handler.ScopedHandler.handle(ScopedHandler.java:141) ~[jetty-server-9.4.44.v20210927.jar:9.4.44.v20210927]
	at org.eclipse.jetty.server.handler.ContextHandlerCollection.handle(ContextHandlerCollection.java:191) ~[jetty-server-9.4.44.v20210927.jar:9.4.44.v20210927]
	at org.eclipse.jetty.server.handler.InetAccessHandler.handle(InetAccessHandler.java:177) ~[jetty-server-9.4.44.v20210927.jar:9.4.44.v20210927]
	at org.eclipse.jetty.server.handler.HandlerCollection.handle(HandlerCollection.java:146) ~[jetty-server-9.4.44.v20210927.jar:9.4.44.v20210927]
	... 20 more
2023-05-11 07:03:10.077 ERROR (qtp858232531-39) [   ] o.a.s.s.SolrDispatchFilter Error processing the request. CoreContainer is either not initialized or shutting down.
2023-05-11 07:03:10.077 WARN  (qtp858232531-39) [   ] o.e.j.s.HttpChannel /solr/admin/info/system => javax.servlet.ServletException: javax.servlet.UnavailableException: Error processing the request. CoreContainer is either not initialized or shutting down.
	at org.eclipse.jetty.server.handler.HandlerCollection.handle(HandlerCollection.java:162)
javax.servlet.ServletException: javax.servlet.UnavailableException: Error processing the request. CoreContainer is either not initialized or shutting down.
	at org.eclipse.jetty.server.handler.HandlerCollection.handle(HandlerCollection.java:162) ~[jetty-server-9.4.44.v20210927.jar:9.4.44.v20210927]
	at org.eclipse.jetty.server.handler.HandlerWrapper.handle(HandlerWrapper.java:127) ~[jetty-server-9.4.44.v20210927.jar:9.4.44.v20210927]
	at org.eclipse.jetty.rewrite.handler.RewriteHandler.handle(RewriteHandler.java:322) ~[jetty-rewrite-9.4.44.v20210927.jar:9.4.44.v20210927]
	at org.eclipse.jetty.server.handler.gzip.GzipHandler.handle(GzipHandler.java:763) ~[jetty-server-9.4.44.v20210927.jar:9.4.44.v20210927]
	at org.eclipse.jetty.server.handler.HandlerWrapper.handle(HandlerWrapper.java:127) ~[jetty-server-9.4.44.v20210927.jar:9.4.44.v20210927]
	at org.eclipse.jetty.server.Server.handle(Server.java:516) ~[jetty-server-9.4.44.v20210927.jar:9.4.44.v20210927]
	at org.eclipse.jetty.server.HttpChannel.lambda$handle$1(HttpChannel.java:400) ~[jetty-server-9.4.44.v20210927.jar:9.4.44.v20210927]
	at org.eclipse.jetty.server.HttpChannel.dispatch(HttpChannel.java:645) ~[jetty-server-9.4.44.v20210927.jar:9.4.44.v20210927]
	at org.eclipse.jetty.server.HttpChannel.handle(HttpChannel.java:392) ~[jetty-server-9.4.44.v20210927.jar:9.4.44.v20210927]
	at org.eclipse.jetty.server.HttpConnection.onFillable(HttpConnection.java:277) ~[jetty-server-9.4.44.v20210927.jar:9.4.44.v20210927]
	at org.eclipse.jetty.io.AbstractConnection$ReadCallback.succeeded(AbstractConnection.java:311) ~[jetty-io-9.4.44.v20210927.jar:9.4.44.v20210927]
	at org.eclipse.jetty.io.FillInterest.fillable(FillInterest.java:105) ~[jetty-io-9.4.44.v20210927.jar:9.4.44.v20210927]
	at org.eclipse.jetty.io.ChannelEndPoint$1.run(ChannelEndPoint.java:104) ~[jetty-io-9.4.44.v20210927.jar:9.4.44.v20210927]
	at org.eclipse.jetty.util.thread.strategy.EatWhatYouKill.runTask(EatWhatYouKill.java:338) ~[jetty-util-9.4.44.v20210927.jar:9.4.44.v20210927]
	at org.eclipse.jetty.util.thread.strategy.EatWhatYouKill.doProduce(EatWhatYouKill.java:315) ~[jetty-util-9.4.44.v20210927.jar:9.4.44.v20210927]
	at org.eclipse.jetty.util.thread.strategy.EatWhatYouKill.tryProduce(EatWhatYouKill.java:173) ~[jetty-util-9.4.44.v20210927.jar:9.4.44.v20210927]
	at org.eclipse.jetty.util.thread.strategy.EatWhatYouKill.run(EatWhatYouKill.java:131) ~[jetty-util-9.4.44.v20210927.jar:9.4.44.v20210927]
	at org.eclipse.jetty.util.thread.ReservedThreadExecutor$ReservedThread.run(ReservedThreadExecutor.java:409) ~[jetty-util-9.4.44.v20210927.jar:9.4.44.v20210927]
	at org.eclipse.jetty.util.thread.QueuedThreadPool.runJob(QueuedThreadPool.java:883) ~[jetty-util-9.4.44.v20210927.jar:9.4.44.v20210927]
	at org.eclipse.jetty.util.thread.QueuedThreadPool$Runner.run(QueuedThreadPool.java:1034) ~[jetty-util-9.4.44.v20210927.jar:9.4.44.v20210927]
	at java.lang.Thread.run(Thread.java:1623) [?:?]
Caused by: javax.servlet.UnavailableException: Error processing the request. CoreContainer is either not initialized or shutting down.
	at org.apache.solr.servlet.SolrDispatchFilter.doFilter(SolrDispatchFilter.java:376) ~[?:?]
	at org.apache.solr.servlet.SolrDispatchFilter.doFilter(SolrDispatchFilter.java:357) ~[?:?]
	at org.eclipse.jetty.servlet.FilterHolder.doFilter(FilterHolder.java:201) ~[jetty-servlet-9.4.44.v20210927.jar:9.4.44.v20210927]
	at org.eclipse.jetty.servlet.ServletHandler$Chain.doFilter(ServletHandler.java:1601) ~[jetty-servlet-9.4.44.v20210927.jar:9.4.44.v20210927]
	at org.eclipse.jetty.servlet.ServletHandler.doHandle(ServletHandler.java:548) ~[jetty-servlet-9.4.44.v20210927.jar:9.4.44.v20210927]
	at org.eclipse.jetty.server.handler.ScopedHandler.handle(ScopedHandler.java:143) ~[jetty-server-9.4.44.v20210927.jar:9.4.44.v20210927]
	at org.eclipse.jetty.security.SecurityHandler.handle(SecurityHandler.java:600) ~[jetty-security-9.4.44.v20210927.jar:9.4.44.v20210927]
	at org.eclipse.jetty.server.handler.HandlerWrapper.handle(HandlerWrapper.java:127) ~[jetty-server-9.4.44.v20210927.jar:9.4.44.v20210927]
	at org.eclipse.jetty.server.handler.ScopedHandler.nextHandle(ScopedHandler.java:235) ~[jetty-server-9.4.44.v20210927.jar:9.4.44.v20210927]
	at org.eclipse.jetty.server.session.SessionHandler.doHandle(SessionHandler.java:1624) ~[jetty-server-9.4.44.v20210927.jar:9.4.44.v20210927]
	at org.eclipse.jetty.server.handler.ScopedHandler.nextHandle(ScopedHandler.java:233) ~[jetty-server-9.4.44.v20210927.jar:9.4.44.v20210927]
	at org.eclipse.jetty.server.handler.ContextHandler.doHandle(ContextHandler.java:1434) ~[jetty-server-9.4.44.v20210927.jar:9.4.44.v20210927]
	at org.eclipse.jetty.server.handler.ScopedHandler.nextScope(ScopedHandler.java:188) ~[jetty-server-9.4.44.v20210927.jar:9.4.44.v20210927]
	at org.eclipse.jetty.servlet.ServletHandler.doScope(ServletHandler.java:501) ~[jetty-servlet-9.4.44.v20210927.jar:9.4.44.v20210927]
	at org.eclipse.jetty.server.session.SessionHandler.doScope(SessionHandler.java:1594) ~[jetty-server-9.4.44.v20210927.jar:9.4.44.v20210927]
	at org.eclipse.jetty.server.handler.ScopedHandler.nextScope(ScopedHandler.java:186) ~[jetty-server-9.4.44.v20210927.jar:9.4.44.v20210927]
	at org.eclipse.jetty.server.handler.ContextHandler.doScope(ContextHandler.java:1349) ~[jetty-server-9.4.44.v20210927.jar:9.4.44.v20210927]
	at org.eclipse.jetty.server.handler.ScopedHandler.handle(ScopedHandler.java:141) ~[jetty-server-9.4.44.v20210927.jar:9.4.44.v20210927]
	at org.eclipse.jetty.server.handler.ContextHandlerCollection.handle(ContextHandlerCollection.java:191) ~[jetty-server-9.4.44.v20210927.jar:9.4.44.v20210927]
	at org.eclipse.jetty.server.handler.InetAccessHandler.handle(InetAccessHandler.java:177) ~[jetty-server-9.4.44.v20210927.jar:9.4.44.v20210927]
	at org.eclipse.jetty.server.handler.HandlerCollection.handle(HandlerCollection.java:146) ~[jetty-server-9.4.44.v20210927.jar:9.4.44.v20210927]
	... 20 more
2023-05-11 07:03:12.093 ERROR (qtp858232531-40) [   ] o.a.s.s.SolrDispatchFilter Error processing the request. CoreContainer is either not initialized or shutting down.
2023-05-11 07:03:12.094 WARN  (qtp858232531-40) [   ] o.e.j.s.HttpChannel /solr/admin/info/system => javax.servlet.ServletException: javax.servlet.UnavailableException: Error processing the request. CoreContainer is either not initialized or shutting down.
	at org.eclipse.jetty.server.handler.HandlerCollection.handle(HandlerCollection.java:162)
javax.servlet.ServletException: javax.servlet.UnavailableException: Error processing the request. CoreContainer is either not initialized or shutting down.
	at org.eclipse.jetty.server.handler.HandlerCollection.handle(HandlerCollection.java:162) ~[jetty-server-9.4.44.v20210927.jar:9.4.44.v20210927]
	at org.eclipse.jetty.server.handler.HandlerWrapper.handle(HandlerWrapper.java:127) ~[jetty-server-9.4.44.v20210927.jar:9.4.44.v20210927]
	at org.eclipse.jetty.rewrite.handler.RewriteHandler.handle(RewriteHandler.java:322) ~[jetty-rewrite-9.4.44.v20210927.jar:9.4.44.v20210927]
	at org.eclipse.jetty.server.handler.gzip.GzipHandler.handle(GzipHandler.java:763) ~[jetty-server-9.4.44.v20210927.jar:9.4.44.v20210927]
	at org.eclipse.jetty.server.handler.HandlerWrapper.handle(HandlerWrapper.java:127) ~[jetty-server-9.4.44.v20210927.jar:9.4.44.v20210927]
	at org.eclipse.jetty.server.Server.handle(Server.java:516) ~[jetty-server-9.4.44.v20210927.jar:9.4.44.v20210927]
	at org.eclipse.jetty.server.HttpChannel.lambda$handle$1(HttpChannel.java:400) ~[jetty-server-9.4.44.v20210927.jar:9.4.44.v20210927]
	at org.eclipse.jetty.server.HttpChannel.dispatch(HttpChannel.java:645) ~[jetty-server-9.4.44.v20210927.jar:9.4.44.v20210927]
	at org.eclipse.jetty.server.HttpChannel.handle(HttpChannel.java:392) ~[jetty-server-9.4.44.v20210927.jar:9.4.44.v20210927]
	at org.eclipse.jetty.server.HttpConnection.onFillable(HttpConnection.java:277) ~[jetty-server-9.4.44.v20210927.jar:9.4.44.v20210927]
	at org.eclipse.jetty.io.AbstractConnection$ReadCallback.succeeded(AbstractConnection.java:311) ~[jetty-io-9.4.44.v20210927.jar:9.4.44.v20210927]
	at org.eclipse.jetty.io.FillInterest.fillable(FillInterest.java:105) ~[jetty-io-9.4.44.v20210927.jar:9.4.44.v20210927]
	at org.eclipse.jetty.io.ChannelEndPoint$1.run(ChannelEndPoint.java:104) ~[jetty-io-9.4.44.v20210927.jar:9.4.44.v20210927]
	at org.eclipse.jetty.util.thread.strategy.EatWhatYouKill.runTask(EatWhatYouKill.java:338) ~[jetty-util-9.4.44.v20210927.jar:9.4.44.v20210927]
	at org.eclipse.jetty.util.thread.strategy.EatWhatYouKill.doProduce(EatWhatYouKill.java:315) ~[jetty-util-9.4.44.v20210927.jar:9.4.44.v20210927]
	at org.eclipse.jetty.util.thread.strategy.EatWhatYouKill.tryProduce(EatWhatYouKill.java:173) ~[jetty-util-9.4.44.v20210927.jar:9.4.44.v20210927]
	at org.eclipse.jetty.util.thread.strategy.EatWhatYouKill.run(EatWhatYouKill.java:131) ~[jetty-util-9.4.44.v20210927.jar:9.4.44.v20210927]
	at org.eclipse.jetty.util.thread.ReservedThreadExecutor$ReservedThread.run(ReservedThreadExecutor.java:409) ~[jetty-util-9.4.44.v20210927.jar:9.4.44.v20210927]
	at org.eclipse.jetty.util.thread.QueuedThreadPool.runJob(QueuedThreadPool.java:883) ~[jetty-util-9.4.44.v20210927.jar:9.4.44.v20210927]
	at org.eclipse.jetty.util.thread.QueuedThreadPool$Runner.run(QueuedThreadPool.java:1034) ~[jetty-util-9.4.44.v20210927.jar:9.4.44.v20210927]
	at java.lang.Thread.run(Thread.java:1623) [?:?]
Caused by: javax.servlet.UnavailableException: Error processing the request. CoreContainer is either not initialized or shutting down.
	at org.apache.solr.servlet.SolrDispatchFilter.doFilter(SolrDispatchFilter.java:376) ~[?:?]
	at org.apache.solr.servlet.SolrDispatchFilter.doFilter(SolrDispatchFilter.java:357) ~[?:?]
	at org.eclipse.jetty.servlet.FilterHolder.doFilter(FilterHolder.java:201) ~[jetty-servlet-9.4.44.v20210927.jar:9.4.44.v20210927]
	at org.eclipse.jetty.servlet.ServletHandler$Chain.doFilter(ServletHandler.java:1601) ~[jetty-servlet-9.4.44.v20210927.jar:9.4.44.v20210927]
	at org.eclipse.jetty.servlet.ServletHandler.doHandle(ServletHandler.java:548) ~[jetty-servlet-9.4.44.v20210927.jar:9.4.44.v20210927]
	at org.eclipse.jetty.server.handler.ScopedHandler.handle(ScopedHandler.java:143) ~[jetty-server-9.4.44.v20210927.jar:9.4.44.v20210927]
	at org.eclipse.jetty.security.SecurityHandler.handle(SecurityHandler.java:600) ~[jetty-security-9.4.44.v20210927.jar:9.4.44.v20210927]
	at org.eclipse.jetty.server.handler.HandlerWrapper.handle(HandlerWrapper.java:127) ~[jetty-server-9.4.44.v20210927.jar:9.4.44.v20210927]
	at org.eclipse.jetty.server.handler.ScopedHandler.nextHandle(ScopedHandler.java:235) ~[jetty-server-9.4.44.v20210927.jar:9.4.44.v20210927]
	at org.eclipse.jetty.server.session.SessionHandler.doHandle(SessionHandler.java:1624) ~[jetty-server-9.4.44.v20210927.jar:9.4.44.v20210927]
	at org.eclipse.jetty.server.handler.ScopedHandler.nextHandle(ScopedHandler.java:233) ~[jetty-server-9.4.44.v20210927.jar:9.4.44.v20210927]
	at org.eclipse.jetty.server.handler.ContextHandler.doHandle(ContextHandler.java:1434) ~[jetty-server-9.4.44.v20210927.jar:9.4.44.v20210927]
	at org.eclipse.jetty.server.handler.ScopedHandler.nextScope(ScopedHandler.java:188) ~[jetty-server-9.4.44.v20210927.jar:9.4.44.v20210927]
	at org.eclipse.jetty.servlet.ServletHandler.doScope(ServletHandler.java:501) ~[jetty-servlet-9.4.44.v20210927.jar:9.4.44.v20210927]
	at org.eclipse.jetty.server.session.SessionHandler.doScope(SessionHandler.java:1594) ~[jetty-server-9.4.44.v20210927.jar:9.4.44.v20210927]
	at org.eclipse.jetty.server.handler.ScopedHandler.nextScope(ScopedHandler.java:186) ~[jetty-server-9.4.44.v20210927.jar:9.4.44.v20210927]
	at org.eclipse.jetty.server.handler.ContextHandler.doScope(ContextHandler.java:1349) ~[jetty-server-9.4.44.v20210927.jar:9.4.44.v20210927]
	at org.eclipse.jetty.server.handler.ScopedHandler.handle(ScopedHandler.java:141) ~[jetty-server-9.4.44.v20210927.jar:9.4.44.v20210927]
	at org.eclipse.jetty.server.handler.ContextHandlerCollection.handle(ContextHandlerCollection.java:191) ~[jetty-server-9.4.44.v20210927.jar:9.4.44.v20210927]
	at org.eclipse.jetty.server.handler.InetAccessHandler.handle(InetAccessHandler.java:177) ~[jetty-server-9.4.44.v20210927.jar:9.4.44.v20210927]
	at org.eclipse.jetty.server.handler.HandlerCollection.handle(HandlerCollection.java:146) ~[jetty-server-9.4.44.v20210927.jar:9.4.44.v20210927]
	... 20 more
2023-05-11 07:03:14.102 ERROR (qtp858232531-34) [   ] o.a.s.s.SolrDispatchFilter Error processing the request. CoreContainer is either not initialized or shutting down.
2023-05-11 07:03:14.102 WARN  (qtp858232531-34) [   ] o.e.j.s.HttpChannel /solr/admin/info/system => javax.servlet.ServletException: javax.servlet.UnavailableException: Error processing the request. CoreContainer is either not initialized or shutting down.
	at org.eclipse.jetty.server.handler.HandlerCollection.handle(HandlerCollection.java:162)
javax.servlet.ServletException: javax.servlet.UnavailableException: Error processing the request. CoreContainer is either not initialized or shutting down.
	at org.eclipse.jetty.server.handler.HandlerCollection.handle(HandlerCollection.java:162) ~[jetty-server-9.4.44.v20210927.jar:9.4.44.v20210927]
	at org.eclipse.jetty.server.handler.HandlerWrapper.handle(HandlerWrapper.java:127) ~[jetty-server-9.4.44.v20210927.jar:9.4.44.v20210927]
	at org.eclipse.jetty.rewrite.handler.RewriteHandler.handle(RewriteHandler.java:322) ~[jetty-rewrite-9.4.44.v20210927.jar:9.4.44.v20210927]
	at org.eclipse.jetty.server.handler.gzip.GzipHandler.handle(GzipHandler.java:763) ~[jetty-server-9.4.44.v20210927.jar:9.4.44.v20210927]
	at org.eclipse.jetty.server.handler.HandlerWrapper.handle(HandlerWrapper.java:127) ~[jetty-server-9.4.44.v20210927.jar:9.4.44.v20210927]
	at org.eclipse.jetty.server.Server.handle(Server.java:516) ~[jetty-server-9.4.44.v20210927.jar:9.4.44.v20210927]
	at org.eclipse.jetty.server.HttpChannel.lambda$handle$1(HttpChannel.java:400) ~[jetty-server-9.4.44.v20210927.jar:9.4.44.v20210927]
	at org.eclipse.jetty.server.HttpChannel.dispatch(HttpChannel.java:645) ~[jetty-server-9.4.44.v20210927.jar:9.4.44.v20210927]
	at org.eclipse.jetty.server.HttpChannel.handle(HttpChannel.java:392) ~[jetty-server-9.4.44.v20210927.jar:9.4.44.v20210927]
	at org.eclipse.jetty.server.HttpConnection.onFillable(HttpConnection.java:277) ~[jetty-server-9.4.44.v20210927.jar:9.4.44.v20210927]
	at org.eclipse.jetty.io.AbstractConnection$ReadCallback.succeeded(AbstractConnection.java:311) ~[jetty-io-9.4.44.v20210927.jar:9.4.44.v20210927]
	at org.eclipse.jetty.io.FillInterest.fillable(FillInterest.java:105) ~[jetty-io-9.4.44.v20210927.jar:9.4.44.v20210927]
	at org.eclipse.jetty.io.ChannelEndPoint$1.run(ChannelEndPoint.java:104) ~[jetty-io-9.4.44.v20210927.jar:9.4.44.v20210927]
	at org.eclipse.jetty.util.thread.strategy.EatWhatYouKill.runTask(EatWhatYouKill.java:338) ~[jetty-util-9.4.44.v20210927.jar:9.4.44.v20210927]
	at org.eclipse.jetty.util.thread.strategy.EatWhatYouKill.doProduce(EatWhatYouKill.java:315) ~[jetty-util-9.4.44.v20210927.jar:9.4.44.v20210927]
	at org.eclipse.jetty.util.thread.strategy.EatWhatYouKill.tryProduce(EatWhatYouKill.java:173) ~[jetty-util-9.4.44.v20210927.jar:9.4.44.v20210927]
	at org.eclipse.jetty.util.thread.strategy.EatWhatYouKill.run(EatWhatYouKill.java:131) ~[jetty-util-9.4.44.v20210927.jar:9.4.44.v20210927]
	at org.eclipse.jetty.util.thread.ReservedThreadExecutor$ReservedThread.run(ReservedThreadExecutor.java:409) ~[jetty-util-9.4.44.v20210927.jar:9.4.44.v20210927]
	at org.eclipse.jetty.util.thread.QueuedThreadPool.runJob(QueuedThreadPool.java:883) ~[jetty-util-9.4.44.v20210927.jar:9.4.44.v20210927]
	at org.eclipse.jetty.util.thread.QueuedThreadPool$Runner.run(QueuedThreadPool.java:1034) ~[jetty-util-9.4.44.v20210927.jar:9.4.44.v20210927]
	at java.lang.Thread.run(Thread.java:1623) [?:?]
Caused by: javax.servlet.UnavailableException: Error processing the request. CoreContainer is either not initialized or shutting down.
	at org.apache.solr.servlet.SolrDispatchFilter.doFilter(SolrDispatchFilter.java:376) ~[?:?]
	at org.apache.solr.servlet.SolrDispatchFilter.doFilter(SolrDispatchFilter.java:357) ~[?:?]
	at org.eclipse.jetty.servlet.FilterHolder.doFilter(FilterHolder.java:201) ~[jetty-servlet-9.4.44.v20210927.jar:9.4.44.v20210927]
	at org.eclipse.jetty.servlet.ServletHandler$Chain.doFilter(ServletHandler.java:1601) ~[jetty-servlet-9.4.44.v20210927.jar:9.4.44.v20210927]
	at org.eclipse.jetty.servlet.ServletHandler.doHandle(ServletHandler.java:548) ~[jetty-servlet-9.4.44.v20210927.jar:9.4.44.v20210927]
	at org.eclipse.jetty.server.handler.ScopedHandler.handle(ScopedHandler.java:143) ~[jetty-server-9.4.44.v20210927.jar:9.4.44.v20210927]
	at org.eclipse.jetty.security.SecurityHandler.handle(SecurityHandler.java:600) ~[jetty-security-9.4.44.v20210927.jar:9.4.44.v20210927]
	at org.eclipse.jetty.server.handler.HandlerWrapper.handle(HandlerWrapper.java:127) ~[jetty-server-9.4.44.v20210927.jar:9.4.44.v20210927]
	at org.eclipse.jetty.server.handler.ScopedHandler.nextHandle(ScopedHandler.java:235) ~[jetty-server-9.4.44.v20210927.jar:9.4.44.v20210927]
	at org.eclipse.jetty.server.session.SessionHandler.doHandle(SessionHandler.java:1624) ~[jetty-server-9.4.44.v20210927.jar:9.4.44.v20210927]
	at org.eclipse.jetty.server.handler.ScopedHandler.nextHandle(ScopedHandler.java:233) ~[jetty-server-9.4.44.v20210927.jar:9.4.44.v20210927]
	at org.eclipse.jetty.server.handler.ContextHandler.doHandle(ContextHandler.java:1434) ~[jetty-server-9.4.44.v20210927.jar:9.4.44.v20210927]
	at org.eclipse.jetty.server.handler.ScopedHandler.nextScope(ScopedHandler.java:188) ~[jetty-server-9.4.44.v20210927.jar:9.4.44.v20210927]
	at org.eclipse.jetty.servlet.ServletHandler.doScope(ServletHandler.java:501) ~[jetty-servlet-9.4.44.v20210927.jar:9.4.44.v20210927]
	at org.eclipse.jetty.server.session.SessionHandler.doScope(SessionHandler.java:1594) ~[jetty-server-9.4.44.v20210927.jar:9.4.44.v20210927]
	at org.eclipse.jetty.server.handler.ScopedHandler.nextScope(ScopedHandler.java:186) ~[jetty-server-9.4.44.v20210927.jar:9.4.44.v20210927]
	at org.eclipse.jetty.server.handler.ContextHandler.doScope(ContextHandler.java:1349) ~[jetty-server-9.4.44.v20210927.jar:9.4.44.v20210927]
	at org.eclipse.jetty.server.handler.ScopedHandler.handle(ScopedHandler.java:141) ~[jetty-server-9.4.44.v20210927.jar:9.4.44.v20210927]
	at org.eclipse.jetty.server.handler.ContextHandlerCollection.handle(ContextHandlerCollection.java:191) ~[jetty-server-9.4.44.v20210927.jar:9.4.44.v20210927]
	at org.eclipse.jetty.server.handler.InetAccessHandler.handle(InetAccessHandler.java:177) ~[jetty-server-9.4.44.v20210927.jar:9.4.44.v20210927]
	at org.eclipse.jetty.server.handler.HandlerCollection.handle(HandlerCollection.java:146) ~[jetty-server-9.4.44.v20210927.jar:9.4.44.v20210927]
	... 20 more
2023-05-11 07:03:16.117 ERROR (qtp858232531-35) [   ] o.a.s.s.SolrDispatchFilter Error processing the request. CoreContainer is either not initialized or shutting down.
2023-05-11 07:03:16.117 WARN  (qtp858232531-35) [   ] o.e.j.s.HttpChannel /solr/admin/info/system => javax.servlet.ServletException: javax.servlet.UnavailableException: Error processing the request. CoreContainer is either not initialized or shutting down.
	at org.eclipse.jetty.server.handler.HandlerCollection.handle(HandlerCollection.java:162)
javax.servlet.ServletException: javax.servlet.UnavailableException: Error processing the request. CoreContainer is either not initialized or shutting down.
	at org.eclipse.jetty.server.handler.HandlerCollection.handle(HandlerCollection.java:162) ~[jetty-server-9.4.44.v20210927.jar:9.4.44.v20210927]
	at org.eclipse.jetty.server.handler.HandlerWrapper.handle(HandlerWrapper.java:127) ~[jetty-server-9.4.44.v20210927.jar:9.4.44.v20210927]
	at org.eclipse.jetty.rewrite.handler.RewriteHandler.handle(RewriteHandler.java:322) ~[jetty-rewrite-9.4.44.v20210927.jar:9.4.44.v20210927]
	at org.eclipse.jetty.server.handler.gzip.GzipHandler.handle(GzipHandler.java:763) ~[jetty-server-9.4.44.v20210927.jar:9.4.44.v20210927]
	at org.eclipse.jetty.server.handler.HandlerWrapper.handle(HandlerWrapper.java:127) ~[jetty-server-9.4.44.v20210927.jar:9.4.44.v20210927]
	at org.eclipse.jetty.server.Server.handle(Server.java:516) ~[jetty-server-9.4.44.v20210927.jar:9.4.44.v20210927]
	at org.eclipse.jetty.server.HttpChannel.lambda$handle$1(HttpChannel.java:400) ~[jetty-server-9.4.44.v20210927.jar:9.4.44.v20210927]
	at org.eclipse.jetty.server.HttpChannel.dispatch(HttpChannel.java:645) ~[jetty-server-9.4.44.v20210927.jar:9.4.44.v20210927]
	at org.eclipse.jetty.server.HttpChannel.handle(HttpChannel.java:392) ~[jetty-server-9.4.44.v20210927.jar:9.4.44.v20210927]
	at org.eclipse.jetty.server.HttpConnection.onFillable(HttpConnection.java:277) ~[jetty-server-9.4.44.v20210927.jar:9.4.44.v20210927]
	at org.eclipse.jetty.io.AbstractConnection$ReadCallback.succeeded(AbstractConnection.java:311) ~[jetty-io-9.4.44.v20210927.jar:9.4.44.v20210927]
	at org.eclipse.jetty.io.FillInterest.fillable(FillInterest.java:105) ~[jetty-io-9.4.44.v20210927.jar:9.4.44.v20210927]
	at org.eclipse.jetty.io.ChannelEndPoint$1.run(ChannelEndPoint.java:104) ~[jetty-io-9.4.44.v20210927.jar:9.4.44.v20210927]
	at org.eclipse.jetty.util.thread.strategy.EatWhatYouKill.runTask(EatWhatYouKill.java:338) ~[jetty-util-9.4.44.v20210927.jar:9.4.44.v20210927]
	at org.eclipse.jetty.util.thread.strategy.EatWhatYouKill.doProduce(EatWhatYouKill.java:315) ~[jetty-util-9.4.44.v20210927.jar:9.4.44.v20210927]
	at org.eclipse.jetty.util.thread.strategy.EatWhatYouKill.tryProduce(EatWhatYouKill.java:173) ~[jetty-util-9.4.44.v20210927.jar:9.4.44.v20210927]
	at org.eclipse.jetty.util.thread.strategy.EatWhatYouKill.run(EatWhatYouKill.java:131) ~[jetty-util-9.4.44.v20210927.jar:9.4.44.v20210927]
	at org.eclipse.jetty.util.thread.ReservedThreadExecutor$ReservedThread.run(ReservedThreadExecutor.java:409) ~[jetty-util-9.4.44.v20210927.jar:9.4.44.v20210927]
	at org.eclipse.jetty.util.thread.QueuedThreadPool.runJob(QueuedThreadPool.java:883) ~[jetty-util-9.4.44.v20210927.jar:9.4.44.v20210927]
	at org.eclipse.jetty.util.thread.QueuedThreadPool$Runner.run(QueuedThreadPool.java:1034) ~[jetty-util-9.4.44.v20210927.jar:9.4.44.v20210927]
	at java.lang.Thread.run(Thread.java:1623) [?:?]
Caused by: javax.servlet.UnavailableException: Error processing the request. CoreContainer is either not initialized or shutting down.
	at org.apache.solr.servlet.SolrDispatchFilter.doFilter(SolrDispatchFilter.java:376) ~[?:?]
	at org.apache.solr.servlet.SolrDispatchFilter.doFilter(SolrDispatchFilter.java:357) ~[?:?]
	at org.eclipse.jetty.servlet.FilterHolder.doFilter(FilterHolder.java:201) ~[jetty-servlet-9.4.44.v20210927.jar:9.4.44.v20210927]
	at org.eclipse.jetty.servlet.ServletHandler$Chain.doFilter(ServletHandler.java:1601) ~[jetty-servlet-9.4.44.v20210927.jar:9.4.44.v20210927]
	at org.eclipse.jetty.servlet.ServletHandler.doHandle(ServletHandler.java:548) ~[jetty-servlet-9.4.44.v20210927.jar:9.4.44.v20210927]
	at org.eclipse.jetty.server.handler.ScopedHandler.handle(ScopedHandler.java:143) ~[jetty-server-9.4.44.v20210927.jar:9.4.44.v20210927]
	at org.eclipse.jetty.security.SecurityHandler.handle(SecurityHandler.java:600) ~[jetty-security-9.4.44.v20210927.jar:9.4.44.v20210927]
	at org.eclipse.jetty.server.handler.HandlerWrapper.handle(HandlerWrapper.java:127) ~[jetty-server-9.4.44.v20210927.jar:9.4.44.v20210927]
	at org.eclipse.jetty.server.handler.ScopedHandler.nextHandle(ScopedHandler.java:235) ~[jetty-server-9.4.44.v20210927.jar:9.4.44.v20210927]
	at org.eclipse.jetty.server.session.SessionHandler.doHandle(SessionHandler.java:1624) ~[jetty-server-9.4.44.v20210927.jar:9.4.44.v20210927]
	at org.eclipse.jetty.server.handler.ScopedHandler.nextHandle(ScopedHandler.java:233) ~[jetty-server-9.4.44.v20210927.jar:9.4.44.v20210927]
	at org.eclipse.jetty.server.handler.ContextHandler.doHandle(ContextHandler.java:1434) ~[jetty-server-9.4.44.v20210927.jar:9.4.44.v20210927]
	at org.eclipse.jetty.server.handler.ScopedHandler.nextScope(ScopedHandler.java:188) ~[jetty-server-9.4.44.v20210927.jar:9.4.44.v20210927]
	at org.eclipse.jetty.servlet.ServletHandler.doScope(ServletHandler.java:501) ~[jetty-servlet-9.4.44.v20210927.jar:9.4.44.v20210927]
	at org.eclipse.jetty.server.session.SessionHandler.doScope(SessionHandler.java:1594) ~[jetty-server-9.4.44.v20210927.jar:9.4.44.v20210927]
	at org.eclipse.jetty.server.handler.ScopedHandler.nextScope(ScopedHandler.java:186) ~[jetty-server-9.4.44.v20210927.jar:9.4.44.v20210927]
	at org.eclipse.jetty.server.handler.ContextHandler.doScope(ContextHandler.java:1349) ~[jetty-server-9.4.44.v20210927.jar:9.4.44.v20210927]
	at org.eclipse.jetty.server.handler.ScopedHandler.handle(ScopedHandler.java:141) ~[jetty-server-9.4.44.v20210927.jar:9.4.44.v20210927]
	at org.eclipse.jetty.server.handler.ContextHandlerCollection.handle(ContextHandlerCollection.java:191) ~[jetty-server-9.4.44.v20210927.jar:9.4.44.v20210927]
	at org.eclipse.jetty.server.handler.InetAccessHandler.handle(InetAccessHandler.java:177) ~[jetty-server-9.4.44.v20210927.jar:9.4.44.v20210927]
	at org.eclipse.jetty.server.handler.HandlerCollection.handle(HandlerCollection.java:146) ~[jetty-server-9.4.44.v20210927.jar:9.4.44.v20210927]
	... 20 more
2023-05-11 07:03:18.123 ERROR (qtp858232531-39) [   ] o.a.s.s.SolrDispatchFilter Error processing the request. CoreContainer is either not initialized or shutting down.
2023-05-11 07:03:18.123 WARN  (qtp858232531-39) [   ] o.e.j.s.HttpChannel /solr/admin/info/system => javax.servlet.ServletException: javax.servlet.UnavailableException: Error processing the request. CoreContainer is either not initialized or shutting down.
	at org.eclipse.jetty.server.handler.HandlerCollection.handle(HandlerCollection.java:162)
javax.servlet.ServletException: javax.servlet.UnavailableException: Error processing the request. CoreContainer is either not initialized or shutting down.
	at org.eclipse.jetty.server.handler.HandlerCollection.handle(HandlerCollection.java:162) ~[jetty-server-9.4.44.v20210927.jar:9.4.44.v20210927]
	at org.eclipse.jetty.server.handler.HandlerWrapper.handle(HandlerWrapper.java:127) ~[jetty-server-9.4.44.v20210927.jar:9.4.44.v20210927]
	at org.eclipse.jetty.rewrite.handler.RewriteHandler.handle(RewriteHandler.java:322) ~[jetty-rewrite-9.4.44.v20210927.jar:9.4.44.v20210927]
	at org.eclipse.jetty.server.handler.gzip.GzipHandler.handle(GzipHandler.java:763) ~[jetty-server-9.4.44.v20210927.jar:9.4.44.v20210927]
	at org.eclipse.jetty.server.handler.HandlerWrapper.handle(HandlerWrapper.java:127) ~[jetty-server-9.4.44.v20210927.jar:9.4.44.v20210927]
	at org.eclipse.jetty.server.Server.handle(Server.java:516) ~[jetty-server-9.4.44.v20210927.jar:9.4.44.v20210927]
	at org.eclipse.jetty.server.HttpChannel.lambda$handle$1(HttpChannel.java:400) ~[jetty-server-9.4.44.v20210927.jar:9.4.44.v20210927]
	at org.eclipse.jetty.server.HttpChannel.dispatch(HttpChannel.java:645) ~[jetty-server-9.4.44.v20210927.jar:9.4.44.v20210927]
	at org.eclipse.jetty.server.HttpChannel.handle(HttpChannel.java:392) ~[jetty-server-9.4.44.v20210927.jar:9.4.44.v20210927]
	at org.eclipse.jetty.server.HttpConnection.onFillable(HttpConnection.java:277) ~[jetty-server-9.4.44.v20210927.jar:9.4.44.v20210927]
	at org.eclipse.jetty.io.AbstractConnection$ReadCallback.succeeded(AbstractConnection.java:311) ~[jetty-io-9.4.44.v20210927.jar:9.4.44.v20210927]
	at org.eclipse.jetty.io.FillInterest.fillable(FillInterest.java:105) ~[jetty-io-9.4.44.v20210927.jar:9.4.44.v20210927]
	at org.eclipse.jetty.io.ChannelEndPoint$1.run(ChannelEndPoint.java:104) ~[jetty-io-9.4.44.v20210927.jar:9.4.44.v20210927]
	at org.eclipse.jetty.util.thread.strategy.EatWhatYouKill.runTask(EatWhatYouKill.java:338) ~[jetty-util-9.4.44.v20210927.jar:9.4.44.v20210927]
	at org.eclipse.jetty.util.thread.strategy.EatWhatYouKill.doProduce(EatWhatYouKill.java:315) ~[jetty-util-9.4.44.v20210927.jar:9.4.44.v20210927]
	at org.eclipse.jetty.util.thread.strategy.EatWhatYouKill.tryProduce(EatWhatYouKill.java:173) ~[jetty-util-9.4.44.v20210927.jar:9.4.44.v20210927]
	at org.eclipse.jetty.util.thread.strategy.EatWhatYouKill.run(EatWhatYouKill.java:131) ~[jetty-util-9.4.44.v20210927.jar:9.4.44.v20210927]
	at org.eclipse.jetty.util.thread.ReservedThreadExecutor$ReservedThread.run(ReservedThreadExecutor.java:409) ~[jetty-util-9.4.44.v20210927.jar:9.4.44.v20210927]
	at org.eclipse.jetty.util.thread.QueuedThreadPool.runJob(QueuedThreadPool.java:883) ~[jetty-util-9.4.44.v20210927.jar:9.4.44.v20210927]
	at org.eclipse.jetty.util.thread.QueuedThreadPool$Runner.run(QueuedThreadPool.java:1034) ~[jetty-util-9.4.44.v20210927.jar:9.4.44.v20210927]
	at java.lang.Thread.run(Thread.java:1623) [?:?]
Caused by: javax.servlet.UnavailableException: Error processing the request. CoreContainer is either not initialized or shutting down.
	at org.apache.solr.servlet.SolrDispatchFilter.doFilter(SolrDispatchFilter.java:376) ~[?:?]
	at org.apache.solr.servlet.SolrDispatchFilter.doFilter(SolrDispatchFilter.java:357) ~[?:?]
	at org.eclipse.jetty.servlet.FilterHolder.doFilter(FilterHolder.java:201) ~[jetty-servlet-9.4.44.v20210927.jar:9.4.44.v20210927]
	at org.eclipse.jetty.servlet.ServletHandler$Chain.doFilter(ServletHandler.java:1601) ~[jetty-servlet-9.4.44.v20210927.jar:9.4.44.v20210927]
	at org.eclipse.jetty.servlet.ServletHandler.doHandle(ServletHandler.java:548) ~[jetty-servlet-9.4.44.v20210927.jar:9.4.44.v20210927]
	at org.eclipse.jetty.server.handler.ScopedHandler.handle(ScopedHandler.java:143) ~[jetty-server-9.4.44.v20210927.jar:9.4.44.v20210927]
	at org.eclipse.jetty.security.SecurityHandler.handle(SecurityHandler.java:600) ~[jetty-security-9.4.44.v20210927.jar:9.4.44.v20210927]
	at org.eclipse.jetty.server.handler.HandlerWrapper.handle(HandlerWrapper.java:127) ~[jetty-server-9.4.44.v20210927.jar:9.4.44.v20210927]
	at org.eclipse.jetty.server.handler.ScopedHandler.nextHandle(ScopedHandler.java:235) ~[jetty-server-9.4.44.v20210927.jar:9.4.44.v20210927]
	at org.eclipse.jetty.server.session.SessionHandler.doHandle(SessionHandler.java:1624) ~[jetty-server-9.4.44.v20210927.jar:9.4.44.v20210927]
	at org.eclipse.jetty.server.handler.ScopedHandler.nextHandle(ScopedHandler.java:233) ~[jetty-server-9.4.44.v20210927.jar:9.4.44.v20210927]
	at org.eclipse.jetty.server.handler.ContextHandler.doHandle(ContextHandler.java:1434) ~[jetty-server-9.4.44.v20210927.jar:9.4.44.v20210927]
	at org.eclipse.jetty.server.handler.ScopedHandler.nextScope(ScopedHandler.java:188) ~[jetty-server-9.4.44.v20210927.jar:9.4.44.v20210927]
	at org.eclipse.jetty.servlet.ServletHandler.doScope(ServletHandler.java:501) ~[jetty-servlet-9.4.44.v20210927.jar:9.4.44.v20210927]
	at org.eclipse.jetty.server.session.SessionHandler.doScope(SessionHandler.java:1594) ~[jetty-server-9.4.44.v20210927.jar:9.4.44.v20210927]
	at org.eclipse.jetty.server.handler.ScopedHandler.nextScope(ScopedHandler.java:186) ~[jetty-server-9.4.44.v20210927.jar:9.4.44.v20210927]
	at org.eclipse.jetty.server.handler.ContextHandler.doScope(ContextHandler.java:1349) ~[jetty-server-9.4.44.v20210927.jar:9.4.44.v20210927]
	at org.eclipse.jetty.server.handler.ScopedHandler.handle(ScopedHandler.java:141) ~[jetty-server-9.4.44.v20210927.jar:9.4.44.v20210927]
	at org.eclipse.jetty.server.handler.ContextHandlerCollection.handle(ContextHandlerCollection.java:191) ~[jetty-server-9.4.44.v20210927.jar:9.4.44.v20210927]
	at org.eclipse.jetty.server.handler.InetAccessHandler.handle(InetAccessHandler.java:177) ~[jetty-server-9.4.44.v20210927.jar:9.4.44.v20210927]
	at org.eclipse.jetty.server.handler.HandlerCollection.handle(HandlerCollection.java:146) ~[jetty-server-9.4.44.v20210927.jar:9.4.44.v20210927]
	... 20 more
2023-05-11 07:04:16.840 INFO  (ShutdownMonitor) [   ] o.e.j.s.AbstractConnector Stopped ServerConnector@40f1be1b{HTTP/1.1, (http/1.1, h2c)}{0.0.0.0:8983}
2023-05-11 07:04:16.840 INFO  (ShutdownMonitor) [   ] o.e.j.s.session node0 Stopped scavenging
2023-05-11 07:04:16.853 INFO  (ShutdownMonitor) [   ] o.e.j.s.h.ContextHandler Stopped o.e.j.w.WebAppContext@55f3c410{/solr,null,STOPPED}{C:\Users\shayl\OneDrive\Documents\Honors\Information Retrieval\SOLRTutorial\solr-8.11.2\server/solr-webapp/webapp}
