2023-05-11 11:57:01.260 INFO  (main) [   ] o.e.j.u.log Logging initialized @11318ms to org.eclipse.jetty.util.log.Slf4jLog
2023-05-11 11:57:02.475 INFO  (main) [   ] o.e.j.s.Server jetty-9.4.44.v20210927; built: 2021-09-27T23:02:44.612Z; git: 8da83308eeca865e495e53ef315a249d63ba9332; jvm 11.0.18+10-post-Ubuntu-0ubuntu122.04
2023-05-11 11:57:02.529 INFO  (main) [   ] o.e.j.d.p.ScanningAppProvider Deployment monitor [file:///mnt/g/My%20Drive/BSc%20(Hons)%20CS/CSC5024Z%20Information%20Retrieval/ETDsearch/solr-8.11.2/server/contexts/] at interval 0
2023-05-11 11:57:42.842 INFO  (main) [   ] o.e.j.w.StandardDescriptorProcessor NO JSP Support for /solr, did not find org.apache.jasper.servlet.JspServlet
2023-05-11 11:57:42.896 INFO  (main) [   ] o.e.j.s.session DefaultSessionIdManager workerName=node0
2023-05-11 11:57:42.896 INFO  (main) [   ] o.e.j.s.session No SessionScavenger set, using defaults
2023-05-11 11:57:42.903 INFO  (main) [   ] o.e.j.s.session node0 Scavenging every 660000ms
2023-05-11 11:57:43.169 INFO  (main) [   ] o.a.s.s.SolrDispatchFilter Using logger factory org.apache.logging.slf4j.Log4jLoggerFactory
2023-05-11 11:57:43.184 INFO  (main) [   ] o.a.s.s.SolrDispatchFilter  ___      _       Welcome to Apache Solr™ version 8.11.2
2023-05-11 11:57:43.184 INFO  (main) [   ] o.a.s.s.SolrDispatchFilter / __| ___| |_ _   Starting in standalone mode on port 8983
2023-05-11 11:57:43.184 INFO  (main) [   ] o.a.s.s.SolrDispatchFilter \__ \/ _ \ | '_|  Install dir: /mnt/g/My Drive/BSc (Hons) CS/CSC5024Z Information Retrieval/ETDsearch/solr-8.11.2
2023-05-11 11:57:43.184 INFO  (main) [   ] o.a.s.s.SolrDispatchFilter |___/\___/_|_|    Start time: 2023-05-11T11:57:43.184851Z
2023-05-11 11:57:43.250 INFO  (main) [   ] o.a.s.c.SolrPaths Using system property solr.solr.home: /mnt/g/My Drive/BSc (Hons) CS/CSC5024Z Information Retrieval/ETDsearch/solr-8.11.2/server/solr
2023-05-11 11:57:43.251 INFO  (main) [   ] o.a.s.c.SolrXmlConfig Loading container configuration from /mnt/g/My Drive/BSc (Hons) CS/CSC5024Z Information Retrieval/ETDsearch/solr-8.11.2/server/solr/solr.xml
2023-05-11 11:57:43.508 INFO  (main) [   ] o.a.s.c.SolrXmlConfig MBean server found: com.sun.jmx.mbeanserver.JmxMBeanServer@65987993, but no JMX reporters were configured - adding default JMX reporter.
2023-05-11 11:57:45.499 INFO  (main) [   ] o.a.s.h.c.HttpShardHandlerFactory Host whitelist initialized: WhitelistHostChecker [whitelistHosts=null, whitelistHostCheckingEnabled=true]
2023-05-11 11:57:45.981 WARN  (main) [   ] o.e.j.u.s.S.config Trusting all certificates configured for Client@21d1b321[provider=null,keyStore=null,trustStore=null]
2023-05-11 11:57:45.982 WARN  (main) [   ] o.e.j.u.s.S.config No Client EndPointIdentificationAlgorithm configured for Client@21d1b321[provider=null,keyStore=null,trustStore=null]
2023-05-11 11:57:46.651 WARN  (main) [   ] o.e.j.u.s.S.config Trusting all certificates configured for Client@44924587[provider=null,keyStore=null,trustStore=null]
2023-05-11 11:57:46.651 WARN  (main) [   ] o.e.j.u.s.S.config No Client EndPointIdentificationAlgorithm configured for Client@44924587[provider=null,keyStore=null,trustStore=null]
2023-05-11 11:57:46.940 WARN  (main) [   ] o.a.s.c.CoreContainer Not all security plugins configured!  authentication=disabled authorization=disabled.  Solr is only as secure as you make it. Consider configuring authentication/authorization before exposing Solr to users internal or external.  See https://s.apache.org/solrsecurity for more info
2023-05-11 11:57:47.504 INFO  (main) [   ] o.a.s.c.TransientSolrCoreCacheDefault Allocating transient core cache for max 2147483647 cores with initial capacity of 1024
2023-05-11 11:57:47.563 INFO  (main) [   ] o.a.s.h.a.MetricsHistoryHandler No .system collection, keeping metrics history in memory.
2023-05-11 11:57:47.834 INFO  (main) [   ] o.a.s.m.r.SolrJmxReporter JMX monitoring for 'solr.node' (registry 'solr.node') enabled at server: com.sun.jmx.mbeanserver.JmxMBeanServer@65987993
2023-05-11 11:57:47.835 INFO  (main) [   ] o.a.s.m.r.SolrJmxReporter JMX monitoring for 'solr.jvm' (registry 'solr.jvm') enabled at server: com.sun.jmx.mbeanserver.JmxMBeanServer@65987993
2023-05-11 11:57:47.839 INFO  (main) [   ] o.a.s.m.r.SolrJmxReporter JMX monitoring for 'solr.jetty' (registry 'solr.jetty') enabled at server: com.sun.jmx.mbeanserver.JmxMBeanServer@65987993
2023-05-11 11:57:50.544 INFO  (main) [   ] o.a.s.c.CorePropertiesLocator Found 3 core definitions underneath /mnt/g/My Drive/BSc (Hons) CS/CSC5024Z Information Retrieval/ETDsearch/solr-8.11.2/server/solr
2023-05-11 11:57:50.545 INFO  (main) [   ] o.a.s.c.CorePropertiesLocator Cores are: [ETDSearch, Tutorial, cloud]
2023-05-11 11:57:50.836 INFO  (main) [   ] o.e.j.s.h.ContextHandler Started o.e.j.w.WebAppContext@4052274f{/solr,file:///mnt/g/My%20Drive/BSc%20(Hons)%20CS/CSC5024Z%20Information%20Retrieval/ETDsearch/solr-8.11.2/server/solr-webapp/webapp/,AVAILABLE}{/mnt/g/My Drive/BSc (Hons) CS/CSC5024Z Information Retrieval/ETDsearch/solr-8.11.2/server/solr-webapp/webapp}
2023-05-11 11:57:50.848 INFO  (coreLoadExecutor-13-thread-3) [   x:cloud] o.a.s.c.SolrConfig Using Lucene MatchVersion: 8.11.2
2023-05-11 11:57:50.848 INFO  (coreLoadExecutor-13-thread-1) [   x:ETDSearch] o.a.s.c.SolrConfig Using Lucene MatchVersion: 8.11.2
2023-05-11 11:57:50.848 INFO  (coreLoadExecutor-13-thread-2) [   x:Tutorial] o.a.s.c.SolrConfig Using Lucene MatchVersion: 8.11.2
2023-05-11 11:57:50.903 INFO  (main) [   ] o.e.j.s.AbstractConnector Started ServerConnector@6c25e6c4{HTTP/1.1, (http/1.1, h2c)}{0.0.0.0:8983}
2023-05-11 11:57:50.903 INFO  (main) [   ] o.e.j.s.Server Started @60974ms
2023-05-11 11:57:51.046 WARN  (coreLoadExecutor-13-thread-2) [   x:Tutorial] o.a.s.c.SolrConfig solrconfig.xml: <jmx> is no longer supported, use solr.xml:/metrics/reporter section instead
2023-05-11 11:57:51.046 WARN  (coreLoadExecutor-13-thread-1) [   x:ETDSearch] o.a.s.c.SolrConfig solrconfig.xml: <jmx> is no longer supported, use solr.xml:/metrics/reporter section instead
2023-05-11 11:57:51.046 WARN  (coreLoadExecutor-13-thread-3) [   x:cloud] o.a.s.c.SolrConfig solrconfig.xml: <jmx> is no longer supported, use solr.xml:/metrics/reporter section instead
2023-05-11 11:57:51.301 INFO  (coreLoadExecutor-13-thread-3) [   x:cloud] o.a.s.s.IndexSchema Schema name=default-config
2023-05-11 11:57:51.301 INFO  (coreLoadExecutor-13-thread-2) [   x:Tutorial] o.a.s.s.IndexSchema Schema name=default-config
2023-05-11 11:57:51.302 INFO  (coreLoadExecutor-13-thread-1) [   x:ETDSearch] o.a.s.s.IndexSchema Schema name=default-config
2023-05-11 11:57:52.756 WARN  (coreLoadExecutor-13-thread-2) [   x:Tutorial] o.a.s.s.AbstractSpatialPrefixTreeFieldType FieldType SpatialRecursivePrefixTreeFieldType does not allow omitNorms to be specified in schema, hardcoded behavior is omitNorms=true
2023-05-11 11:57:52.757 WARN  (coreLoadExecutor-13-thread-2) [   x:Tutorial] o.a.s.s.AbstractSpatialPrefixTreeFieldType FieldType SpatialRecursivePrefixTreeFieldType does not allow omitTermFreqAndPositions to be specified in schema, hardcoded behavior is omitTermFreqAndPositions=true
2023-05-11 11:57:52.757 WARN  (coreLoadExecutor-13-thread-2) [   x:Tutorial] o.a.s.s.AbstractSpatialPrefixTreeFieldType FieldType SpatialRecursivePrefixTreeFieldType does not allow termOffsets to be specified in schema, hardcoded behavior is termOffsets=false
2023-05-11 11:57:52.757 WARN  (coreLoadExecutor-13-thread-2) [   x:Tutorial] o.a.s.s.AbstractSpatialPrefixTreeFieldType FieldType SpatialRecursivePrefixTreeFieldType does not allow termPositions to be specified in schema, hardcoded behavior is termPositions=false
2023-05-11 11:57:52.757 WARN  (coreLoadExecutor-13-thread-2) [   x:Tutorial] o.a.s.s.AbstractSpatialPrefixTreeFieldType FieldType SpatialRecursivePrefixTreeFieldType does not allow omitPositions to be specified in schema, hardcoded behavior is omitPositions=true
2023-05-11 11:57:58.312 INFO  (coreLoadExecutor-13-thread-3) [   x:cloud] o.a.s.s.IndexSchema Loaded schema default-config/1.6 with uniqueid field id
2023-05-11 11:57:58.312 INFO  (coreLoadExecutor-13-thread-2) [   x:Tutorial] o.a.s.s.IndexSchema Loaded schema default-config/1.6 with uniqueid field id
2023-05-11 11:57:58.312 INFO  (coreLoadExecutor-13-thread-1) [   x:ETDSearch] o.a.s.s.IndexSchema Loaded schema default-config/1.6 with uniqueid field id
2023-05-11 11:58:02.930 INFO  (coreLoadExecutor-13-thread-2) [   x:Tutorial] o.a.s.c.CoreContainer Creating SolrCore 'Tutorial' using configuration from instancedir /mnt/g/My Drive/BSc (Hons) CS/CSC5024Z Information Retrieval/ETDsearch/solr-8.11.2/server/solr/Tutorial, trusted=true
2023-05-11 11:58:03.049 INFO  (coreLoadExecutor-13-thread-1) [   x:ETDSearch] o.a.s.c.CoreContainer Creating SolrCore 'ETDSearch' using configuration from instancedir /mnt/g/My Drive/BSc (Hons) CS/CSC5024Z Information Retrieval/ETDsearch/solr-8.11.2/server/solr/ETDSearch, trusted=true
2023-05-11 11:58:03.060 INFO  (coreLoadExecutor-13-thread-3) [   x:cloud] o.a.s.c.CoreContainer Creating SolrCore 'cloud' using configuration from instancedir /mnt/g/My Drive/BSc (Hons) CS/CSC5024Z Information Retrieval/ETDsearch/solr-8.11.2/server/solr/cloud, trusted=true
2023-05-11 11:58:03.111 INFO  (coreLoadExecutor-13-thread-2) [   x:Tutorial] o.a.s.m.r.SolrJmxReporter JMX monitoring for 'solr.core.Tutorial' (registry 'solr.core.Tutorial') enabled at server: com.sun.jmx.mbeanserver.JmxMBeanServer@65987993
2023-05-11 11:58:03.111 INFO  (coreLoadExecutor-13-thread-3) [   x:cloud] o.a.s.m.r.SolrJmxReporter JMX monitoring for 'solr.core.cloud' (registry 'solr.core.cloud') enabled at server: com.sun.jmx.mbeanserver.JmxMBeanServer@65987993
2023-05-11 11:58:03.111 INFO  (coreLoadExecutor-13-thread-1) [   x:ETDSearch] o.a.s.m.r.SolrJmxReporter JMX monitoring for 'solr.core.ETDSearch' (registry 'solr.core.ETDSearch') enabled at server: com.sun.jmx.mbeanserver.JmxMBeanServer@65987993
2023-05-11 11:58:03.221 INFO  (coreLoadExecutor-13-thread-1) [   x:ETDSearch] o.a.s.c.SolrCore [[ETDSearch] ] Opening new SolrCore at [/mnt/g/My Drive/BSc (Hons) CS/CSC5024Z Information Retrieval/ETDsearch/solr-8.11.2/server/solr/ETDSearch], dataDir=[/mnt/g/My Drive/BSc (Hons) CS/CSC5024Z Information Retrieval/ETDsearch/solr-8.11.2/server/solr/ETDSearch/data/]
2023-05-11 11:58:03.221 INFO  (coreLoadExecutor-13-thread-3) [   x:cloud] o.a.s.c.SolrCore [[cloud] ] Opening new SolrCore at [/mnt/g/My Drive/BSc (Hons) CS/CSC5024Z Information Retrieval/ETDsearch/solr-8.11.2/server/solr/cloud], dataDir=[/mnt/g/My Drive/BSc (Hons) CS/CSC5024Z Information Retrieval/ETDsearch/solr-8.11.2/server/solr/cloud/data/]
2023-05-11 11:58:03.221 INFO  (coreLoadExecutor-13-thread-2) [   x:Tutorial] o.a.s.c.SolrCore [[Tutorial] ] Opening new SolrCore at [/mnt/g/My Drive/BSc (Hons) CS/CSC5024Z Information Retrieval/ETDsearch/solr-8.11.2/server/solr/Tutorial], dataDir=[/mnt/g/My Drive/BSc (Hons) CS/CSC5024Z Information Retrieval/ETDsearch/solr-8.11.2/server/solr/Tutorial/data/]
2023-05-11 11:58:09.494 INFO  (coreLoadExecutor-13-thread-2) [   x:Tutorial] o.a.s.u.UpdateHandler Using UpdateLog implementation: org.apache.solr.update.UpdateLog
2023-05-11 11:58:09.494 INFO  (coreLoadExecutor-13-thread-3) [   x:cloud] o.a.s.u.UpdateHandler Using UpdateLog implementation: org.apache.solr.update.UpdateLog
2023-05-11 11:58:09.494 INFO  (coreLoadExecutor-13-thread-1) [   x:ETDSearch] o.a.s.u.UpdateHandler Using UpdateLog implementation: org.apache.solr.update.UpdateLog
2023-05-11 11:58:09.494 INFO  (coreLoadExecutor-13-thread-2) [   x:Tutorial] o.a.s.u.UpdateLog Initializing UpdateLog: dataDir= defaultSyncLevel=FLUSH numRecordsToKeep=100 maxNumLogsToKeep=10 numVersionBuckets=65536
2023-05-11 11:58:09.494 INFO  (coreLoadExecutor-13-thread-1) [   x:ETDSearch] o.a.s.u.UpdateLog Initializing UpdateLog: dataDir= defaultSyncLevel=FLUSH numRecordsToKeep=100 maxNumLogsToKeep=10 numVersionBuckets=65536
2023-05-11 11:58:09.494 INFO  (coreLoadExecutor-13-thread-3) [   x:cloud] o.a.s.u.UpdateLog Initializing UpdateLog: dataDir= defaultSyncLevel=FLUSH numRecordsToKeep=100 maxNumLogsToKeep=10 numVersionBuckets=65536
2023-05-11 11:58:09.619 INFO  (coreLoadExecutor-13-thread-1) [   x:ETDSearch] o.a.s.u.CommitTracker Hard AutoCommit: if uncommitted for 15000ms; 
2023-05-11 11:58:09.619 INFO  (coreLoadExecutor-13-thread-3) [   x:cloud] o.a.s.u.CommitTracker Hard AutoCommit: if uncommitted for 15000ms; 
2023-05-11 11:58:09.619 INFO  (coreLoadExecutor-13-thread-3) [   x:cloud] o.a.s.u.CommitTracker Soft AutoCommit: disabled
2023-05-11 11:58:09.619 INFO  (coreLoadExecutor-13-thread-1) [   x:ETDSearch] o.a.s.u.CommitTracker Soft AutoCommit: disabled
2023-05-11 11:58:09.697 INFO  (coreLoadExecutor-13-thread-2) [   x:Tutorial] o.a.s.u.CommitTracker Hard AutoCommit: if uncommitted for 15000ms; 
2023-05-11 11:58:09.698 INFO  (coreLoadExecutor-13-thread-2) [   x:Tutorial] o.a.s.u.CommitTracker Soft AutoCommit: disabled
2023-05-11 11:58:10.507 INFO  (coreLoadExecutor-13-thread-1) [   x:ETDSearch] o.a.s.r.ManagedResourceStorage File-based storage initialized to use dir: /mnt/g/My Drive/BSc (Hons) CS/CSC5024Z Information Retrieval/ETDsearch/solr-8.11.2/server/solr/ETDSearch/conf
2023-05-11 11:58:10.507 INFO  (coreLoadExecutor-13-thread-3) [   x:cloud] o.a.s.r.ManagedResourceStorage File-based storage initialized to use dir: /mnt/g/My Drive/BSc (Hons) CS/CSC5024Z Information Retrieval/ETDsearch/solr-8.11.2/server/solr/cloud/conf
2023-05-11 11:58:10.618 INFO  (coreLoadExecutor-13-thread-1) [   x:ETDSearch] o.a.s.h.c.SpellCheckComponent Initializing spell checkers
2023-05-11 11:58:10.618 INFO  (coreLoadExecutor-13-thread-3) [   x:cloud] o.a.s.h.c.SpellCheckComponent Initializing spell checkers
2023-05-11 11:58:10.704 INFO  (coreLoadExecutor-13-thread-1) [   x:ETDSearch] o.a.s.s.DirectSolrSpellChecker init: {name=default,field=_text_,classname=solr.DirectSolrSpellChecker,distanceMeasure=internal,accuracy=0.5,maxQueryFrequency=0.01,maxEdits=2,minPrefix=1,maxInspections=5,minQueryLength=4}
2023-05-11 11:58:10.704 INFO  (coreLoadExecutor-13-thread-3) [   x:cloud] o.a.s.s.DirectSolrSpellChecker init: {name=default,field=_text_,classname=solr.DirectSolrSpellChecker,distanceMeasure=internal,accuracy=0.5,maxQueryFrequency=0.01,maxEdits=2,minPrefix=1,maxInspections=5,minQueryLength=4}
2023-05-11 11:58:10.790 INFO  (coreLoadExecutor-13-thread-1) [   x:ETDSearch] o.a.s.h.ReplicationHandler Commits will be reserved for 10000 ms
2023-05-11 11:58:10.790 INFO  (coreLoadExecutor-13-thread-3) [   x:cloud] o.a.s.h.ReplicationHandler Commits will be reserved for 10000 ms
2023-05-11 11:58:10.819 INFO  (coreLoadExecutor-13-thread-1) [   x:ETDSearch] o.a.s.u.UpdateLog Could not find max version in index or recent updates, using new clock 1765598865200775168
2023-05-11 11:58:10.819 INFO  (coreLoadExecutor-13-thread-3) [   x:cloud] o.a.s.u.UpdateLog Could not find max version in index or recent updates, using new clock 1765598865200775168
2023-05-11 11:58:10.826 INFO  (searcherExecutor-18-thread-1-processing-x:cloud) [   x:cloud] o.a.s.c.QuerySenderListener QuerySenderListener done.
2023-05-11 11:58:10.826 INFO  (searcherExecutor-19-thread-1-processing-x:ETDSearch) [   x:ETDSearch] o.a.s.c.QuerySenderListener QuerySenderListener done.
2023-05-11 11:58:10.826 INFO  (searcherExecutor-18-thread-1-processing-x:cloud) [   x:cloud] o.a.s.h.c.SpellCheckComponent Loading spell index for spellchecker: default
2023-05-11 11:58:10.827 INFO  (searcherExecutor-19-thread-1-processing-x:ETDSearch) [   x:ETDSearch] o.a.s.h.c.SpellCheckComponent Loading spell index for spellchecker: default
2023-05-11 11:58:10.840 INFO  (searcherExecutor-19-thread-1-processing-x:ETDSearch) [   x:ETDSearch] o.a.s.c.SolrCore [ETDSearch]  Registered new searcher autowarm time: 0 ms
2023-05-11 11:58:10.840 INFO  (searcherExecutor-18-thread-1-processing-x:cloud) [   x:cloud] o.a.s.c.SolrCore [cloud]  Registered new searcher autowarm time: 0 ms
2023-05-11 11:58:11.066 INFO  (coreLoadExecutor-13-thread-2) [   x:Tutorial] o.a.s.r.ManagedResourceStorage File-based storage initialized to use dir: /mnt/g/My Drive/BSc (Hons) CS/CSC5024Z Information Retrieval/ETDsearch/solr-8.11.2/server/solr/Tutorial/conf
2023-05-11 11:58:11.071 INFO  (coreLoadExecutor-13-thread-2) [   x:Tutorial] o.a.s.h.c.SpellCheckComponent Initializing spell checkers
2023-05-11 11:58:11.071 INFO  (coreLoadExecutor-13-thread-2) [   x:Tutorial] o.a.s.s.DirectSolrSpellChecker init: {name=default,field=_text_,classname=solr.DirectSolrSpellChecker,distanceMeasure=internal,accuracy=0.5,maxQueryFrequency=0.01,maxEdits=2,minPrefix=1,maxInspections=5,minQueryLength=4}
2023-05-11 11:58:11.073 INFO  (coreLoadExecutor-13-thread-2) [   x:Tutorial] o.a.s.h.ReplicationHandler Commits will be reserved for 10000 ms
2023-05-11 11:58:11.170 INFO  (searcherExecutor-17-thread-1-processing-x:Tutorial) [   x:Tutorial] o.a.s.c.QuerySenderListener QuerySenderListener done.
2023-05-11 11:58:11.170 INFO  (searcherExecutor-17-thread-1-processing-x:Tutorial) [   x:Tutorial] o.a.s.h.c.SpellCheckComponent Loading spell index for spellchecker: default
2023-05-11 11:58:11.174 INFO  (searcherExecutor-17-thread-1-processing-x:Tutorial) [   x:Tutorial] o.a.s.c.SolrCore [Tutorial]  Registered new searcher autowarm time: 0 ms
2023-05-11 11:58:29.240 ERROR (qtp1332691311-27) [   x:ETDSearch] o.a.s.h.RequestHandlerBase org.apache.solr.api.ApiBag$ExceptionWithErrObject: error processing commands, errors: [{add-field={docId=identifier, type=text_general, stored=true}, errorMessages=['name' is a required field]}],  => org.apache.solr.api.ApiBag$ExceptionWithErrObject: error processing commands, errors: [{add-field={docId=identifier, type=text_general, stored=true}, errorMessages=['name' is a required field]}], 
	at org.apache.solr.handler.SchemaHandler.handleRequestBody(SchemaHandler.java:97)
org.apache.solr.api.ApiBag$ExceptionWithErrObject: error processing commands, errors: [{add-field={docId=identifier, type=text_general, stored=true}, errorMessages=['name' is a required field]}], 
	at org.apache.solr.handler.SchemaHandler.handleRequestBody(SchemaHandler.java:97) ~[?:?]
	at org.apache.solr.handler.RequestHandlerBase.handleRequest(RequestHandlerBase.java:216) ~[?:?]
	at org.apache.solr.core.SolrCore.execute(SolrCore.java:2637) ~[?:?]
	at org.apache.solr.servlet.HttpSolrCall.execute(HttpSolrCall.java:791) ~[?:?]
	at org.apache.solr.servlet.HttpSolrCall.call(HttpSolrCall.java:564) ~[?:?]
	at org.apache.solr.servlet.SolrDispatchFilter.doFilter(SolrDispatchFilter.java:427) ~[?:?]
	at org.apache.solr.servlet.SolrDispatchFilter.doFilter(SolrDispatchFilter.java:357) ~[?:?]
	at org.eclipse.jetty.servlet.FilterHolder.doFilter(FilterHolder.java:201) ~[jetty-servlet-9.4.44.v20210927.jar:9.4.44.v20210927]
	at org.eclipse.jetty.servlet.ServletHandler$Chain.doFilter(ServletHandler.java:1601) ~[jetty-servlet-9.4.44.v20210927.jar:9.4.44.v20210927]
	at org.eclipse.jetty.servlet.ServletHandler.doHandle(ServletHandler.java:548) ~[jetty-servlet-9.4.44.v20210927.jar:9.4.44.v20210927]
	at org.eclipse.jetty.server.handler.ScopedHandler.handle(ScopedHandler.java:143) ~[jetty-server-9.4.44.v20210927.jar:9.4.44.v20210927]
	at org.eclipse.jetty.security.SecurityHandler.handle(SecurityHandler.java:600) ~[jetty-security-9.4.44.v20210927.jar:9.4.44.v20210927]
	at org.eclipse.jetty.server.handler.HandlerWrapper.handle(HandlerWrapper.java:127) ~[jetty-server-9.4.44.v20210927.jar:9.4.44.v20210927]
	at org.eclipse.jetty.server.handler.ScopedHandler.nextHandle(ScopedHandler.java:235) ~[jetty-server-9.4.44.v20210927.jar:9.4.44.v20210927]
	at org.eclipse.jetty.server.session.SessionHandler.doHandle(SessionHandler.java:1624) ~[jetty-server-9.4.44.v20210927.jar:9.4.44.v20210927]
	at org.eclipse.jetty.server.handler.ScopedHandler.nextHandle(ScopedHandler.java:233) ~[jetty-server-9.4.44.v20210927.jar:9.4.44.v20210927]
	at org.eclipse.jetty.server.handler.ContextHandler.doHandle(ContextHandler.java:1434) ~[jetty-server-9.4.44.v20210927.jar:9.4.44.v20210927]
	at org.eclipse.jetty.server.handler.ScopedHandler.nextScope(ScopedHandler.java:188) ~[jetty-server-9.4.44.v20210927.jar:9.4.44.v20210927]
	at org.eclipse.jetty.servlet.ServletHandler.doScope(ServletHandler.java:501) ~[jetty-servlet-9.4.44.v20210927.jar:9.4.44.v20210927]
	at org.eclipse.jetty.server.session.SessionHandler.doScope(SessionHandler.java:1594) ~[jetty-server-9.4.44.v20210927.jar:9.4.44.v20210927]
	at org.eclipse.jetty.server.handler.ScopedHandler.nextScope(ScopedHandler.java:186) ~[jetty-server-9.4.44.v20210927.jar:9.4.44.v20210927]
	at org.eclipse.jetty.server.handler.ContextHandler.doScope(ContextHandler.java:1349) ~[jetty-server-9.4.44.v20210927.jar:9.4.44.v20210927]
	at org.eclipse.jetty.server.handler.ScopedHandler.handle(ScopedHandler.java:141) ~[jetty-server-9.4.44.v20210927.jar:9.4.44.v20210927]
	at org.eclipse.jetty.server.handler.ContextHandlerCollection.handle(ContextHandlerCollection.java:191) ~[jetty-server-9.4.44.v20210927.jar:9.4.44.v20210927]
	at org.eclipse.jetty.server.handler.InetAccessHandler.handle(InetAccessHandler.java:177) ~[jetty-server-9.4.44.v20210927.jar:9.4.44.v20210927]
	at org.eclipse.jetty.server.handler.HandlerCollection.handle(HandlerCollection.java:146) ~[jetty-server-9.4.44.v20210927.jar:9.4.44.v20210927]
	at org.eclipse.jetty.server.handler.HandlerWrapper.handle(HandlerWrapper.java:127) ~[jetty-server-9.4.44.v20210927.jar:9.4.44.v20210927]
	at org.eclipse.jetty.rewrite.handler.RewriteHandler.handle(RewriteHandler.java:322) ~[jetty-rewrite-9.4.44.v20210927.jar:9.4.44.v20210927]
	at org.eclipse.jetty.server.handler.gzip.GzipHandler.handle(GzipHandler.java:763) ~[jetty-server-9.4.44.v20210927.jar:9.4.44.v20210927]
	at org.eclipse.jetty.server.handler.HandlerWrapper.handle(HandlerWrapper.java:127) ~[jetty-server-9.4.44.v20210927.jar:9.4.44.v20210927]
	at org.eclipse.jetty.server.Server.handle(Server.java:516) ~[jetty-server-9.4.44.v20210927.jar:9.4.44.v20210927]
	at org.eclipse.jetty.server.HttpChannel.lambda$handle$1(HttpChannel.java:400) ~[jetty-server-9.4.44.v20210927.jar:9.4.44.v20210927]
	at org.eclipse.jetty.server.HttpChannel.dispatch(HttpChannel.java:645) ~[jetty-server-9.4.44.v20210927.jar:9.4.44.v20210927]
	at org.eclipse.jetty.server.HttpChannel.handle(HttpChannel.java:392) ~[jetty-server-9.4.44.v20210927.jar:9.4.44.v20210927]
	at org.eclipse.jetty.server.HttpConnection.onFillable(HttpConnection.java:277) ~[jetty-server-9.4.44.v20210927.jar:9.4.44.v20210927]
	at org.eclipse.jetty.io.AbstractConnection$ReadCallback.succeeded(AbstractConnection.java:311) ~[jetty-io-9.4.44.v20210927.jar:9.4.44.v20210927]
	at org.eclipse.jetty.io.FillInterest.fillable(FillInterest.java:105) ~[jetty-io-9.4.44.v20210927.jar:9.4.44.v20210927]
	at org.eclipse.jetty.io.ChannelEndPoint$1.run(ChannelEndPoint.java:104) ~[jetty-io-9.4.44.v20210927.jar:9.4.44.v20210927]
	at org.eclipse.jetty.util.thread.strategy.EatWhatYouKill.runTask(EatWhatYouKill.java:338) ~[jetty-util-9.4.44.v20210927.jar:9.4.44.v20210927]
	at org.eclipse.jetty.util.thread.strategy.EatWhatYouKill.doProduce(EatWhatYouKill.java:315) ~[jetty-util-9.4.44.v20210927.jar:9.4.44.v20210927]
	at org.eclipse.jetty.util.thread.strategy.EatWhatYouKill.tryProduce(EatWhatYouKill.java:173) ~[jetty-util-9.4.44.v20210927.jar:9.4.44.v20210927]
	at org.eclipse.jetty.util.thread.strategy.EatWhatYouKill.produce(EatWhatYouKill.java:137) ~[jetty-util-9.4.44.v20210927.jar:9.4.44.v20210927]
	at org.eclipse.jetty.util.thread.QueuedThreadPool.runJob(QueuedThreadPool.java:883) ~[jetty-util-9.4.44.v20210927.jar:9.4.44.v20210927]
	at org.eclipse.jetty.util.thread.QueuedThreadPool$Runner.run(QueuedThreadPool.java:1034) ~[jetty-util-9.4.44.v20210927.jar:9.4.44.v20210927]
	at java.lang.Thread.run(Thread.java:829) [?:?]
2023-05-11 11:58:29.240 INFO  (qtp1332691311-27) [   x:ETDSearch] o.a.s.c.S.Request [ETDSearch]  webapp=/solr path=/schema params={} status=400 QTime=97
2023-05-11 11:59:20.479 INFO  (qtp1332691311-29) [   x:ETDSearch] o.a.s.s.ManagedIndexSchema Upgraded to managed schema at /mnt/g/My Drive/BSc (Hons) CS/CSC5024Z Information Retrieval/ETDsearch/solr-8.11.2/server/solr/ETDSearch/conf/managed-schema
2023-05-11 11:59:20.665 INFO  (qtp1332691311-29) [   x:ETDSearch] o.a.s.c.SolrConfig Using Lucene MatchVersion: 8.11.2
2023-05-11 11:59:20.666 WARN  (qtp1332691311-29) [   x:ETDSearch] o.a.s.c.SolrConfig solrconfig.xml: <jmx> is no longer supported, use solr.xml:/metrics/reporter section instead
2023-05-11 11:59:20.734 INFO  (qtp1332691311-29) [   x:ETDSearch] o.a.s.s.IndexSchema Schema name=default-config
2023-05-11 11:59:20.749 WARN  (qtp1332691311-29) [   x:ETDSearch] o.a.s.s.AbstractSpatialPrefixTreeFieldType FieldType SpatialRecursivePrefixTreeFieldType does not allow omitNorms to be specified in schema, hardcoded behavior is omitNorms=true
2023-05-11 11:59:20.750 WARN  (qtp1332691311-29) [   x:ETDSearch] o.a.s.s.AbstractSpatialPrefixTreeFieldType FieldType SpatialRecursivePrefixTreeFieldType does not allow omitTermFreqAndPositions to be specified in schema, hardcoded behavior is omitTermFreqAndPositions=true
2023-05-11 11:59:20.750 WARN  (qtp1332691311-29) [   x:ETDSearch] o.a.s.s.AbstractSpatialPrefixTreeFieldType FieldType SpatialRecursivePrefixTreeFieldType does not allow termOffsets to be specified in schema, hardcoded behavior is termOffsets=false
2023-05-11 11:59:20.750 WARN  (qtp1332691311-29) [   x:ETDSearch] o.a.s.s.AbstractSpatialPrefixTreeFieldType FieldType SpatialRecursivePrefixTreeFieldType does not allow termPositions to be specified in schema, hardcoded behavior is termPositions=false
2023-05-11 11:59:20.750 WARN  (qtp1332691311-29) [   x:ETDSearch] o.a.s.s.AbstractSpatialPrefixTreeFieldType FieldType SpatialRecursivePrefixTreeFieldType does not allow omitPositions to be specified in schema, hardcoded behavior is omitPositions=true
2023-05-11 11:59:23.120 INFO  (qtp1332691311-29) [   x:ETDSearch] o.a.s.s.IndexSchema Loaded schema default-config/1.6 with uniqueid field id
2023-05-11 11:59:25.559 INFO  (qtp1332691311-29) [   x:ETDSearch] o.a.s.c.CoreContainer Reloading SolrCore 'ETDSearch' using configuration from instancedir /mnt/g/My Drive/BSc (Hons) CS/CSC5024Z Information Retrieval/ETDsearch/solr-8.11.2/server/solr/ETDSearch
2023-05-11 11:59:25.603 INFO  (qtp1332691311-29) [   x:ETDSearch] o.a.s.m.r.SolrJmxReporter JMX monitoring for 'solr.core.ETDSearch' (registry 'solr.core.ETDSearch') enabled at server: com.sun.jmx.mbeanserver.JmxMBeanServer@65987993
2023-05-11 11:59:25.603 INFO  (qtp1332691311-29) [   x:ETDSearch] o.a.s.c.SolrCore [[ETDSearch] ] Opening new SolrCore at [/mnt/g/My Drive/BSc (Hons) CS/CSC5024Z Information Retrieval/ETDsearch/solr-8.11.2/server/solr/ETDSearch], dataDir=[/mnt/g/My Drive/BSc (Hons) CS/CSC5024Z Information Retrieval/ETDsearch/solr-8.11.2/server/solr/ETDSearch/data/]
2023-05-11 11:59:25.986 INFO  (qtp1332691311-29) [   x:ETDSearch] o.a.s.u.CommitTracker Hard AutoCommit: if uncommitted for 15000ms; 
2023-05-11 11:59:25.986 INFO  (qtp1332691311-29) [   x:ETDSearch] o.a.s.u.CommitTracker Soft AutoCommit: disabled
2023-05-11 11:59:26.011 INFO  (qtp1332691311-29) [   x:ETDSearch] o.a.s.r.ManagedResourceStorage File-based storage initialized to use dir: /mnt/g/My Drive/BSc (Hons) CS/CSC5024Z Information Retrieval/ETDsearch/solr-8.11.2/server/solr/ETDSearch/conf
2023-05-11 11:59:26.016 INFO  (qtp1332691311-29) [   x:ETDSearch] o.a.s.h.c.SpellCheckComponent Initializing spell checkers
2023-05-11 11:59:26.016 INFO  (qtp1332691311-29) [   x:ETDSearch] o.a.s.s.DirectSolrSpellChecker init: {name=default,field=_text_,classname=solr.DirectSolrSpellChecker,distanceMeasure=internal,accuracy=0.5,maxQueryFrequency=0.01,maxEdits=2,minPrefix=1,maxInspections=5,minQueryLength=4}
2023-05-11 11:59:26.018 INFO  (qtp1332691311-29) [   x:ETDSearch] o.a.s.h.ReplicationHandler Commits will be reserved for 10000 ms
2023-05-11 11:59:26.019 INFO  (qtp1332691311-29) [   x:ETDSearch] o.a.s.u.UpdateLog Could not find max version in index or recent updates, using new clock 1765598944054738944
2023-05-11 11:59:26.030 INFO  (searcherExecutor-33-thread-1-processing-x:ETDSearch) [   x:ETDSearch] o.a.s.c.QuerySenderListener QuerySenderListener done.
2023-05-11 11:59:26.030 INFO  (searcherExecutor-33-thread-1-processing-x:ETDSearch) [   x:ETDSearch] o.a.s.h.c.SpellCheckComponent Loading spell index for spellchecker: default
2023-05-11 11:59:26.038 INFO  (searcherExecutor-33-thread-1-processing-x:ETDSearch) [   x:ETDSearch] o.a.s.c.SolrCore [ETDSearch]  Registered new searcher autowarm time: 0 ms
2023-05-11 11:59:26.256 INFO  (qtp1332691311-29) [   x:ETDSearch] o.a.s.u.DefaultSolrCoreState New IndexWriter is ready to be used.
2023-05-11 11:59:26.264 INFO  (qtp1332691311-29) [   ] o.a.s.c.S.Request [ETDSearch]  webapp=/solr path=/schema params={} status=0 QTime=8485
2023-05-11 11:59:26.264 INFO  (qtp1332691311-29) [   ] o.a.s.c.SolrCore [ETDSearch]  CLOSING SolrCore org.apache.solr.core.SolrCore@4da33f5d
2023-05-11 11:59:26.264 INFO  (qtp1332691311-29) [   ] o.a.s.m.SolrMetricManager Closing metric reporters for registry=solr.core.ETDSearch tag=SolrCore@4da33f5d
2023-05-11 11:59:26.265 INFO  (qtp1332691311-29) [   ] o.a.s.m.r.SolrJmxReporter Closing reporter [org.apache.solr.metrics.reporters.SolrJmxReporter@622a616d: rootName = null, domain = solr.core.ETDSearch, service url = null, agent id = null] for registry solr.core.ETDSearch/com.codahale.metrics.MetricRegistry@123993ef
2023-05-11 11:59:26.291 INFO  (searcherExecutor-33-thread-1-processing-x:ETDSearch) [   x:ETDSearch] o.a.s.c.QuerySenderListener QuerySenderListener done.
2023-05-11 11:59:26.295 INFO  (searcherExecutor-33-thread-1-processing-x:ETDSearch) [   x:ETDSearch] o.a.s.c.SolrCore [ETDSearch]  Registered new searcher autowarm time: 27 ms
2023-05-11 11:59:35.682 INFO  (qtp1332691311-64) [   ] o.a.s.s.HttpSolrCall [admin] webapp=null path=/admin/cores params={indexInfo=false&wt=json&_=1683806374569} status=0 QTime=5
2023-05-11 11:59:35.695 INFO  (qtp1332691311-62) [   x:ETDSearch] o.a.s.c.S.Request [ETDSearch]  webapp=/solr path=/config params={wt=json&_=1683806375500} status=0 QTime=9
2023-05-11 11:59:35.745 INFO  (qtp1332691311-57) [   x:ETDSearch] o.a.s.c.S.Request [ETDSearch]  webapp=/solr path=/admin/luke params={show=schema&wt=json&_=1683806375500} status=0 QTime=59
2023-05-11 11:59:35.780 INFO  (qtp1332691311-30) [   ] o.a.s.s.HttpSolrCall [admin] webapp=null path=/admin/info/system params={wt=json&_=1683806374570} status=0 QTime=96
2023-05-11 11:59:35.909 INFO  (qtp1332691311-28) [   x:ETDSearch] o.a.s.c.S.Request [ETDSearch]  webapp=/solr path=/admin/luke params={numTerms=0&wt=json&_=1683806375500} status=0 QTime=17
