[2023-05-11T13:56:50.285+0200][0.356s] Heap region size: 1M
[2023-05-11T13:56:50.557+0200][0.628s] Using G1
[2023-05-11T13:56:50.559+0200][0.629s] Heap address: 0x00000000e0000000, size: 512 MB, Compressed Oops mode: 32-bit
[2023-05-11T13:56:50.560+0200][0.631s] Mark closed archive regions in map: [0x00000000fff00000, 0x00000000fff6aff8]
[2023-05-11T13:56:50.561+0200][0.632s] Mark open archive regions in map: [0x00000000ffe00000, 0x00000000ffe47ff8]
[2023-05-11T13:56:59.901+0200][9.972s] GC(0) Pause Young (Normal) (G1 Evacuation Pause)
[2023-05-11T13:56:59.904+0200][9.975s] GC(0) Using 12 workers of 13 for evacuation
[2023-05-11T13:56:59.918+0200][9.989s] GC(0)   Pre Evacuate Collection Set: 0.0ms
[2023-05-11T13:56:59.919+0200][9.990s] GC(0)   Evacuate Collection Set: 9.6ms
[2023-05-11T13:56:59.920+0200][9.991s] GC(0)   Post Evacuate Collection Set: 2.8ms
[2023-05-11T13:56:59.921+0200][9.991s] GC(0)   Other: 4.2ms
[2023-05-11T13:56:59.921+0200][9.992s] GC(0) Eden regions: 30->0(303)
[2023-05-11T13:56:59.922+0200][9.993s] GC(0) Survivor regions: 0->4(4)
[2023-05-11T13:56:59.922+0200][9.993s] GC(0) Old regions: 2->2
[2023-05-11T13:56:59.923+0200][9.994s] GC(0) Humongous regions: 0->0
[2023-05-11T13:56:59.924+0200][9.995s] GC(0) Metaspace: 8357K(8832K)->8357K(8832K) NonClass: 7395K(7680K)->7395K(7680K) Class: 962K(1152K)->962K(1152K)
[2023-05-11T13:56:59.925+0200][9.996s] GC(0) Pause Young (Normal) (G1 Evacuation Pause) 30M->3M(512M) 23.520ms
[2023-05-11T13:56:59.926+0200][9.996s] GC(0) User=0.09s Sys=0.01s Real=0.02s
[2023-05-11T13:57:43.672+0200][53.743s] GC(1) Pause Young (Concurrent Start) (Metadata GC Threshold)
[2023-05-11T13:57:43.674+0200][53.744s] GC(1) Using 13 workers of 13 for evacuation
[2023-05-11T13:57:43.692+0200][53.763s] GC(1)   Pre Evacuate Collection Set: 0.1ms
[2023-05-11T13:57:43.693+0200][53.764s] GC(1)   Evacuate Collection Set: 14.7ms
[2023-05-11T13:57:43.694+0200][53.765s] GC(1)   Post Evacuate Collection Set: 2.4ms
[2023-05-11T13:57:43.695+0200][53.766s] GC(1)   Other: 2.4ms
[2023-05-11T13:57:43.696+0200][53.767s] GC(1) Eden regions: 91->0(82)
[2023-05-11T13:57:43.697+0200][53.768s] GC(1) Survivor regions: 4->20(39)
[2023-05-11T13:57:43.698+0200][53.768s] GC(1) Old regions: 2->2
[2023-05-11T13:57:43.698+0200][53.769s] GC(1) Humongous regions: 4->4
[2023-05-11T13:57:43.699+0200][53.770s] GC(1) Metaspace: 20456K(21296K)->20456K(21296K) NonClass: 18098K(18608K)->18098K(18608K) Class: 2357K(2688K)->2357K(2688K)
[2023-05-11T13:57:43.700+0200][53.771s] GC(1) Pause Young (Concurrent Start) (Metadata GC Threshold) 98M->23M(512M) 27.811ms
[2023-05-11T13:57:43.701+0200][53.772s] GC(1) User=0.09s Sys=0.02s Real=0.03s
[2023-05-11T13:57:43.702+0200][53.773s] GC(2) Concurrent Cycle
[2023-05-11T13:57:43.703+0200][53.774s] GC(2) Concurrent Clear Claimed Marks
[2023-05-11T13:57:43.704+0200][53.774s] GC(2) Concurrent Clear Claimed Marks 0.782ms
[2023-05-11T13:57:43.704+0200][53.775s] GC(2) Concurrent Scan Root Regions
[2023-05-11T13:57:43.710+0200][53.781s] GC(2) Concurrent Scan Root Regions 5.521ms
[2023-05-11T13:57:43.711+0200][53.782s] GC(2) Concurrent Mark (53.782s)
[2023-05-11T13:57:43.712+0200][53.782s] GC(2) Concurrent Mark From Roots
[2023-05-11T13:57:43.712+0200][53.783s] GC(2) Using 3 workers of 3 for marking
[2023-05-11T13:57:43.722+0200][53.793s] GC(2) Concurrent Mark From Roots 10.246ms
[2023-05-11T13:57:43.723+0200][53.793s] GC(2) Concurrent Preclean
[2023-05-11T13:57:43.723+0200][53.794s] GC(2) Concurrent Preclean 0.799ms
[2023-05-11T13:57:43.724+0200][53.795s] GC(2) Concurrent Mark (53.782s, 53.795s) 13.513ms
[2023-05-11T13:57:43.726+0200][53.796s] GC(2) Pause Remark
[2023-05-11T13:57:43.731+0200][53.802s] GC(2) Cleaned string and symbol table, strings: 8810 processed, 0 removed, symbols: 58824 processed, 29 removed
[2023-05-11T13:57:43.732+0200][53.803s] GC(2) Pause Remark 24M->24M(512M) 6.864ms
[2023-05-11T13:57:43.734+0200][53.804s] GC(2) User=0.03s Sys=0.00s Real=0.01s
[2023-05-11T13:57:43.735+0200][53.806s] GC(2) Concurrent Rebuild Remembered Sets
[2023-05-11T13:57:43.738+0200][53.809s] GC(2) Concurrent Rebuild Remembered Sets 3.709ms
[2023-05-11T13:57:43.740+0200][53.811s] GC(2) Pause Cleanup
[2023-05-11T13:57:43.742+0200][53.813s] GC(2) Pause Cleanup 24M->24M(512M) 2.059ms
[2023-05-11T13:57:43.743+0200][53.814s] GC(2) User=0.00s Sys=0.00s Real=0.00s
[2023-05-11T13:57:43.744+0200][53.815s] GC(2) Concurrent Cleanup for Next Mark
[2023-05-11T13:57:43.747+0200][53.818s] GC(2) Concurrent Cleanup for Next Mark 2.528ms
[2023-05-11T13:57:43.748+0200][53.819s] GC(2) Concurrent Cycle 46.131ms
[2023-05-11T13:57:46.826+0200][56.897s] GC(3) Pause Young (Normal) (G1 Evacuation Pause)
[2023-05-11T13:57:46.827+0200][56.898s] GC(3) Using 13 workers of 13 for evacuation
[2023-05-11T13:57:46.846+0200][56.917s] GC(3)   Pre Evacuate Collection Set: 0.0ms
[2023-05-11T13:57:46.847+0200][56.918s] GC(3)   Evacuate Collection Set: 14.9ms
[2023-05-11T13:57:46.848+0200][56.919s] GC(3)   Post Evacuate Collection Set: 2.4ms
[2023-05-11T13:57:46.849+0200][56.920s] GC(3)   Other: 2.1ms
[2023-05-11T13:57:46.850+0200][56.920s] GC(3) Eden regions: 76->0(151)
[2023-05-11T13:57:46.850+0200][56.921s] GC(3) Survivor regions: 20->5(12)
[2023-05-11T13:57:46.851+0200][56.922s] GC(3) Old regions: 2->21
[2023-05-11T13:57:46.852+0200][56.923s] GC(3) Humongous regions: 4->4
[2023-05-11T13:57:46.853+0200][56.924s] GC(3) Metaspace: 29807K(30768K)->29807K(30768K) NonClass: 26406K(27056K)->26406K(27056K) Class: 3401K(3712K)->3401K(3712K)
[2023-05-11T13:57:46.854+0200][56.925s] GC(3) Pause Young (Normal) (G1 Evacuation Pause) 99M->27M(512M) 27.227ms
[2023-05-11T13:57:46.854+0200][56.925s] GC(3) User=0.15s Sys=0.00s Real=0.03s
[2023-05-11T13:57:51.341+0200][61.411s] GC(4) Pause Young (Concurrent Start) (Metadata GC Threshold)
[2023-05-11T13:57:51.341+0200][61.412s] GC(4) Using 13 workers of 13 for evacuation
[2023-05-11T13:57:51.352+0200][61.422s] GC(4)   Pre Evacuate Collection Set: 0.1ms
[2023-05-11T13:57:51.353+0200][61.424s] GC(4)   Evacuate Collection Set: 7.2ms
[2023-05-11T13:57:51.354+0200][61.425s] GC(4)   Post Evacuate Collection Set: 1.7ms
[2023-05-11T13:57:51.354+0200][61.425s] GC(4)   Other: 2.0ms
[2023-05-11T13:57:51.355+0200][61.426s] GC(4) Eden regions: 56->0(227)
[2023-05-11T13:57:51.356+0200][61.427s] GC(4) Survivor regions: 5->7(20)
[2023-05-11T13:57:51.357+0200][61.428s] GC(4) Old regions: 21->21
[2023-05-11T13:57:51.358+0200][61.429s] GC(4) Humongous regions: 4->4
[2023-05-11T13:57:51.359+0200][61.430s] GC(4) Metaspace: 34738K(35888K)->34738K(35888K) NonClass: 30758K(31408K)->30758K(31408K) Class: 3979K(4480K)->3979K(4480K)
[2023-05-11T13:57:51.360+0200][61.431s] GC(4) Pause Young (Concurrent Start) (Metadata GC Threshold) 83M->29M(512M) 19.469ms
[2023-05-11T13:57:51.361+0200][61.432s] GC(4) User=0.09s Sys=0.00s Real=0.02s
[2023-05-11T13:57:51.362+0200][61.433s] GC(5) Concurrent Cycle
[2023-05-11T13:57:51.363+0200][61.434s] GC(5) Concurrent Clear Claimed Marks
[2023-05-11T13:57:51.365+0200][61.436s] GC(5) Concurrent Clear Claimed Marks 1.981ms
[2023-05-11T13:57:51.366+0200][61.437s] GC(5) Concurrent Scan Root Regions
[2023-05-11T13:57:51.370+0200][61.441s] GC(5) Concurrent Scan Root Regions 4.153ms
[2023-05-11T13:57:51.372+0200][61.443s] GC(5) Concurrent Mark (61.442s)
[2023-05-11T13:57:51.373+0200][61.444s] GC(5) Concurrent Mark From Roots
[2023-05-11T13:57:51.374+0200][61.445s] GC(5) Using 3 workers of 3 for marking
[2023-05-11T13:57:51.392+0200][61.462s] GC(5) Concurrent Mark From Roots 18.759ms
[2023-05-11T13:57:51.392+0200][61.463s] GC(5) Concurrent Preclean
[2023-05-11T13:57:51.393+0200][61.464s] GC(5) Concurrent Preclean 1.077ms
[2023-05-11T13:57:51.394+0200][61.465s] GC(5) Concurrent Mark (61.442s, 61.465s) 22.588ms
[2023-05-11T13:57:51.396+0200][61.466s] GC(5) Pause Remark
[2023-05-11T13:57:51.402+0200][61.472s] GC(5) Cleaned string and symbol table, strings: 14691 processed, 27 removed, symbols: 101723 processed, 69 removed
[2023-05-11T13:57:51.403+0200][61.474s] GC(5) Pause Remark 31M->31M(512M) 7.614ms
[2023-05-11T13:57:51.404+0200][61.475s] GC(5) User=0.08s Sys=0.00s Real=0.01s
[2023-05-11T13:57:51.405+0200][61.476s] GC(5) Concurrent Rebuild Remembered Sets
[2023-05-11T13:57:51.415+0200][61.486s] GC(5) Concurrent Rebuild Remembered Sets 9.750ms
[2023-05-11T13:57:51.417+0200][61.487s] GC(5) Pause Cleanup
[2023-05-11T13:57:51.418+0200][61.489s] GC(5) Pause Cleanup 31M->31M(512M) 1.278ms
[2023-05-11T13:57:51.419+0200][61.490s] GC(5) User=0.01s Sys=0.00s Real=0.00s
[2023-05-11T13:57:51.420+0200][61.491s] GC(5) Concurrent Cleanup for Next Mark
[2023-05-11T13:57:51.422+0200][61.493s] GC(5) Concurrent Cleanup for Next Mark 2.186ms
[2023-05-11T13:57:51.423+0200][61.494s] GC(5) Concurrent Cycle 60.809ms
[2023-05-11T13:58:07.979+0200][78.050s] GC(6) Pause Young (Normal) (G1 Evacuation Pause)
[2023-05-11T13:58:07.980+0200][78.051s] GC(6) Using 13 workers of 13 for evacuation
[2023-05-11T13:58:07.995+0200][78.066s] GC(6)   Pre Evacuate Collection Set: 0.0ms
[2023-05-11T13:58:07.996+0200][78.067s] GC(6)   Evacuate Collection Set: 10.0ms
[2023-05-11T13:58:07.997+0200][78.068s] GC(6)   Post Evacuate Collection Set: 3.5ms
[2023-05-11T13:58:07.998+0200][78.069s] GC(6)   Other: 2.3ms
[2023-05-11T13:58:07.999+0200][78.070s] GC(6) Eden regions: 243->0(292)
[2023-05-11T13:58:08.001+0200][78.071s] GC(6) Survivor regions: 7->15(32)
[2023-05-11T13:58:08.002+0200][78.073s] GC(6) Old regions: 21->21
[2023-05-11T13:58:08.003+0200][78.073s] GC(6) Humongous regions: 5->4
[2023-05-11T13:58:08.004+0200][78.074s] GC(6) Metaspace: 42804K(44336K)->42804K(44336K) NonClass: 37809K(38832K)->37809K(38832K) Class: 4994K(5504K)->4994K(5504K)
[2023-05-11T13:58:08.005+0200][78.076s] GC(6) Pause Young (Normal) (G1 Evacuation Pause) 273M->38M(512M) 25.270ms
[2023-05-11T13:58:08.006+0200][78.077s] GC(6) User=0.10s Sys=0.00s Real=0.02s
