2023-05-06 16:47:18.755 INFO  (main) [   ] o.e.j.u.log Logging initialized @1887ms to org.eclipse.jetty.util.log.Slf4jLog
2023-05-06 16:47:19.172 INFO  (main) [   ] o.e.j.s.Server jetty-9.4.44.v20210927; built: 2021-09-27T23:02:44.612Z; git: 8da83308eeca865e495e53ef315a249d63ba9332; jvm 20.0.1+9-29
2023-05-06 16:47:19.191 INFO  (main) [   ] o.e.j.d.p.ScanningAppProvider Deployment monitor [file:///C:/Users/shayl/OneDrive/Documents/Honors/Information%20Retrieval/SOLRTutorial/solr-8.11.2/server/contexts/] at interval 0
2023-05-06 16:47:19.883 INFO  (main) [   ] o.e.j.w.StandardDescriptorProcessor NO JSP Support for /solr, did not find org.apache.jasper.servlet.JspServlet
2023-05-06 16:47:19.900 INFO  (main) [   ] o.e.j.s.session DefaultSessionIdManager workerName=node0
2023-05-06 16:47:19.900 INFO  (main) [   ] o.e.j.s.session No SessionScavenger set, using defaults
2023-05-06 16:47:19.900 INFO  (main) [   ] o.e.j.s.session node0 Scavenging every 660000ms
2023-05-06 16:47:19.965 INFO  (main) [   ] o.a.s.s.SolrDispatchFilter Using logger factory org.apache.logging.slf4j.Log4jLoggerFactory
2023-05-06 16:47:19.965 INFO  (main) [   ] o.a.s.s.SolrDispatchFilter  ___      _       Welcome to Apache Solr™ version 8.11.2
2023-05-06 16:47:19.965 INFO  (main) [   ] o.a.s.s.SolrDispatchFilter / __| ___| |_ _   Starting in standalone mode on port 8983
2023-05-06 16:47:19.973 INFO  (main) [   ] o.a.s.s.SolrDispatchFilter \__ \/ _ \ | '_|  Install dir: C:\Users\shayl\OneDrive\Documents\Honors\Information Retrieval\SOLRTutorial\solr-8.11.2
2023-05-06 16:47:19.973 INFO  (main) [   ] o.a.s.s.SolrDispatchFilter |___/\___/_|_|    Start time: 2023-05-06T16:47:19.973159700Z
2023-05-06 16:47:19.981 INFO  (main) [   ] o.a.s.c.SolrPaths Using system property solr.solr.home: C:\Users\shayl\OneDrive\Documents\Honors\Information Retrieval\SOLRTutorial\solr-8.11.2\example\techproducts\solr
2023-05-06 16:47:19.981 INFO  (main) [   ] o.a.s.c.SolrXmlConfig Loading container configuration from C:\Users\shayl\OneDrive\Documents\Honors\Information Retrieval\SOLRTutorial\solr-8.11.2\example\techproducts\solr\solr.xml
2023-05-06 16:47:20.093 INFO  (main) [   ] o.a.s.c.SolrXmlConfig MBean server found: com.sun.jmx.mbeanserver.JmxMBeanServer@21be3395, but no JMX reporters were configured - adding default JMX reporter.
2023-05-06 16:47:20.728 INFO  (main) [   ] o.a.s.h.c.HttpShardHandlerFactory Host whitelist initialized: WhitelistHostChecker [whitelistHosts=null, whitelistHostCheckingEnabled=true]
2023-05-06 16:47:20.946 WARN  (main) [   ] o.e.j.u.s.S.config Trusting all certificates configured for Client@aa4d8cc[provider=null,keyStore=null,trustStore=null]
2023-05-06 16:47:20.946 WARN  (main) [   ] o.e.j.u.s.S.config No Client EndPointIdentificationAlgorithm configured for Client@aa4d8cc[provider=null,keyStore=null,trustStore=null]
2023-05-06 16:47:21.115 WARN  (main) [   ] o.e.j.u.s.S.config Trusting all certificates configured for Client@733aa9d8[provider=null,keyStore=null,trustStore=null]
2023-05-06 16:47:21.115 WARN  (main) [   ] o.e.j.u.s.S.config No Client EndPointIdentificationAlgorithm configured for Client@733aa9d8[provider=null,keyStore=null,trustStore=null]
2023-05-06 16:47:21.180 WARN  (main) [   ] o.a.s.c.CoreContainer Not all security plugins configured!  authentication=disabled authorization=disabled.  Solr is only as secure as you make it. Consider configuring authentication/authorization before exposing Solr to users internal or external.  See https://s.apache.org/solrsecurity for more info
2023-05-06 16:47:21.349 INFO  (main) [   ] o.a.s.c.TransientSolrCoreCacheDefault Allocating transient core cache for max 2147483647 cores with initial capacity of 1024
2023-05-06 16:47:21.361 INFO  (main) [   ] o.a.s.h.a.MetricsHistoryHandler No .system collection, keeping metrics history in memory.
2023-05-06 16:47:21.430 INFO  (main) [   ] o.a.s.m.r.SolrJmxReporter JMX monitoring for 'solr.node' (registry 'solr.node') enabled at server: com.sun.jmx.mbeanserver.JmxMBeanServer@21be3395
2023-05-06 16:47:21.430 INFO  (main) [   ] o.a.s.m.r.SolrJmxReporter JMX monitoring for 'solr.jvm' (registry 'solr.jvm') enabled at server: com.sun.jmx.mbeanserver.JmxMBeanServer@21be3395
2023-05-06 16:47:21.436 INFO  (main) [   ] o.a.s.m.r.SolrJmxReporter JMX monitoring for 'solr.jetty' (registry 'solr.jetty') enabled at server: com.sun.jmx.mbeanserver.JmxMBeanServer@21be3395
2023-05-06 16:47:21.479 INFO  (main) [   ] o.a.s.c.CorePropertiesLocator Found 1 core definitions underneath C:\Users\shayl\OneDrive\Documents\Honors\Information Retrieval\SOLRTutorial\solr-8.11.2\example\techproducts\solr
2023-05-06 16:47:21.479 INFO  (main) [   ] o.a.s.c.CorePropertiesLocator Cores are: [techproducts]
2023-05-06 16:47:21.536 INFO  (coreLoadExecutor-13-thread-1) [   x:techproducts] o.a.s.c.SolrResourceLoader Added 57 libs to classloader, from paths: [/C:/Users/shayl/OneDrive/Documents/Honors/Information%20Retrieval/SOLRTutorial/solr-8.11.2/contrib/extraction/lib, /C:/Users/shayl/OneDrive/Documents/Honors/Information%20Retrieval/SOLRTutorial/solr-8.11.2/contrib/langid/lib, /C:/Users/shayl/OneDrive/Documents/Honors/Information%20Retrieval/SOLRTutorial/solr-8.11.2/contrib/velocity/lib, /C:/Users/shayl/OneDrive/Documents/Honors/Information%20Retrieval/SOLRTutorial/solr-8.11.2/dist]
2023-05-06 16:47:21.866 INFO  (coreLoadExecutor-13-thread-1) [   x:techproducts] o.a.s.c.SolrConfig Using Lucene MatchVersion: 8.11.2
2023-05-06 16:47:21.885 INFO  (coreLoadExecutor-13-thread-1) [   x:techproducts] o.a.s.u.SolrIndexConfig IndexWriter infoStream solr logging is enabled
2023-05-06 16:47:21.915 WARN  (coreLoadExecutor-13-thread-1) [   x:techproducts] o.a.s.c.SolrConfig solrconfig.xml: <jmx> is no longer supported, use solr.xml:/metrics/reporter section instead
2023-05-06 16:47:22.005 INFO  (coreLoadExecutor-13-thread-1) [   x:techproducts] o.a.s.s.IndexSchema Schema name=example
2023-05-06 16:47:22.338 INFO  (main) [   ] o.e.j.s.h.ContextHandler Started o.e.j.w.WebAppContext@5cc69cfe{/solr,file:///C:/Users/shayl/OneDrive/Documents/Honors/Information%20Retrieval/SOLRTutorial/solr-8.11.2/server/solr-webapp/webapp/,AVAILABLE}{C:\Users\shayl\OneDrive\Documents\Honors\Information Retrieval\SOLRTutorial\solr-8.11.2\server/solr-webapp/webapp}
2023-05-06 16:47:22.374 INFO  (main) [   ] o.e.j.s.AbstractConnector Started ServerConnector@5c87bfe2{HTTP/1.1, (http/1.1, h2c)}{0.0.0.0:8983}
2023-05-06 16:47:22.374 INFO  (main) [   ] o.e.j.s.Server Started @5504ms
2023-05-06 16:47:22.551 INFO  (coreLoadExecutor-13-thread-1) [   x:techproducts] o.a.s.r.RestManager Registered ManagedResource impl org.apache.solr.rest.schema.analysis.ManagedWordSetResource for path /schema/analysis/stopwords/english
2023-05-06 16:47:22.559 INFO  (coreLoadExecutor-13-thread-1) [   x:techproducts] o.a.s.r.RestManager Registered ManagedResource impl org.apache.solr.rest.schema.analysis.ManagedSynonymGraphFilterFactory$SynonymManager for path /schema/analysis/synonyms/english
2023-05-06 16:47:22.559 INFO  (coreLoadExecutor-13-thread-1) [   x:techproducts] o.a.s.r.RestManager Added observer of type org.apache.solr.rest.schema.analysis.ManagedStopFilterFactory to existing ManagedResource /schema/analysis/stopwords/english
2023-05-06 16:47:22.559 INFO  (coreLoadExecutor-13-thread-1) [   x:techproducts] o.a.s.r.RestManager Added observer of type org.apache.solr.rest.schema.analysis.ManagedSynonymGraphFilterFactory to existing ManagedResource /schema/analysis/synonyms/english
2023-05-06 16:47:22.567 INFO  (coreLoadExecutor-13-thread-1) [   x:techproducts] o.a.s.s.IndexSchema Loaded schema example/1.6 with uniqueid field id
2023-05-06 16:47:22.567 INFO  (coreLoadExecutor-13-thread-1) [   x:techproducts] o.a.s.r.RestManager Added observer of type org.apache.solr.rest.schema.analysis.ManagedStopFilterFactory to existing ManagedResource /schema/analysis/stopwords/english
2023-05-06 16:47:22.567 INFO  (coreLoadExecutor-13-thread-1) [   x:techproducts] o.a.s.r.RestManager Added observer of type org.apache.solr.rest.schema.analysis.ManagedSynonymGraphFilterFactory to existing ManagedResource /schema/analysis/synonyms/english
2023-05-06 16:47:22.567 INFO  (coreLoadExecutor-13-thread-1) [   x:techproducts] o.a.s.r.RestManager Added observer of type org.apache.solr.rest.schema.analysis.ManagedStopFilterFactory to existing ManagedResource /schema/analysis/stopwords/english
2023-05-06 16:47:22.567 INFO  (coreLoadExecutor-13-thread-1) [   x:techproducts] o.a.s.r.RestManager Added observer of type org.apache.solr.rest.schema.analysis.ManagedSynonymGraphFilterFactory to existing ManagedResource /schema/analysis/synonyms/english
2023-05-06 16:47:22.673 INFO  (coreLoadExecutor-13-thread-1) [   x:techproducts] o.a.s.c.CoreContainer Creating SolrCore 'techproducts' using configuration from instancedir C:\Users\shayl\OneDrive\Documents\Honors\Information Retrieval\SOLRTutorial\solr-8.11.2\example\techproducts\solr\techproducts, trusted=true
2023-05-06 16:47:22.695 INFO  (coreLoadExecutor-13-thread-1) [   x:techproducts] o.a.s.m.r.SolrJmxReporter JMX monitoring for 'solr.core.techproducts' (registry 'solr.core.techproducts') enabled at server: com.sun.jmx.mbeanserver.JmxMBeanServer@21be3395
2023-05-06 16:47:22.711 INFO  (coreLoadExecutor-13-thread-1) [   x:techproducts] o.a.s.c.SolrCore [[techproducts] ] Opening new SolrCore at [C:\Users\shayl\OneDrive\Documents\Honors\Information Retrieval\SOLRTutorial\solr-8.11.2\example\techproducts\solr\techproducts], dataDir=[C:\Users\shayl\OneDrive\Documents\Honors\Information Retrieval\SOLRTutorial\solr-8.11.2\example\techproducts\solr\techproducts\data\]
2023-05-06 16:47:22.743 INFO  (coreLoadExecutor-13-thread-1) [   x:techproducts] o.a.s.r.XSLTResponseWriter xsltCacheLifetimeSeconds=5
2023-05-06 16:47:23.322 INFO  (coreLoadExecutor-13-thread-1) [   x:techproducts] o.a.s.u.UpdateHandler Using UpdateLog implementation: org.apache.solr.update.UpdateLog
2023-05-06 16:47:23.322 INFO  (coreLoadExecutor-13-thread-1) [   x:techproducts] o.a.s.u.UpdateLog Initializing UpdateLog: dataDir= defaultSyncLevel=FLUSH numRecordsToKeep=100 maxNumLogsToKeep=10 numVersionBuckets=65536
2023-05-06 16:47:23.370 INFO  (coreLoadExecutor-13-thread-1) [   x:techproducts] o.a.s.u.CommitTracker Hard AutoCommit: if uncommitted for 15000ms; 
2023-05-06 16:47:23.370 INFO  (coreLoadExecutor-13-thread-1) [   x:techproducts] o.a.s.u.CommitTracker Soft AutoCommit: disabled
2023-05-06 16:47:23.635 INFO  (coreLoadExecutor-13-thread-1) [   x:techproducts] o.a.s.r.ManagedResourceStorage File-based storage initialized to use dir: C:\Users\shayl\OneDrive\Documents\Honors\Information Retrieval\SOLRTutorial\solr-8.11.2\example\techproducts\solr\techproducts\conf
2023-05-06 16:47:23.643 INFO  (coreLoadExecutor-13-thread-1) [   x:techproducts] o.a.s.r.ManagedResourceStorage Loaded LinkedHashMap at path _rest_managed.json using file:dir=C:\Users\shayl\OneDrive\Documents\Honors\Information Retrieval\SOLRTutorial\solr-8.11.2\example\techproducts\solr\techproducts\conf
2023-05-06 16:47:23.643 INFO  (coreLoadExecutor-13-thread-1) [   x:techproducts] o.a.s.r.ManagedResource Loaded initArgs {} for /rest/managed
2023-05-06 16:47:23.647 INFO  (coreLoadExecutor-13-thread-1) [   x:techproducts] o.a.s.r.ManagedResourceStorage Loaded LinkedHashMap at path _schema_analysis_stopwords_english.json using file:dir=C:\Users\shayl\OneDrive\Documents\Honors\Information Retrieval\SOLRTutorial\solr-8.11.2\example\techproducts\solr\techproducts\conf
2023-05-06 16:47:23.647 INFO  (coreLoadExecutor-13-thread-1) [   x:techproducts] o.a.s.r.ManagedResource Loaded initArgs {ignoreCase=true} for /schema/analysis/stopwords/english
2023-05-06 16:47:23.647 INFO  (coreLoadExecutor-13-thread-1) [   x:techproducts] o.a.s.r.s.a.ManagedWordSetResource Loaded 35 words for /schema/analysis/stopwords/english
2023-05-06 16:47:23.647 INFO  (coreLoadExecutor-13-thread-1) [   x:techproducts] o.a.s.r.ManagedResource Notified 2 observers of /schema/analysis/stopwords/english
2023-05-06 16:47:23.651 INFO  (coreLoadExecutor-13-thread-1) [   x:techproducts] o.a.s.r.ManagedResourceStorage Loaded LinkedHashMap at path _schema_analysis_synonyms_english.json using file:dir=C:\Users\shayl\OneDrive\Documents\Honors\Information Retrieval\SOLRTutorial\solr-8.11.2\example\techproducts\solr\techproducts\conf
2023-05-06 16:47:23.651 INFO  (coreLoadExecutor-13-thread-1) [   x:techproducts] o.a.s.r.ManagedResource Loaded initArgs {ignoreCase=true,format=solr} for /schema/analysis/synonyms/english
2023-05-06 16:47:23.651 INFO  (coreLoadExecutor-13-thread-1) [   x:techproducts] o.a.s.r.s.a.ManagedSynonymGraphFilterFactory Loaded 3 synonym mappings for /schema/analysis/synonyms/english
2023-05-06 16:47:23.651 INFO  (coreLoadExecutor-13-thread-1) [   x:techproducts] o.a.s.r.ManagedResource Notified 2 observers of /schema/analysis/synonyms/english
2023-05-06 16:47:23.667 INFO  (coreLoadExecutor-13-thread-1) [   x:techproducts] o.a.s.h.c.SpellCheckComponent Initializing spell checkers
2023-05-06 16:47:23.675 INFO  (coreLoadExecutor-13-thread-1) [   x:techproducts] o.a.s.s.DirectSolrSpellChecker init: {name=default,field=text,classname=solr.DirectSolrSpellChecker,distanceMeasure=internal,accuracy=0.5,maxQueryFrequency=0.01,maxEdits=2,minPrefix=1,maxInspections=5,minQueryLength=4}
2023-05-06 16:47:23.683 INFO  (coreLoadExecutor-13-thread-1) [   x:techproducts] o.a.s.h.c.SuggestComponent Initializing SuggestComponent
2023-05-06 16:47:23.683 INFO  (coreLoadExecutor-13-thread-1) [   x:techproducts] o.a.s.s.s.SolrSuggester init: {name=mySuggester,lookupImpl=FuzzyLookupFactory,dictionaryImpl=DocumentDictionaryFactory,field=cat,weightField=price,suggestAnalyzerFieldType=string,buildOnStartup=false}
2023-05-06 16:47:23.699 INFO  (coreLoadExecutor-13-thread-1) [   x:techproducts] o.a.s.s.s.SolrSuggester Dictionary loaded with params: {name=mySuggester,lookupImpl=FuzzyLookupFactory,dictionaryImpl=DocumentDictionaryFactory,field=cat,weightField=price,suggestAnalyzerFieldType=string,buildOnStartup=false}
2023-05-06 16:47:23.707 INFO  (coreLoadExecutor-13-thread-1) [   x:techproducts] o.a.s.h.c.QueryElevationComponent Loading QueryElevation from: C:\Users\shayl\OneDrive\Documents\Honors\Information Retrieval\SOLRTutorial\solr-8.11.2\example\techproducts\solr\techproducts\conf\elevate.xml
2023-05-06 16:47:23.723 INFO  (coreLoadExecutor-13-thread-1) [   x:techproducts] o.a.s.h.ReplicationHandler Commits will be reserved for 10000 ms
2023-05-06 16:47:23.835 INFO  (searcherExecutor-15-thread-1-processing-x:techproducts) [   x:techproducts] o.a.s.c.S.Request [techproducts]  webapp=null path=null params={q=static+firstSearcher+warming+in+solrconfig.xml&distrib=false&event=firstSearcher} hits=3 status=0 QTime=88
2023-05-06 16:47:23.851 INFO  (searcherExecutor-15-thread-1-processing-x:techproducts) [   x:techproducts] o.a.s.c.QuerySenderListener QuerySenderListener done.
2023-05-06 16:47:23.851 INFO  (searcherExecutor-15-thread-1-processing-x:techproducts) [   x:techproducts] o.a.s.h.c.SpellCheckComponent Loading spell index for spellchecker: default
2023-05-06 16:47:23.851 INFO  (searcherExecutor-15-thread-1-processing-x:techproducts) [   x:techproducts] o.a.s.h.c.SpellCheckComponent Loading spell index for spellchecker: wordbreak
2023-05-06 16:47:23.868 INFO  (searcherExecutor-15-thread-1-processing-x:techproducts) [   x:techproducts] o.a.s.c.SolrCore [techproducts]  Registered new searcher autowarm time: 0 ms
2023-05-06 16:47:24.140 INFO  (qtp940087898-40) [   ] o.a.s.s.HttpSolrCall [admin] webapp=null path=/admin/info/system params={wt=json} status=0 QTime=81
2023-05-06 16:47:24.382 INFO  (qtp940087898-36) [   ] o.a.s.s.HttpSolrCall [admin] webapp=null path=/admin/info/system params={wt=json} status=0 QTime=87
2023-05-06 16:47:24.484 INFO  (qtp940087898-37) [   ] o.a.s.s.HttpSolrCall [admin] webapp=null path=/admin/cores params={core=techproducts&action=STATUS&wt=json} status=0 QTime=15
2023-05-06 16:47:27.592 INFO  (qtp940087898-41) [   ] o.a.s.s.HttpSolrCall [admin] webapp=null path=/admin/cores params={indexInfo=false&wt=json&_=1683391647240} status=0 QTime=1
2023-05-06 16:47:27.603 INFO  (qtp940087898-40) [   x:techproducts] o.a.s.c.S.Request [techproducts]  webapp=/solr path=/select params={q=*:*&indent=true&q.op=OR&_=1683391647564} hits=32 status=0 QTime=8
2023-05-06 16:47:27.721 INFO  (qtp940087898-39) [   ] o.a.s.s.HttpSolrCall [admin] webapp=null path=/admin/info/system params={wt=json&_=1683391647241} status=0 QTime=130
2023-05-06 16:47:29.980 INFO  (qtp940087898-39) [   x:techproducts] o.a.s.c.S.Request [techproducts]  webapp=/solr path=/select params={q=*:*&indent=true&q.op=OR&_=1683391647564} hits=32 status=0 QTime=1
2023-05-06 16:49:51.228 INFO  (ShutdownMonitor) [   ] o.e.j.s.AbstractConnector Stopped ServerConnector@5c87bfe2{HTTP/1.1, (http/1.1, h2c)}{0.0.0.0:8983}
2023-05-06 16:49:51.228 INFO  (ShutdownMonitor) [   ] o.e.j.s.session node0 Stopped scavenging
2023-05-06 16:49:51.243 INFO  (ShutdownMonitor) [   ] o.a.s.c.CoreContainer Shutting down CoreContainer instance=1558133170
2023-05-06 16:49:51.244 INFO  (coreCloseExecutor-21-thread-1) [   ] o.a.s.c.SolrCore [techproducts]  CLOSING SolrCore org.apache.solr.core.SolrCore@19262e52
2023-05-06 16:49:51.244 INFO  (coreCloseExecutor-21-thread-1) [   ] o.a.s.m.SolrMetricManager Closing metric reporters for registry=solr.core.techproducts tag=SolrCore@19262e52
2023-05-06 16:49:51.244 INFO  (coreCloseExecutor-21-thread-1) [   ] o.a.s.m.r.SolrJmxReporter Closing reporter [org.apache.solr.metrics.reporters.SolrJmxReporter@6801a995: rootName = null, domain = solr.core.techproducts, service url = null, agent id = null] for registry solr.core.techproducts/com.codahale.metrics.MetricRegistry@22fa7dc0
2023-05-06 16:49:51.308 INFO  (coreCloseExecutor-21-thread-1) [   ] o.a.s.u.DirectUpdateHandler2 Committing on IndexWriter.close()  ... SKIPPED (unnecessary).
2023-05-06 16:49:51.369 INFO  (ShutdownMonitor) [   ] o.a.s.m.SolrMetricManager Closing metric reporters for registry=solr.node tag=null
2023-05-06 16:49:51.369 INFO  (ShutdownMonitor) [   ] o.a.s.m.r.SolrJmxReporter Closing reporter [org.apache.solr.metrics.reporters.SolrJmxReporter@3bed3315: rootName = null, domain = solr.node, service url = null, agent id = null] for registry solr.node/com.codahale.metrics.MetricRegistry@4509bd9c
2023-05-06 16:49:51.385 INFO  (ShutdownMonitor) [   ] o.a.s.m.SolrMetricManager Closing metric reporters for registry=solr.jvm tag=null
2023-05-06 16:49:51.385 INFO  (ShutdownMonitor) [   ] o.a.s.m.r.SolrJmxReporter Closing reporter [org.apache.solr.metrics.reporters.SolrJmxReporter@73971965: rootName = null, domain = solr.jvm, service url = null, agent id = null] for registry solr.jvm/com.codahale.metrics.MetricRegistry@389be6ef
2023-05-06 16:49:51.385 INFO  (ShutdownMonitor) [   ] o.a.s.m.SolrMetricManager Closing metric reporters for registry=solr.jetty tag=null
2023-05-06 16:49:51.385 INFO  (ShutdownMonitor) [   ] o.a.s.m.r.SolrJmxReporter Closing reporter [org.apache.solr.metrics.reporters.SolrJmxReporter@76a14c8d: rootName = null, domain = solr.jetty, service url = null, agent id = null] for registry solr.jetty/com.codahale.metrics.MetricRegistry@6bb24939
2023-05-06 16:49:51.424 INFO  (ShutdownMonitor) [   ] o.e.j.s.h.ContextHandler Stopped o.e.j.w.WebAppContext@5cc69cfe{/solr,null,STOPPED}{C:\Users\shayl\OneDrive\Documents\Honors\Information Retrieval\SOLRTutorial\solr-8.11.2\server/solr-webapp/webapp}
